{"__type":"$$EventMessageWorkflow","id":"c23b6119-9f4e-43d8-abab-60c3842bd414","ts":"2025-09-17T21:15:20.378+00:00","eventName":"n8n.workflow.started","message":"n8n.workflow.started","payload":{"executionId":"199","workflowId":"KuUapQxZb2543JZU","isManual":false,"workflowName":"My workflow"}}
{"__type":"$$EventMessageConfirm","confirm":"c23b6119-9f4e-43d8-abab-60c3842bd414","ts":"2025-09-17T21:15:20.383+00:00","source":{"id":"0","name":"eventBus"}}
{"__type":"$$EventMessageNode","id":"48cc8672-d494-41a3-8f45-011989b2dcfa","ts":"2025-09-17T21:15:20.388+00:00","eventName":"n8n.node.started","message":"n8n.node.started","payload":{"workflowId":"KuUapQxZb2543JZU","workflowName":"My workflow","executionId":"199","nodeType":"n8n-nodes-base.manualTrigger","nodeName":"When clicking ‘Execute workflow’","nodeId":"ae584c2a-37bc-4213-87bc-f83ecfca2d00"}}
{"__type":"$$EventMessageConfirm","confirm":"48cc8672-d494-41a3-8f45-011989b2dcfa","ts":"2025-09-17T21:15:20.388+00:00","source":{"id":"0","name":"eventBus"}}
{"__type":"$$EventMessageNode","id":"f1d5f10a-2147-45a6-93b0-b44dd7c9d43d","ts":"2025-09-17T21:15:20.398+00:00","eventName":"n8n.node.finished","message":"n8n.node.finished","payload":{"workflowId":"KuUapQxZb2543JZU","workflowName":"My workflow","executionId":"199","nodeType":"n8n-nodes-base.manualTrigger","nodeName":"When clicking ‘Execute workflow’","nodeId":"ae584c2a-37bc-4213-87bc-f83ecfca2d00"}}
{"__type":"$$EventMessageConfirm","confirm":"f1d5f10a-2147-45a6-93b0-b44dd7c9d43d","ts":"2025-09-17T21:15:20.398+00:00","source":{"id":"0","name":"eventBus"}}
{"__type":"$$EventMessageNode","id":"317a78d7-826b-47db-9bdf-343f641a4c7c","ts":"2025-09-17T21:15:20.399+00:00","eventName":"n8n.node.started","message":"n8n.node.started","payload":{"workflowId":"KuUapQxZb2543JZU","workflowName":"My workflow","executionId":"199","nodeType":"n8n-nodes-base.httpRequest","nodeName":"HTTP Request2","nodeId":"b83aaaa0-afda-420f-aaab-73fc2906fc8a"}}
{"__type":"$$EventMessageConfirm","confirm":"317a78d7-826b-47db-9bdf-343f641a4c7c","ts":"2025-09-17T21:15:20.399+00:00","source":{"id":"0","name":"eventBus"}}
{"__type":"$$EventMessageNode","id":"5bc79877-8031-464d-a87d-a9a64c32664e","ts":"2025-09-17T17:15:20.567-04:00","eventName":"n8n.node.finished","message":"n8n.node.finished","payload":{"workflowId":"KuUapQxZb2543JZU","workflowName":"My workflow","executionId":"199","nodeType":"n8n-nodes-base.httpRequest","nodeName":"HTTP Request2","nodeId":"b83aaaa0-afda-420f-aaab-73fc2906fc8a"}}
{"__type":"$$EventMessageConfirm","confirm":"5bc79877-8031-464d-a87d-a9a64c32664e","ts":"2025-09-17T17:15:20.568-04:00","source":{"id":"0","name":"eventBus"}}
{"__type":"$$EventMessageNode","id":"7959af05-066c-41a8-951b-7589ab0ba763","ts":"2025-09-17T17:15:20.568-04:00","eventName":"n8n.node.started","message":"n8n.node.started","payload":{"workflowId":"KuUapQxZb2543JZU","workflowName":"My workflow","executionId":"199","nodeType":"n8n-nodes-base.httpRequest","nodeName":"HTTP Request1","nodeId":"fef4a9ff-859e-4dd4-887e-dd8a86d8908b"}}
{"__type":"$$EventMessageConfirm","confirm":"7959af05-066c-41a8-951b-7589ab0ba763","ts":"2025-09-17T17:15:20.568-04:00","source":{"id":"0","name":"eventBus"}}
{"__type":"$$EventMessageNode","id":"06a56a60-f5b6-432d-ad69-d12e0b722d66","ts":"2025-09-17T17:15:20.964-04:00","eventName":"n8n.node.finished","message":"n8n.node.finished","payload":{"workflowId":"KuUapQxZb2543JZU","workflowName":"My workflow","executionId":"199","nodeType":"n8n-nodes-base.httpRequest","nodeName":"HTTP Request1","nodeId":"fef4a9ff-859e-4dd4-887e-dd8a86d8908b"}}
{"__type":"$$EventMessageConfirm","confirm":"06a56a60-f5b6-432d-ad69-d12e0b722d66","ts":"2025-09-17T17:15:20.964-04:00","source":{"id":"0","name":"eventBus"}}
{"__type":"$$EventMessageNode","id":"199034c5-7187-4796-9480-1c9696723cfe","ts":"2025-09-17T17:15:20.965-04:00","eventName":"n8n.node.started","message":"n8n.node.started","payload":{"workflowId":"KuUapQxZb2543JZU","workflowName":"My workflow","executionId":"199","nodeType":"n8n-nodes-base.code","nodeName":"Code","nodeId":"d9b97012-4df9-47e0-87c4-cd7bf836afdd"}}
{"__type":"$$EventMessageConfirm","confirm":"199034c5-7187-4796-9480-1c9696723cfe","ts":"2025-09-17T17:15:20.965-04:00","source":{"id":"0","name":"eventBus"}}
{"__type":"$$EventMessageNode","id":"72908bd1-b186-4b86-b346-d4c20c1fbb2f","ts":"2025-09-17T17:15:21.000-04:00","eventName":"n8n.node.finished","message":"n8n.node.finished","payload":{"workflowId":"KuUapQxZb2543JZU","workflowName":"My workflow","executionId":"199","nodeType":"n8n-nodes-base.code","nodeName":"Code","nodeId":"d9b97012-4df9-47e0-87c4-cd7bf836afdd"}}
{"__type":"$$EventMessageConfirm","confirm":"72908bd1-b186-4b86-b346-d4c20c1fbb2f","ts":"2025-09-17T17:15:21.000-04:00","source":{"id":"0","name":"eventBus"}}
{"__type":"$$EventMessageNode","id":"f1feebb3-4b37-448e-9fc1-9f956b99f114","ts":"2025-09-17T17:15:21.007-04:00","eventName":"n8n.node.started","message":"n8n.node.started","payload":{"workflowId":"KuUapQxZb2543JZU","workflowName":"My workflow","executionId":"199","nodeType":"n8n-nodes-base.merge","nodeName":"Merge","nodeId":"eaec499b-21f8-4374-b68a-61d750389d0e"}}
{"__type":"$$EventMessageConfirm","confirm":"f1feebb3-4b37-448e-9fc1-9f956b99f114","ts":"2025-09-17T17:15:21.008-04:00","source":{"id":"0","name":"eventBus"}}
{"__type":"$$EventMessageNode","id":"11d980be-489a-4cb8-a085-e2d95f59ecba","ts":"2025-09-17T17:15:21.047-04:00","eventName":"n8n.node.finished","message":"n8n.node.finished","payload":{"workflowId":"KuUapQxZb2543JZU","workflowName":"My workflow","executionId":"199","nodeType":"n8n-nodes-base.merge","nodeName":"Merge","nodeId":"eaec499b-21f8-4374-b68a-61d750389d0e"}}
{"__type":"$$EventMessageConfirm","confirm":"11d980be-489a-4cb8-a085-e2d95f59ecba","ts":"2025-09-17T17:15:21.048-04:00","source":{"id":"0","name":"eventBus"}}
{"__type":"$$EventMessageNode","id":"0083d6f0-4fd3-49e2-9c74-ed8728a30036","ts":"2025-09-17T17:15:21.048-04:00","eventName":"n8n.node.started","message":"n8n.node.started","payload":{"workflowId":"KuUapQxZb2543JZU","workflowName":"My workflow","executionId":"199","nodeType":"n8n-nodes-base.code","nodeName":"Code1","nodeId":"2b6cb971-61bf-4a14-96c2-5f02b401ea49"}}
{"__type":"$$EventMessageConfirm","confirm":"0083d6f0-4fd3-49e2-9c74-ed8728a30036","ts":"2025-09-17T17:15:21.049-04:00","source":{"id":"0","name":"eventBus"}}
{"__type":"$$EventMessageNode","id":"86e4e943-62bf-4a5c-bef7-84f04cd66371","ts":"2025-09-17T17:15:21.059-04:00","eventName":"n8n.node.finished","message":"n8n.node.finished","payload":{"workflowId":"KuUapQxZb2543JZU","workflowName":"My workflow","executionId":"199","nodeType":"n8n-nodes-base.code","nodeName":"Code1","nodeId":"2b6cb971-61bf-4a14-96c2-5f02b401ea49"}}
{"__type":"$$EventMessageConfirm","confirm":"86e4e943-62bf-4a5c-bef7-84f04cd66371","ts":"2025-09-17T17:15:21.059-04:00","source":{"id":"0","name":"eventBus"}}
{"__type":"$$EventMessageNode","id":"08652cef-2d7f-4844-905d-d9fd6fa70b8b","ts":"2025-09-17T17:15:21.061-04:00","eventName":"n8n.node.started","message":"n8n.node.started","payload":{"workflowId":"KuUapQxZb2543JZU","workflowName":"My workflow","executionId":"199","nodeType":"n8n-nodes-base.httpRequest","nodeName":"HTTP Request","nodeId":"a5a3e3d0-259d-4753-9348-a71efbd5971f"}}
{"__type":"$$EventMessageConfirm","confirm":"08652cef-2d7f-4844-905d-d9fd6fa70b8b","ts":"2025-09-17T17:15:21.061-04:00","source":{"id":"0","name":"eventBus"}}
{"__type":"$$EventMessageNode","id":"d3fa3aa5-cfa5-44ee-95a7-fb6c6822fb71","ts":"2025-09-17T17:15:21.443-04:00","eventName":"n8n.node.finished","message":"n8n.node.finished","payload":{"workflowId":"KuUapQxZb2543JZU","workflowName":"My workflow","executionId":"199","nodeType":"n8n-nodes-base.httpRequest","nodeName":"HTTP Request","nodeId":"a5a3e3d0-259d-4753-9348-a71efbd5971f"}}
{"__type":"$$EventMessageConfirm","confirm":"d3fa3aa5-cfa5-44ee-95a7-fb6c6822fb71","ts":"2025-09-17T17:15:21.444-04:00","source":{"id":"0","name":"eventBus"}}
{"__type":"$$EventMessageNode","id":"ee29b1bc-084a-41bb-97c9-f815c0bac316","ts":"2025-09-17T17:15:21.446-04:00","eventName":"n8n.node.started","message":"n8n.node.started","payload":{"workflowId":"KuUapQxZb2543JZU","workflowName":"My workflow","executionId":"199","nodeType":"n8n-nodes-base.code","nodeName":"Code2","nodeId":"a02a286d-b839-4776-8bf0-160645d845a4"}}
{"__type":"$$EventMessageConfirm","confirm":"ee29b1bc-084a-41bb-97c9-f815c0bac316","ts":"2025-09-17T17:15:21.447-04:00","source":{"id":"0","name":"eventBus"}}
{"__type":"$$EventMessageNode","id":"d36c7d9d-64e5-4b91-8a4d-70eb6bbee4cb","ts":"2025-09-17T17:15:21.464-04:00","eventName":"n8n.node.finished","message":"n8n.node.finished","payload":{"workflowId":"KuUapQxZb2543JZU","workflowName":"My workflow","executionId":"199","nodeType":"n8n-nodes-base.code","nodeName":"Code2","nodeId":"a02a286d-b839-4776-8bf0-160645d845a4"}}
{"__type":"$$EventMessageConfirm","confirm":"d36c7d9d-64e5-4b91-8a4d-70eb6bbee4cb","ts":"2025-09-17T17:15:21.464-04:00","source":{"id":"0","name":"eventBus"}}
{"__type":"$$EventMessageNode","id":"6dc0328e-db48-4fdb-a889-5b68dd4c32fd","ts":"2025-09-17T17:15:21.466-04:00","eventName":"n8n.node.started","message":"n8n.node.started","payload":{"workflowId":"KuUapQxZb2543JZU","workflowName":"My workflow","executionId":"199","nodeType":"n8n-nodes-base.merge","nodeName":"Merge1","nodeId":"c909b640-e716-43a8-9e7d-2b049fc13c6d"}}
{"__type":"$$EventMessageConfirm","confirm":"6dc0328e-db48-4fdb-a889-5b68dd4c32fd","ts":"2025-09-17T17:15:21.466-04:00","source":{"id":"0","name":"eventBus"}}
{"__type":"$$EventMessageNode","id":"85a68491-59c5-41ef-97c3-25ced6d9547c","ts":"2025-09-17T17:15:21.469-04:00","eventName":"n8n.node.finished","message":"n8n.node.finished","payload":{"workflowId":"KuUapQxZb2543JZU","workflowName":"My workflow","executionId":"199","nodeType":"n8n-nodes-base.merge","nodeName":"Merge1","nodeId":"c909b640-e716-43a8-9e7d-2b049fc13c6d"}}
{"__type":"$$EventMessageConfirm","confirm":"85a68491-59c5-41ef-97c3-25ced6d9547c","ts":"2025-09-17T17:15:21.470-04:00","source":{"id":"0","name":"eventBus"}}
{"__type":"$$EventMessageNode","id":"e74e5805-7a9d-4d50-a163-40331ca2c430","ts":"2025-09-17T17:15:21.471-04:00","eventName":"n8n.node.started","message":"n8n.node.started","payload":{"workflowId":"KuUapQxZb2543JZU","workflowName":"My workflow","executionId":"199","nodeType":"n8n-nodes-base.code","nodeName":"Code3","nodeId":"ea52701e-12c7-4be3-ad0f-c6bd7226ee36"}}
{"__type":"$$EventMessageConfirm","confirm":"e74e5805-7a9d-4d50-a163-40331ca2c430","ts":"2025-09-17T17:15:21.471-04:00","source":{"id":"0","name":"eventBus"}}
{"__type":"$$EventMessageNode","id":"fbf68ea3-4c70-4d3f-949c-ce3452f7632f","ts":"2025-09-17T17:15:21.487-04:00","eventName":"n8n.node.finished","message":"n8n.node.finished","payload":{"workflowId":"KuUapQxZb2543JZU","workflowName":"My workflow","executionId":"199","nodeType":"n8n-nodes-base.code","nodeName":"Code3","nodeId":"ea52701e-12c7-4be3-ad0f-c6bd7226ee36"}}
{"__type":"$$EventMessageConfirm","confirm":"fbf68ea3-4c70-4d3f-949c-ce3452f7632f","ts":"2025-09-17T17:15:21.487-04:00","source":{"id":"0","name":"eventBus"}}
{"__type":"$$EventMessageNode","id":"c692df93-05a8-4fff-8bdf-cb2edfab643b","ts":"2025-09-17T17:15:21.493-04:00","eventName":"n8n.node.started","message":"n8n.node.started","payload":{"workflowId":"KuUapQxZb2543JZU","workflowName":"My workflow","executionId":"199","nodeType":"n8n-nodes-base.httpRequest","nodeName":"HTTP Request3","nodeId":"51d49410-14d0-4261-9581-ac6691c916b9"}}
{"__type":"$$EventMessageConfirm","confirm":"c692df93-05a8-4fff-8bdf-cb2edfab643b","ts":"2025-09-17T17:15:21.494-04:00","source":{"id":"0","name":"eventBus"}}
{"__type":"$$EventMessageNode","id":"b0761504-adcc-4ef5-b5ba-ee639a3ab767","ts":"2025-09-17T17:15:22.940-04:00","eventName":"n8n.node.finished","message":"n8n.node.finished","payload":{"workflowId":"KuUapQxZb2543JZU","workflowName":"My workflow","executionId":"199","nodeType":"n8n-nodes-base.httpRequest","nodeName":"HTTP Request3","nodeId":"51d49410-14d0-4261-9581-ac6691c916b9"}}
{"__type":"$$EventMessageConfirm","confirm":"b0761504-adcc-4ef5-b5ba-ee639a3ab767","ts":"2025-09-17T17:15:22.940-04:00","source":{"id":"0","name":"eventBus"}}
{"__type":"$$EventMessageNode","id":"8ca242b8-743a-4f1b-b8f9-2b244c23a7a0","ts":"2025-09-17T17:15:22.943-04:00","eventName":"n8n.node.started","message":"n8n.node.started","payload":{"workflowId":"KuUapQxZb2543JZU","workflowName":"My workflow","executionId":"199","nodeType":"n8n-nodes-base.merge","nodeName":"Merge2","nodeId":"8d289f0c-6f39-426b-865e-8a8cd8f19702"}}
{"__type":"$$EventMessageConfirm","confirm":"8ca242b8-743a-4f1b-b8f9-2b244c23a7a0","ts":"2025-09-17T17:15:22.943-04:00","source":{"id":"0","name":"eventBus"}}
{"__type":"$$EventMessageNode","id":"5c11af20-c2df-4024-ae3a-de420bdda806","ts":"2025-09-17T17:15:22.946-04:00","eventName":"n8n.node.finished","message":"n8n.node.finished","payload":{"workflowId":"KuUapQxZb2543JZU","workflowName":"My workflow","executionId":"199","nodeType":"n8n-nodes-base.merge","nodeName":"Merge2","nodeId":"8d289f0c-6f39-426b-865e-8a8cd8f19702"}}
{"__type":"$$EventMessageConfirm","confirm":"5c11af20-c2df-4024-ae3a-de420bdda806","ts":"2025-09-17T17:15:22.946-04:00","source":{"id":"0","name":"eventBus"}}
{"__type":"$$EventMessageNode","id":"fd92d1c2-002d-4702-bc69-8b65645a495f","ts":"2025-09-17T17:15:22.947-04:00","eventName":"n8n.node.started","message":"n8n.node.started","payload":{"workflowId":"KuUapQxZb2543JZU","workflowName":"My workflow","executionId":"199","nodeType":"n8n-nodes-base.code","nodeName":"Code5","nodeId":"6c229d64-f62f-4f44-bcd3-56e460c398d9"}}
{"__type":"$$EventMessageConfirm","confirm":"fd92d1c2-002d-4702-bc69-8b65645a495f","ts":"2025-09-17T17:15:22.947-04:00","source":{"id":"0","name":"eventBus"}}
{"__type":"$$EventMessageNode","id":"012148e8-ed65-41ed-b3af-dff87f82546f","ts":"2025-09-17T17:15:22.965-04:00","eventName":"n8n.node.finished","message":"n8n.node.finished","payload":{"workflowId":"KuUapQxZb2543JZU","workflowName":"My workflow","executionId":"199","nodeType":"n8n-nodes-base.code","nodeName":"Code5","nodeId":"6c229d64-f62f-4f44-bcd3-56e460c398d9"}}
{"__type":"$$EventMessageConfirm","confirm":"012148e8-ed65-41ed-b3af-dff87f82546f","ts":"2025-09-17T17:15:22.966-04:00","source":{"id":"0","name":"eventBus"}}
{"__type":"$$EventMessageNode","id":"88722959-b4a0-47f6-83ca-a869301f8dcf","ts":"2025-09-17T17:15:22.967-04:00","eventName":"n8n.node.started","message":"n8n.node.started","payload":{"workflowId":"KuUapQxZb2543JZU","workflowName":"My workflow","executionId":"199","nodeType":"n8n-nodes-base.httpRequest","nodeName":"HTTP Request4","nodeId":"01af9683-c45f-47e2-9188-2a2b98be457b"}}
{"__type":"$$EventMessageConfirm","confirm":"88722959-b4a0-47f6-83ca-a869301f8dcf","ts":"2025-09-17T17:15:22.968-04:00","source":{"id":"0","name":"eventBus"}}
{"__type":"$$EventMessageNode","id":"fd83fc16-037b-4e01-9628-2bd198bda696","ts":"2025-09-17T17:15:23.081-04:00","eventName":"n8n.node.finished","message":"n8n.node.finished","payload":{"workflowId":"KuUapQxZb2543JZU","workflowName":"My workflow","executionId":"199","nodeType":"n8n-nodes-base.httpRequest","nodeName":"HTTP Request4","nodeId":"01af9683-c45f-47e2-9188-2a2b98be457b"}}
{"__type":"$$EventMessageConfirm","confirm":"fd83fc16-037b-4e01-9628-2bd198bda696","ts":"2025-09-17T17:15:23.082-04:00","source":{"id":"0","name":"eventBus"}}
{"__type":"$$EventMessageWorkflow","id":"0911cb73-1b37-4413-8ae9-15ba3f20abc4","ts":"2025-09-17T17:15:23.093-04:00","eventName":"n8n.workflow.success","message":"n8n.workflow.success","payload":{"userId":"4dcfbad3-4bf8-4f05-9a1d-60cb622c3452","executionId":"199","success":true,"isManual":true,"workflowId":"KuUapQxZb2543JZU","workflowName":"My workflow"}}
{"__type":"$$EventMessageConfirm","confirm":"0911cb73-1b37-4413-8ae9-15ba3f20abc4","ts":"2025-09-17T17:15:23.094-04:00","source":{"id":"0","name":"eventBus"}}
