{"__type":"$$EventMessageWorkflow","id":"7333ce5d-d4ea-4aa0-a539-2ee42f490d3d","ts":"2025-09-22T05:05:35.142+00:00","eventName":"n8n.workflow.started","message":"n8n.workflow.started","payload":{"executionId":"201","workflowId":"KuUapQxZb2543JZU","isManual":false,"workflowName":"My workflow"}}
{"__type":"$$EventMessageConfirm","confirm":"7333ce5d-d4ea-4aa0-a539-2ee42f490d3d","ts":"2025-09-22T05:05:35.143+00:00","source":{"id":"0","name":"eventBus"}}
{"__type":"$$EventMessageNode","id":"c6120a77-6988-47c0-82da-c354c8c163ab","ts":"2025-09-22T05:05:35.152+00:00","eventName":"n8n.node.started","message":"n8n.node.started","payload":{"workflowId":"KuUapQxZb2543JZU","workflowName":"My workflow","executionId":"201","nodeType":"n8n-nodes-base.scheduleTrigger","nodeName":"Schedule Trigger","nodeId":"c9444233-9929-4fdc-af77-4cab92d7c1e7"}}
{"__type":"$$EventMessageConfirm","confirm":"c6120a77-6988-47c0-82da-c354c8c163ab","ts":"2025-09-22T05:05:35.152+00:00","source":{"id":"0","name":"eventBus"}}
{"__type":"$$EventMessageNode","id":"83932af4-6c6a-4414-bb97-3e6edf1581f8","ts":"2025-09-22T05:05:35.189+00:00","eventName":"n8n.node.finished","message":"n8n.node.finished","payload":{"workflowId":"KuUapQxZb2543JZU","workflowName":"My workflow","executionId":"201","nodeType":"n8n-nodes-base.scheduleTrigger","nodeName":"Schedule Trigger","nodeId":"c9444233-9929-4fdc-af77-4cab92d7c1e7"}}
{"__type":"$$EventMessageConfirm","confirm":"83932af4-6c6a-4414-bb97-3e6edf1581f8","ts":"2025-09-22T05:05:35.190+00:00","source":{"id":"0","name":"eventBus"}}
{"__type":"$$EventMessageNode","id":"fdc2d52d-d66d-414d-bcd5-5a0754141801","ts":"2025-09-22T05:05:35.191+00:00","eventName":"n8n.node.started","message":"n8n.node.started","payload":{"workflowId":"KuUapQxZb2543JZU","workflowName":"My workflow","executionId":"201","nodeType":"n8n-nodes-base.httpRequest","nodeName":"HTTP Request2","nodeId":"b83aaaa0-afda-420f-aaab-73fc2906fc8a"}}
{"__type":"$$EventMessageConfirm","confirm":"fdc2d52d-d66d-414d-bcd5-5a0754141801","ts":"2025-09-22T05:05:35.191+00:00","source":{"id":"0","name":"eventBus"}}
{"__type":"$$EventMessageNode","id":"8515b462-e666-4004-aece-ec78028c479c","ts":"2025-09-22T01:05:35.327-04:00","eventName":"n8n.node.finished","message":"n8n.node.finished","payload":{"workflowId":"KuUapQxZb2543JZU","workflowName":"My workflow","executionId":"201","nodeType":"n8n-nodes-base.httpRequest","nodeName":"HTTP Request2","nodeId":"b83aaaa0-afda-420f-aaab-73fc2906fc8a"}}
{"__type":"$$EventMessageConfirm","confirm":"8515b462-e666-4004-aece-ec78028c479c","ts":"2025-09-22T01:05:35.328-04:00","source":{"id":"0","name":"eventBus"}}
{"__type":"$$EventMessageWorkflow","id":"b21affc9-fea7-4fcb-9577-cac51e59d11b","ts":"2025-09-22T01:05:35.337-04:00","eventName":"n8n.workflow.failed","message":"n8n.workflow.failed","payload":{"userId":"4dcfbad3-4bf8-4f05-9a1d-60cb622c3452","executionId":"201","success":false,"isManual":true,"workflowId":"KuUapQxZb2543JZU","workflowName":"My workflow","lastNodeExecuted":"HTTP Request2","errorNodeType":"n8n-nodes-base.httpRequest","errorMessage":"The service refused the connection - perhaps it is offline"}}
{"__type":"$$EventMessageConfirm","confirm":"b21affc9-fea7-4fcb-9577-cac51e59d11b","ts":"2025-09-22T01:05:35.337-04:00","source":{"id":"0","name":"eventBus"}}
{"__type":"$$EventMessageAudit","id":"3e2a14e6-6b88-4124-a46c-d9d1658ce4ca","ts":"2025-09-22T01:05:35.557-04:00","eventName":"n8n.audit.workflow.updated","message":"n8n.audit.workflow.updated","payload":{"userId":"4dcfbad3-4bf8-4f05-9a1d-60cb622c3452","_email":"programmermoustafa@gmail.com","_firstName":"Moustafa","_lastName":"Haydar","globalRole":"global:owner","workflowId":"KuUapQxZb2543JZU","workflowName":"My workflow"}}
{"__type":"$$EventMessageConfirm","confirm":"3e2a14e6-6b88-4124-a46c-d9d1658ce4ca","ts":"2025-09-22T01:05:35.557-04:00","source":{"id":"0","name":"eventBus"}}
{"__type":"$$EventMessageWorkflow","id":"d9f5cfce-225b-4658-a267-c18722d767dd","ts":"2025-09-22T01:05:40.071-04:00","eventName":"n8n.workflow.started","message":"n8n.workflow.started","payload":{"executionId":"202","workflowId":"KuUapQxZb2543JZU","isManual":false,"workflowName":"My workflow"}}
{"__type":"$$EventMessageConfirm","confirm":"d9f5cfce-225b-4658-a267-c18722d767dd","ts":"2025-09-22T01:05:40.071-04:00","source":{"id":"0","name":"eventBus"}}
{"__type":"$$EventMessageNode","id":"f2e131c2-7e30-4200-b7ac-32a80136832b","ts":"2025-09-22T01:05:40.072-04:00","eventName":"n8n.node.started","message":"n8n.node.started","payload":{"workflowId":"KuUapQxZb2543JZU","workflowName":"My workflow","executionId":"202","nodeType":"n8n-nodes-base.scheduleTrigger","nodeName":"Schedule Trigger","nodeId":"c9444233-9929-4fdc-af77-4cab92d7c1e7"}}
{"__type":"$$EventMessageConfirm","confirm":"f2e131c2-7e30-4200-b7ac-32a80136832b","ts":"2025-09-22T01:05:40.072-04:00","source":{"id":"0","name":"eventBus"}}
{"__type":"$$EventMessageNode","id":"e1f1c174-23b9-4ed0-b1e6-336a936fee53","ts":"2025-09-22T01:05:40.077-04:00","eventName":"n8n.node.finished","message":"n8n.node.finished","payload":{"workflowId":"KuUapQxZb2543JZU","workflowName":"My workflow","executionId":"202","nodeType":"n8n-nodes-base.scheduleTrigger","nodeName":"Schedule Trigger","nodeId":"c9444233-9929-4fdc-af77-4cab92d7c1e7"}}
{"__type":"$$EventMessageConfirm","confirm":"e1f1c174-23b9-4ed0-b1e6-336a936fee53","ts":"2025-09-22T01:05:40.078-04:00","source":{"id":"0","name":"eventBus"}}
{"__type":"$$EventMessageNode","id":"e3a4aeb6-5b74-40db-8f51-73ab207f28df","ts":"2025-09-22T01:05:40.079-04:00","eventName":"n8n.node.started","message":"n8n.node.started","payload":{"workflowId":"KuUapQxZb2543JZU","workflowName":"My workflow","executionId":"202","nodeType":"n8n-nodes-base.httpRequest","nodeName":"HTTP Request2","nodeId":"b83aaaa0-afda-420f-aaab-73fc2906fc8a"}}
{"__type":"$$EventMessageConfirm","confirm":"e3a4aeb6-5b74-40db-8f51-73ab207f28df","ts":"2025-09-22T01:05:40.079-04:00","source":{"id":"0","name":"eventBus"}}
{"__type":"$$EventMessageNode","id":"00ed8140-1d67-4934-9f63-f13e2fa3f0eb","ts":"2025-09-22T01:05:40.094-04:00","eventName":"n8n.node.finished","message":"n8n.node.finished","payload":{"workflowId":"KuUapQxZb2543JZU","workflowName":"My workflow","executionId":"202","nodeType":"n8n-nodes-base.httpRequest","nodeName":"HTTP Request2","nodeId":"b83aaaa0-afda-420f-aaab-73fc2906fc8a"}}
{"__type":"$$EventMessageConfirm","confirm":"00ed8140-1d67-4934-9f63-f13e2fa3f0eb","ts":"2025-09-22T01:05:40.094-04:00","source":{"id":"0","name":"eventBus"}}
{"__type":"$$EventMessageWorkflow","id":"04c3caf1-8a1f-42e2-afa8-6593e7b6576c","ts":"2025-09-22T01:05:40.097-04:00","eventName":"n8n.workflow.failed","message":"n8n.workflow.failed","payload":{"userId":"4dcfbad3-4bf8-4f05-9a1d-60cb622c3452","executionId":"202","success":false,"isManual":true,"workflowId":"KuUapQxZb2543JZU","workflowName":"My workflow","lastNodeExecuted":"HTTP Request2","errorNodeType":"n8n-nodes-base.httpRequest","errorMessage":"The service refused the connection - perhaps it is offline"}}
{"__type":"$$EventMessageConfirm","confirm":"04c3caf1-8a1f-42e2-afa8-6593e7b6576c","ts":"2025-09-22T01:05:40.097-04:00","source":{"id":"0","name":"eventBus"}}
{"__type":"$$EventMessageWorkflow","id":"f4d90991-718f-4747-abd2-7590b94de1c2","ts":"2025-09-22T01:06:12.401-04:00","eventName":"n8n.workflow.started","message":"n8n.workflow.started","payload":{"executionId":"203","workflowId":"KuUapQxZb2543JZU","isManual":false,"workflowName":"My workflow"}}
{"__type":"$$EventMessageConfirm","confirm":"f4d90991-718f-4747-abd2-7590b94de1c2","ts":"2025-09-22T01:06:12.401-04:00","source":{"id":"0","name":"eventBus"}}
{"__type":"$$EventMessageNode","id":"01460f5d-3f46-4d1f-9754-e7846d0ae7dc","ts":"2025-09-22T01:06:12.402-04:00","eventName":"n8n.node.started","message":"n8n.node.started","payload":{"workflowId":"KuUapQxZb2543JZU","workflowName":"My workflow","executionId":"203","nodeType":"n8n-nodes-base.scheduleTrigger","nodeName":"Schedule Trigger","nodeId":"c9444233-9929-4fdc-af77-4cab92d7c1e7"}}
{"__type":"$$EventMessageConfirm","confirm":"01460f5d-3f46-4d1f-9754-e7846d0ae7dc","ts":"2025-09-22T01:06:12.402-04:00","source":{"id":"0","name":"eventBus"}}
{"__type":"$$EventMessageNode","id":"3432c4d0-6005-4668-8081-2c6ed5c803f2","ts":"2025-09-22T01:06:12.405-04:00","eventName":"n8n.node.finished","message":"n8n.node.finished","payload":{"workflowId":"KuUapQxZb2543JZU","workflowName":"My workflow","executionId":"203","nodeType":"n8n-nodes-base.scheduleTrigger","nodeName":"Schedule Trigger","nodeId":"c9444233-9929-4fdc-af77-4cab92d7c1e7"}}
{"__type":"$$EventMessageConfirm","confirm":"3432c4d0-6005-4668-8081-2c6ed5c803f2","ts":"2025-09-22T01:06:12.405-04:00","source":{"id":"0","name":"eventBus"}}
{"__type":"$$EventMessageNode","id":"b159c88f-2627-444b-9601-3051171b648c","ts":"2025-09-22T01:06:12.405-04:00","eventName":"n8n.node.started","message":"n8n.node.started","payload":{"workflowId":"KuUapQxZb2543JZU","workflowName":"My workflow","executionId":"203","nodeType":"n8n-nodes-base.httpRequest","nodeName":"HTTP Request2","nodeId":"b83aaaa0-afda-420f-aaab-73fc2906fc8a"}}
{"__type":"$$EventMessageConfirm","confirm":"b159c88f-2627-444b-9601-3051171b648c","ts":"2025-09-22T01:06:12.406-04:00","source":{"id":"0","name":"eventBus"}}
{"__type":"$$EventMessageNode","id":"28c4eb69-dac4-40ec-8585-2f4dd47e0a64","ts":"2025-09-22T01:06:12.428-04:00","eventName":"n8n.node.finished","message":"n8n.node.finished","payload":{"workflowId":"KuUapQxZb2543JZU","workflowName":"My workflow","executionId":"203","nodeType":"n8n-nodes-base.httpRequest","nodeName":"HTTP Request2","nodeId":"b83aaaa0-afda-420f-aaab-73fc2906fc8a"}}
{"__type":"$$EventMessageConfirm","confirm":"28c4eb69-dac4-40ec-8585-2f4dd47e0a64","ts":"2025-09-22T01:06:12.428-04:00","source":{"id":"0","name":"eventBus"}}
{"__type":"$$EventMessageWorkflow","id":"c6920035-c7be-48d3-98d9-0a83548ec918","ts":"2025-09-22T01:06:12.430-04:00","eventName":"n8n.workflow.failed","message":"n8n.workflow.failed","payload":{"userId":"4dcfbad3-4bf8-4f05-9a1d-60cb622c3452","executionId":"203","success":false,"isManual":true,"workflowId":"KuUapQxZb2543JZU","workflowName":"My workflow","lastNodeExecuted":"HTTP Request2","errorNodeType":"n8n-nodes-base.httpRequest","errorMessage":"The service refused the connection - perhaps it is offline"}}
{"__type":"$$EventMessageConfirm","confirm":"c6920035-c7be-48d3-98d9-0a83548ec918","ts":"2025-09-22T01:06:12.430-04:00","source":{"id":"0","name":"eventBus"}}
{"__type":"$$EventMessageWorkflow","id":"9cafa38f-c822-4701-8074-9e03ab333e31","ts":"2025-09-22T01:06:26.140-04:00","eventName":"n8n.workflow.started","message":"n8n.workflow.started","payload":{"executionId":"204","workflowId":"KuUapQxZb2543JZU","isManual":false,"workflowName":"My workflow"}}
{"__type":"$$EventMessageConfirm","confirm":"9cafa38f-c822-4701-8074-9e03ab333e31","ts":"2025-09-22T01:06:26.140-04:00","source":{"id":"0","name":"eventBus"}}
{"__type":"$$EventMessageNode","id":"c0644ffa-b905-458c-880f-49d898dae410","ts":"2025-09-22T01:06:26.141-04:00","eventName":"n8n.node.started","message":"n8n.node.started","payload":{"workflowId":"KuUapQxZb2543JZU","workflowName":"My workflow","executionId":"204","nodeType":"n8n-nodes-base.scheduleTrigger","nodeName":"Schedule Trigger","nodeId":"c9444233-9929-4fdc-af77-4cab92d7c1e7"}}
{"__type":"$$EventMessageConfirm","confirm":"c0644ffa-b905-458c-880f-49d898dae410","ts":"2025-09-22T01:06:26.141-04:00","source":{"id":"0","name":"eventBus"}}
{"__type":"$$EventMessageNode","id":"ec197c44-066f-4f3a-9a20-571a45d0529c","ts":"2025-09-22T01:06:26.144-04:00","eventName":"n8n.node.finished","message":"n8n.node.finished","payload":{"workflowId":"KuUapQxZb2543JZU","workflowName":"My workflow","executionId":"204","nodeType":"n8n-nodes-base.scheduleTrigger","nodeName":"Schedule Trigger","nodeId":"c9444233-9929-4fdc-af77-4cab92d7c1e7"}}
{"__type":"$$EventMessageConfirm","confirm":"ec197c44-066f-4f3a-9a20-571a45d0529c","ts":"2025-09-22T01:06:26.144-04:00","source":{"id":"0","name":"eventBus"}}
{"__type":"$$EventMessageNode","id":"2459afa6-260f-4f20-a4e1-2214d32d764b","ts":"2025-09-22T01:06:26.145-04:00","eventName":"n8n.node.started","message":"n8n.node.started","payload":{"workflowId":"KuUapQxZb2543JZU","workflowName":"My workflow","executionId":"204","nodeType":"n8n-nodes-base.httpRequest","nodeName":"HTTP Request2","nodeId":"b83aaaa0-afda-420f-aaab-73fc2906fc8a"}}
{"__type":"$$EventMessageConfirm","confirm":"2459afa6-260f-4f20-a4e1-2214d32d764b","ts":"2025-09-22T01:06:26.145-04:00","source":{"id":"0","name":"eventBus"}}
{"__type":"$$EventMessageNode","id":"67e49d72-feed-4c38-a315-1d3f65ad99d7","ts":"2025-09-22T01:06:26.160-04:00","eventName":"n8n.node.finished","message":"n8n.node.finished","payload":{"workflowId":"KuUapQxZb2543JZU","workflowName":"My workflow","executionId":"204","nodeType":"n8n-nodes-base.httpRequest","nodeName":"HTTP Request2","nodeId":"b83aaaa0-afda-420f-aaab-73fc2906fc8a"}}
{"__type":"$$EventMessageConfirm","confirm":"67e49d72-feed-4c38-a315-1d3f65ad99d7","ts":"2025-09-22T01:06:26.160-04:00","source":{"id":"0","name":"eventBus"}}
{"__type":"$$EventMessageWorkflow","id":"99ea5978-b126-4997-b321-77f844e562f9","ts":"2025-09-22T01:06:26.163-04:00","eventName":"n8n.workflow.failed","message":"n8n.workflow.failed","payload":{"userId":"4dcfbad3-4bf8-4f05-9a1d-60cb622c3452","executionId":"204","success":false,"isManual":true,"workflowId":"KuUapQxZb2543JZU","workflowName":"My workflow","lastNodeExecuted":"HTTP Request2","errorNodeType":"n8n-nodes-base.httpRequest","errorMessage":"The service refused the connection - perhaps it is offline"}}
{"__type":"$$EventMessageConfirm","confirm":"99ea5978-b126-4997-b321-77f844e562f9","ts":"2025-09-22T01:06:26.163-04:00","source":{"id":"0","name":"eventBus"}}
{"__type":"$$EventMessageWorkflow","id":"8013c7ae-fa84-4855-825e-5cce08d1762f","ts":"2025-09-22T01:06:41.316-04:00","eventName":"n8n.workflow.started","message":"n8n.workflow.started","payload":{"executionId":"205","workflowId":"KuUapQxZb2543JZU","isManual":false,"workflowName":"My workflow"}}
{"__type":"$$EventMessageConfirm","confirm":"8013c7ae-fa84-4855-825e-5cce08d1762f","ts":"2025-09-22T01:06:41.317-04:00","source":{"id":"0","name":"eventBus"}}
{"__type":"$$EventMessageNode","id":"acd4ba93-2902-41cd-8372-ca70e866235a","ts":"2025-09-22T01:06:41.317-04:00","eventName":"n8n.node.started","message":"n8n.node.started","payload":{"workflowId":"KuUapQxZb2543JZU","workflowName":"My workflow","executionId":"205","nodeType":"n8n-nodes-base.scheduleTrigger","nodeName":"Schedule Trigger","nodeId":"c9444233-9929-4fdc-af77-4cab92d7c1e7"}}
{"__type":"$$EventMessageConfirm","confirm":"acd4ba93-2902-41cd-8372-ca70e866235a","ts":"2025-09-22T01:06:41.317-04:00","source":{"id":"0","name":"eventBus"}}
{"__type":"$$EventMessageNode","id":"0e0bfa44-7062-40af-b7b5-23c7dbaf8f82","ts":"2025-09-22T01:06:41.324-04:00","eventName":"n8n.node.finished","message":"n8n.node.finished","payload":{"workflowId":"KuUapQxZb2543JZU","workflowName":"My workflow","executionId":"205","nodeType":"n8n-nodes-base.scheduleTrigger","nodeName":"Schedule Trigger","nodeId":"c9444233-9929-4fdc-af77-4cab92d7c1e7"}}
{"__type":"$$EventMessageConfirm","confirm":"0e0bfa44-7062-40af-b7b5-23c7dbaf8f82","ts":"2025-09-22T01:06:41.324-04:00","source":{"id":"0","name":"eventBus"}}
{"__type":"$$EventMessageNode","id":"4dd3804f-45ad-4477-ab79-76350e9799e6","ts":"2025-09-22T01:06:41.328-04:00","eventName":"n8n.node.started","message":"n8n.node.started","payload":{"workflowId":"KuUapQxZb2543JZU","workflowName":"My workflow","executionId":"205","nodeType":"n8n-nodes-base.httpRequest","nodeName":"HTTP Request2","nodeId":"b83aaaa0-afda-420f-aaab-73fc2906fc8a"}}
{"__type":"$$EventMessageConfirm","confirm":"4dd3804f-45ad-4477-ab79-76350e9799e6","ts":"2025-09-22T01:06:41.329-04:00","source":{"id":"0","name":"eventBus"}}
{"__type":"$$EventMessageNode","id":"7148f444-309e-4ed6-bcec-0efb99ee2b25","ts":"2025-09-22T01:06:41.347-04:00","eventName":"n8n.node.finished","message":"n8n.node.finished","payload":{"workflowId":"KuUapQxZb2543JZU","workflowName":"My workflow","executionId":"205","nodeType":"n8n-nodes-base.httpRequest","nodeName":"HTTP Request2","nodeId":"b83aaaa0-afda-420f-aaab-73fc2906fc8a"}}
{"__type":"$$EventMessageConfirm","confirm":"7148f444-309e-4ed6-bcec-0efb99ee2b25","ts":"2025-09-22T01:06:41.347-04:00","source":{"id":"0","name":"eventBus"}}
{"__type":"$$EventMessageWorkflow","id":"4b500151-5531-4751-8a74-253bc8c24d7b","ts":"2025-09-22T01:06:41.349-04:00","eventName":"n8n.workflow.failed","message":"n8n.workflow.failed","payload":{"userId":"4dcfbad3-4bf8-4f05-9a1d-60cb622c3452","executionId":"205","success":false,"isManual":true,"workflowId":"KuUapQxZb2543JZU","workflowName":"My workflow","lastNodeExecuted":"HTTP Request2","errorNodeType":"n8n-nodes-base.httpRequest","errorMessage":"The service refused the connection - perhaps it is offline"}}
{"__type":"$$EventMessageConfirm","confirm":"4b500151-5531-4751-8a74-253bc8c24d7b","ts":"2025-09-22T01:06:41.350-04:00","source":{"id":"0","name":"eventBus"}}
{"__type":"$$EventMessageWorkflow","id":"7f1ee27e-20e5-41b3-b3c8-2390713fdb67","ts":"2025-09-22T02:39:04.902-04:00","eventName":"n8n.workflow.started","message":"n8n.workflow.started","payload":{"executionId":"206","workflowId":"KuUapQxZb2543JZU","isManual":false,"workflowName":"My workflow"}}
{"__type":"$$EventMessageConfirm","confirm":"7f1ee27e-20e5-41b3-b3c8-2390713fdb67","ts":"2025-09-22T02:39:04.902-04:00","source":{"id":"0","name":"eventBus"}}
{"__type":"$$EventMessageNode","id":"c0e83796-9c59-4a7f-9945-65e2d6802dbd","ts":"2025-09-22T02:39:04.903-04:00","eventName":"n8n.node.started","message":"n8n.node.started","payload":{"workflowId":"KuUapQxZb2543JZU","workflowName":"My workflow","executionId":"206","nodeType":"n8n-nodes-base.scheduleTrigger","nodeName":"Schedule Trigger","nodeId":"c9444233-9929-4fdc-af77-4cab92d7c1e7"}}
{"__type":"$$EventMessageConfirm","confirm":"c0e83796-9c59-4a7f-9945-65e2d6802dbd","ts":"2025-09-22T02:39:04.903-04:00","source":{"id":"0","name":"eventBus"}}
{"__type":"$$EventMessageNode","id":"a973b269-b1eb-43cd-99c4-4308892c0136","ts":"2025-09-22T02:39:04.905-04:00","eventName":"n8n.node.finished","message":"n8n.node.finished","payload":{"workflowId":"KuUapQxZb2543JZU","workflowName":"My workflow","executionId":"206","nodeType":"n8n-nodes-base.scheduleTrigger","nodeName":"Schedule Trigger","nodeId":"c9444233-9929-4fdc-af77-4cab92d7c1e7"}}
{"__type":"$$EventMessageConfirm","confirm":"a973b269-b1eb-43cd-99c4-4308892c0136","ts":"2025-09-22T02:39:04.905-04:00","source":{"id":"0","name":"eventBus"}}
{"__type":"$$EventMessageNode","id":"590a8a7e-c2d5-47fd-908b-a26516f98567","ts":"2025-09-22T02:39:04.906-04:00","eventName":"n8n.node.started","message":"n8n.node.started","payload":{"workflowId":"KuUapQxZb2543JZU","workflowName":"My workflow","executionId":"206","nodeType":"n8n-nodes-base.httpRequest","nodeName":"HTTP Request2","nodeId":"b83aaaa0-afda-420f-aaab-73fc2906fc8a"}}
{"__type":"$$EventMessageConfirm","confirm":"590a8a7e-c2d5-47fd-908b-a26516f98567","ts":"2025-09-22T02:39:04.906-04:00","source":{"id":"0","name":"eventBus"}}
{"__type":"$$EventMessageNode","id":"39822232-8308-4477-b2b0-61b1a75a6fa1","ts":"2025-09-22T02:39:04.924-04:00","eventName":"n8n.node.finished","message":"n8n.node.finished","payload":{"workflowId":"KuUapQxZb2543JZU","workflowName":"My workflow","executionId":"206","nodeType":"n8n-nodes-base.httpRequest","nodeName":"HTTP Request2","nodeId":"b83aaaa0-afda-420f-aaab-73fc2906fc8a"}}
{"__type":"$$EventMessageConfirm","confirm":"39822232-8308-4477-b2b0-61b1a75a6fa1","ts":"2025-09-22T02:39:04.924-04:00","source":{"id":"0","name":"eventBus"}}
{"__type":"$$EventMessageWorkflow","id":"0af5c9d9-2f50-4c08-9c64-def6d3ef5359","ts":"2025-09-22T02:39:04.928-04:00","eventName":"n8n.workflow.failed","message":"n8n.workflow.failed","payload":{"userId":"4dcfbad3-4bf8-4f05-9a1d-60cb622c3452","executionId":"206","success":false,"isManual":true,"workflowId":"KuUapQxZb2543JZU","workflowName":"My workflow","lastNodeExecuted":"HTTP Request2","errorNodeType":"n8n-nodes-base.httpRequest","errorMessage":"The service refused the connection - perhaps it is offline"}}
{"__type":"$$EventMessageConfirm","confirm":"0af5c9d9-2f50-4c08-9c64-def6d3ef5359","ts":"2025-09-22T02:39:04.928-04:00","source":{"id":"0","name":"eventBus"}}
{"__type":"$$EventMessageWorkflow","id":"8a390ec8-708f-47c3-9d7f-5db46cde2d68","ts":"2025-09-22T02:50:57.782-04:00","eventName":"n8n.workflow.started","message":"n8n.workflow.started","payload":{"executionId":"207","workflowId":"KuUapQxZb2543JZU","isManual":false,"workflowName":"My workflow"}}
{"__type":"$$EventMessageConfirm","confirm":"8a390ec8-708f-47c3-9d7f-5db46cde2d68","ts":"2025-09-22T02:50:57.782-04:00","source":{"id":"0","name":"eventBus"}}
{"__type":"$$EventMessageNode","id":"475bca70-2bbe-4f4a-af98-80cc53949819","ts":"2025-09-22T02:50:57.784-04:00","eventName":"n8n.node.started","message":"n8n.node.started","payload":{"workflowId":"KuUapQxZb2543JZU","workflowName":"My workflow","executionId":"207","nodeType":"n8n-nodes-base.httpRequest","nodeName":"HTTP Request2","nodeId":"b83aaaa0-afda-420f-aaab-73fc2906fc8a"}}
{"__type":"$$EventMessageConfirm","confirm":"475bca70-2bbe-4f4a-af98-80cc53949819","ts":"2025-09-22T02:50:57.784-04:00","source":{"id":"0","name":"eventBus"}}
{"__type":"$$EventMessageNode","id":"5b676622-282f-4cfe-989d-3d3db4de8976","ts":"2025-09-22T02:50:57.875-04:00","eventName":"n8n.node.finished","message":"n8n.node.finished","payload":{"workflowId":"KuUapQxZb2543JZU","workflowName":"My workflow","executionId":"207","nodeType":"n8n-nodes-base.httpRequest","nodeName":"HTTP Request2","nodeId":"b83aaaa0-afda-420f-aaab-73fc2906fc8a"}}
{"__type":"$$EventMessageConfirm","confirm":"5b676622-282f-4cfe-989d-3d3db4de8976","ts":"2025-09-22T02:50:57.875-04:00","source":{"id":"0","name":"eventBus"}}
{"__type":"$$EventMessageWorkflow","id":"11d9d31d-a387-4562-89e7-a5c01f2582df","ts":"2025-09-22T02:50:57.879-04:00","eventName":"n8n.workflow.failed","message":"n8n.workflow.failed","payload":{"userId":"4dcfbad3-4bf8-4f05-9a1d-60cb622c3452","executionId":"207","success":false,"isManual":true,"workflowId":"KuUapQxZb2543JZU","workflowName":"My workflow","lastNodeExecuted":"HTTP Request2","errorNodeType":"n8n-nodes-base.httpRequest","errorMessage":"The service refused the connection - perhaps it is offline"}}
{"__type":"$$EventMessageConfirm","confirm":"11d9d31d-a387-4562-89e7-a5c01f2582df","ts":"2025-09-22T02:50:57.879-04:00","source":{"id":"0","name":"eventBus"}}
{"__type":"$$EventMessageWorkflow","id":"6e8c1536-5fdf-42ac-9eb2-123f4d785f0b","ts":"2025-09-22T02:50:59.646-04:00","eventName":"n8n.workflow.started","message":"n8n.workflow.started","payload":{"executionId":"208","workflowId":"KuUapQxZb2543JZU","isManual":false,"workflowName":"My workflow"}}
{"__type":"$$EventMessageConfirm","confirm":"6e8c1536-5fdf-42ac-9eb2-123f4d785f0b","ts":"2025-09-22T02:50:59.646-04:00","source":{"id":"0","name":"eventBus"}}
{"__type":"$$EventMessageNode","id":"35174791-c069-40b6-8446-26c5b4527bc7","ts":"2025-09-22T02:50:59.647-04:00","eventName":"n8n.node.started","message":"n8n.node.started","payload":{"workflowId":"KuUapQxZb2543JZU","workflowName":"My workflow","executionId":"208","nodeType":"n8n-nodes-base.httpRequest","nodeName":"HTTP Request2","nodeId":"b83aaaa0-afda-420f-aaab-73fc2906fc8a"}}
{"__type":"$$EventMessageConfirm","confirm":"35174791-c069-40b6-8446-26c5b4527bc7","ts":"2025-09-22T02:50:59.647-04:00","source":{"id":"0","name":"eventBus"}}
{"__type":"$$EventMessageNode","id":"85050270-bfed-4eb4-841f-d556b6b70405","ts":"2025-09-22T02:50:59.681-04:00","eventName":"n8n.node.finished","message":"n8n.node.finished","payload":{"workflowId":"KuUapQxZb2543JZU","workflowName":"My workflow","executionId":"208","nodeType":"n8n-nodes-base.httpRequest","nodeName":"HTTP Request2","nodeId":"b83aaaa0-afda-420f-aaab-73fc2906fc8a"}}
{"__type":"$$EventMessageConfirm","confirm":"85050270-bfed-4eb4-841f-d556b6b70405","ts":"2025-09-22T02:50:59.682-04:00","source":{"id":"0","name":"eventBus"}}
{"__type":"$$EventMessageWorkflow","id":"328eed52-e121-4322-88fd-e15e2cb8dfe4","ts":"2025-09-22T02:50:59.684-04:00","eventName":"n8n.workflow.failed","message":"n8n.workflow.failed","payload":{"userId":"4dcfbad3-4bf8-4f05-9a1d-60cb622c3452","executionId":"208","success":false,"isManual":true,"workflowId":"KuUapQxZb2543JZU","workflowName":"My workflow","lastNodeExecuted":"HTTP Request2","errorNodeType":"n8n-nodes-base.httpRequest","errorMessage":"The service refused the connection - perhaps it is offline"}}
{"__type":"$$EventMessageConfirm","confirm":"328eed52-e121-4322-88fd-e15e2cb8dfe4","ts":"2025-09-22T02:50:59.685-04:00","source":{"id":"0","name":"eventBus"}}
{"__type":"$$EventMessageWorkflow","id":"35208232-aec5-4c23-aeca-3b2801be4024","ts":"2025-09-22T02:51:08.603-04:00","eventName":"n8n.workflow.started","message":"n8n.workflow.started","payload":{"executionId":"209","workflowId":"KuUapQxZb2543JZU","isManual":false,"workflowName":"My workflow"}}
{"__type":"$$EventMessageConfirm","confirm":"35208232-aec5-4c23-aeca-3b2801be4024","ts":"2025-09-22T02:51:08.603-04:00","source":{"id":"0","name":"eventBus"}}
{"__type":"$$EventMessageNode","id":"841e0da5-b02d-4336-8d0d-f5e8a3e0cb89","ts":"2025-09-22T02:51:08.605-04:00","eventName":"n8n.node.started","message":"n8n.node.started","payload":{"workflowId":"KuUapQxZb2543JZU","workflowName":"My workflow","executionId":"209","nodeType":"n8n-nodes-base.scheduleTrigger","nodeName":"Schedule Trigger","nodeId":"c9444233-9929-4fdc-af77-4cab92d7c1e7"}}
{"__type":"$$EventMessageConfirm","confirm":"841e0da5-b02d-4336-8d0d-f5e8a3e0cb89","ts":"2025-09-22T02:51:08.605-04:00","source":{"id":"0","name":"eventBus"}}
{"__type":"$$EventMessageNode","id":"d5ec0a15-79f7-4072-bc34-2fe793cc96bc","ts":"2025-09-22T02:51:08.608-04:00","eventName":"n8n.node.finished","message":"n8n.node.finished","payload":{"workflowId":"KuUapQxZb2543JZU","workflowName":"My workflow","executionId":"209","nodeType":"n8n-nodes-base.scheduleTrigger","nodeName":"Schedule Trigger","nodeId":"c9444233-9929-4fdc-af77-4cab92d7c1e7"}}
{"__type":"$$EventMessageConfirm","confirm":"d5ec0a15-79f7-4072-bc34-2fe793cc96bc","ts":"2025-09-22T02:51:08.609-04:00","source":{"id":"0","name":"eventBus"}}
{"__type":"$$EventMessageNode","id":"69acf7bb-62d5-48ed-9ae2-71a12641e5af","ts":"2025-09-22T02:51:08.611-04:00","eventName":"n8n.node.started","message":"n8n.node.started","payload":{"workflowId":"KuUapQxZb2543JZU","workflowName":"My workflow","executionId":"209","nodeType":"n8n-nodes-base.httpRequest","nodeName":"HTTP Request2","nodeId":"b83aaaa0-afda-420f-aaab-73fc2906fc8a"}}
{"__type":"$$EventMessageConfirm","confirm":"69acf7bb-62d5-48ed-9ae2-71a12641e5af","ts":"2025-09-22T02:51:08.611-04:00","source":{"id":"0","name":"eventBus"}}
{"__type":"$$EventMessageNode","id":"d56a4578-c0cd-434b-9775-b2a1523910f7","ts":"2025-09-22T02:51:08.629-04:00","eventName":"n8n.node.finished","message":"n8n.node.finished","payload":{"workflowId":"KuUapQxZb2543JZU","workflowName":"My workflow","executionId":"209","nodeType":"n8n-nodes-base.httpRequest","nodeName":"HTTP Request2","nodeId":"b83aaaa0-afda-420f-aaab-73fc2906fc8a"}}
{"__type":"$$EventMessageConfirm","confirm":"d56a4578-c0cd-434b-9775-b2a1523910f7","ts":"2025-09-22T02:51:08.630-04:00","source":{"id":"0","name":"eventBus"}}
{"__type":"$$EventMessageWorkflow","id":"98773a21-513a-4bc5-95a0-bc4bc6a469cc","ts":"2025-09-22T02:51:08.632-04:00","eventName":"n8n.workflow.failed","message":"n8n.workflow.failed","payload":{"userId":"4dcfbad3-4bf8-4f05-9a1d-60cb622c3452","executionId":"209","success":false,"isManual":true,"workflowId":"KuUapQxZb2543JZU","workflowName":"My workflow","lastNodeExecuted":"HTTP Request2","errorNodeType":"n8n-nodes-base.httpRequest","errorMessage":"The connection to the server was closed unexpectedly, perhaps it is offline. You can retry the request immediately or wait and retry later."}}
{"__type":"$$EventMessageConfirm","confirm":"98773a21-513a-4bc5-95a0-bc4bc6a469cc","ts":"2025-09-22T02:51:08.632-04:00","source":{"id":"0","name":"eventBus"}}
{"__type":"$$EventMessageWorkflow","id":"63a6aa65-f852-4455-9260-ba89d463c66d","ts":"2025-09-22T02:51:11.025-04:00","eventName":"n8n.workflow.started","message":"n8n.workflow.started","payload":{"executionId":"210","workflowId":"KuUapQxZb2543JZU","isManual":false,"workflowName":"My workflow"}}
{"__type":"$$EventMessageConfirm","confirm":"63a6aa65-f852-4455-9260-ba89d463c66d","ts":"2025-09-22T02:51:11.025-04:00","source":{"id":"0","name":"eventBus"}}
{"__type":"$$EventMessageNode","id":"d475c823-5780-44c0-8f42-dfe3303344e1","ts":"2025-09-22T02:51:11.026-04:00","eventName":"n8n.node.started","message":"n8n.node.started","payload":{"workflowId":"KuUapQxZb2543JZU","workflowName":"My workflow","executionId":"210","nodeType":"n8n-nodes-base.scheduleTrigger","nodeName":"Schedule Trigger","nodeId":"c9444233-9929-4fdc-af77-4cab92d7c1e7"}}
{"__type":"$$EventMessageConfirm","confirm":"d475c823-5780-44c0-8f42-dfe3303344e1","ts":"2025-09-22T02:51:11.026-04:00","source":{"id":"0","name":"eventBus"}}
{"__type":"$$EventMessageNode","id":"8a3c7300-ffe0-4bc1-880a-280e7e5925d1","ts":"2025-09-22T02:51:11.029-04:00","eventName":"n8n.node.finished","message":"n8n.node.finished","payload":{"workflowId":"KuUapQxZb2543JZU","workflowName":"My workflow","executionId":"210","nodeType":"n8n-nodes-base.scheduleTrigger","nodeName":"Schedule Trigger","nodeId":"c9444233-9929-4fdc-af77-4cab92d7c1e7"}}
{"__type":"$$EventMessageConfirm","confirm":"8a3c7300-ffe0-4bc1-880a-280e7e5925d1","ts":"2025-09-22T02:51:11.029-04:00","source":{"id":"0","name":"eventBus"}}
{"__type":"$$EventMessageNode","id":"67b33c36-2796-40f2-8837-fc678d80ab8a","ts":"2025-09-22T02:51:11.029-04:00","eventName":"n8n.node.started","message":"n8n.node.started","payload":{"workflowId":"KuUapQxZb2543JZU","workflowName":"My workflow","executionId":"210","nodeType":"n8n-nodes-base.httpRequest","nodeName":"HTTP Request2","nodeId":"b83aaaa0-afda-420f-aaab-73fc2906fc8a"}}
{"__type":"$$EventMessageConfirm","confirm":"67b33c36-2796-40f2-8837-fc678d80ab8a","ts":"2025-09-22T02:51:11.030-04:00","source":{"id":"0","name":"eventBus"}}
{"__type":"$$EventMessageNode","id":"091e21f3-97a5-4fe6-992a-4bc9720986c3","ts":"2025-09-22T02:51:11.061-04:00","eventName":"n8n.node.finished","message":"n8n.node.finished","payload":{"workflowId":"KuUapQxZb2543JZU","workflowName":"My workflow","executionId":"210","nodeType":"n8n-nodes-base.httpRequest","nodeName":"HTTP Request2","nodeId":"b83aaaa0-afda-420f-aaab-73fc2906fc8a"}}
{"__type":"$$EventMessageConfirm","confirm":"091e21f3-97a5-4fe6-992a-4bc9720986c3","ts":"2025-09-22T02:51:11.061-04:00","source":{"id":"0","name":"eventBus"}}
{"__type":"$$EventMessageWorkflow","id":"dd1f858e-4f05-4ef7-8ab6-f93f429b01e6","ts":"2025-09-22T02:51:11.063-04:00","eventName":"n8n.workflow.failed","message":"n8n.workflow.failed","payload":{"userId":"4dcfbad3-4bf8-4f05-9a1d-60cb622c3452","executionId":"210","success":false,"isManual":true,"workflowId":"KuUapQxZb2543JZU","workflowName":"My workflow","lastNodeExecuted":"HTTP Request2","errorNodeType":"n8n-nodes-base.httpRequest","errorMessage":"The connection to the server was closed unexpectedly, perhaps it is offline. You can retry the request immediately or wait and retry later."}}
{"__type":"$$EventMessageConfirm","confirm":"dd1f858e-4f05-4ef7-8ab6-f93f429b01e6","ts":"2025-09-22T02:51:11.064-04:00","source":{"id":"0","name":"eventBus"}}
{"__type":"$$EventMessageWorkflow","id":"26ed7ca1-db74-409c-840b-5b7ac4f844b8","ts":"2025-09-22T02:51:12.409-04:00","eventName":"n8n.workflow.started","message":"n8n.workflow.started","payload":{"executionId":"211","workflowId":"KuUapQxZb2543JZU","isManual":false,"workflowName":"My workflow"}}
{"__type":"$$EventMessageConfirm","confirm":"26ed7ca1-db74-409c-840b-5b7ac4f844b8","ts":"2025-09-22T02:51:12.410-04:00","source":{"id":"0","name":"eventBus"}}
{"__type":"$$EventMessageNode","id":"0034f40b-fd29-4c1e-89de-c992a96c903b","ts":"2025-09-22T02:51:12.410-04:00","eventName":"n8n.node.started","message":"n8n.node.started","payload":{"workflowId":"KuUapQxZb2543JZU","workflowName":"My workflow","executionId":"211","nodeType":"n8n-nodes-base.scheduleTrigger","nodeName":"Schedule Trigger","nodeId":"c9444233-9929-4fdc-af77-4cab92d7c1e7"}}
{"__type":"$$EventMessageConfirm","confirm":"0034f40b-fd29-4c1e-89de-c992a96c903b","ts":"2025-09-22T02:51:12.410-04:00","source":{"id":"0","name":"eventBus"}}
{"__type":"$$EventMessageNode","id":"5d3ca7d0-e9a7-4fad-9194-bc3403526714","ts":"2025-09-22T02:51:12.413-04:00","eventName":"n8n.node.finished","message":"n8n.node.finished","payload":{"workflowId":"KuUapQxZb2543JZU","workflowName":"My workflow","executionId":"211","nodeType":"n8n-nodes-base.scheduleTrigger","nodeName":"Schedule Trigger","nodeId":"c9444233-9929-4fdc-af77-4cab92d7c1e7"}}
{"__type":"$$EventMessageConfirm","confirm":"5d3ca7d0-e9a7-4fad-9194-bc3403526714","ts":"2025-09-22T02:51:12.414-04:00","source":{"id":"0","name":"eventBus"}}
{"__type":"$$EventMessageNode","id":"4c5e9dfe-8c5d-45e5-9c34-8f29f8fd300e","ts":"2025-09-22T02:51:12.414-04:00","eventName":"n8n.node.started","message":"n8n.node.started","payload":{"workflowId":"KuUapQxZb2543JZU","workflowName":"My workflow","executionId":"211","nodeType":"n8n-nodes-base.httpRequest","nodeName":"HTTP Request2","nodeId":"b83aaaa0-afda-420f-aaab-73fc2906fc8a"}}
{"__type":"$$EventMessageConfirm","confirm":"4c5e9dfe-8c5d-45e5-9c34-8f29f8fd300e","ts":"2025-09-22T02:51:12.414-04:00","source":{"id":"0","name":"eventBus"}}
{"__type":"$$EventMessageNode","id":"28318676-0344-4cc6-9783-e676c8b0d848","ts":"2025-09-22T02:51:12.429-04:00","eventName":"n8n.node.finished","message":"n8n.node.finished","payload":{"workflowId":"KuUapQxZb2543JZU","workflowName":"My workflow","executionId":"211","nodeType":"n8n-nodes-base.httpRequest","nodeName":"HTTP Request2","nodeId":"b83aaaa0-afda-420f-aaab-73fc2906fc8a"}}
{"__type":"$$EventMessageConfirm","confirm":"28318676-0344-4cc6-9783-e676c8b0d848","ts":"2025-09-22T02:51:12.429-04:00","source":{"id":"0","name":"eventBus"}}
{"__type":"$$EventMessageWorkflow","id":"37140d33-6ee3-486c-b8c6-b92cbaedd654","ts":"2025-09-22T02:51:12.431-04:00","eventName":"n8n.workflow.failed","message":"n8n.workflow.failed","payload":{"userId":"4dcfbad3-4bf8-4f05-9a1d-60cb622c3452","executionId":"211","success":false,"isManual":true,"workflowId":"KuUapQxZb2543JZU","workflowName":"My workflow","lastNodeExecuted":"HTTP Request2","errorNodeType":"n8n-nodes-base.httpRequest","errorMessage":"The connection to the server was closed unexpectedly, perhaps it is offline. You can retry the request immediately or wait and retry later."}}
{"__type":"$$EventMessageConfirm","confirm":"37140d33-6ee3-486c-b8c6-b92cbaedd654","ts":"2025-09-22T02:51:12.432-04:00","source":{"id":"0","name":"eventBus"}}
{"__type":"$$EventMessageWorkflow","id":"ece5e49b-0634-476c-bac5-5193038b0661","ts":"2025-09-22T02:51:28.523-04:00","eventName":"n8n.workflow.started","message":"n8n.workflow.started","payload":{"executionId":"212","workflowId":"KuUapQxZb2543JZU","isManual":false,"workflowName":"My workflow"}}
{"__type":"$$EventMessageConfirm","confirm":"ece5e49b-0634-476c-bac5-5193038b0661","ts":"2025-09-22T02:51:28.524-04:00","source":{"id":"0","name":"eventBus"}}
{"__type":"$$EventMessageNode","id":"2e69982c-f9d6-45e2-bc25-c3fd778a975c","ts":"2025-09-22T02:51:28.524-04:00","eventName":"n8n.node.started","message":"n8n.node.started","payload":{"workflowId":"KuUapQxZb2543JZU","workflowName":"My workflow","executionId":"212","nodeType":"n8n-nodes-base.scheduleTrigger","nodeName":"Schedule Trigger","nodeId":"c9444233-9929-4fdc-af77-4cab92d7c1e7"}}
{"__type":"$$EventMessageConfirm","confirm":"2e69982c-f9d6-45e2-bc25-c3fd778a975c","ts":"2025-09-22T02:51:28.524-04:00","source":{"id":"0","name":"eventBus"}}
{"__type":"$$EventMessageNode","id":"694dda79-2453-49a8-a890-75f909883ad7","ts":"2025-09-22T02:51:28.526-04:00","eventName":"n8n.node.finished","message":"n8n.node.finished","payload":{"workflowId":"KuUapQxZb2543JZU","workflowName":"My workflow","executionId":"212","nodeType":"n8n-nodes-base.scheduleTrigger","nodeName":"Schedule Trigger","nodeId":"c9444233-9929-4fdc-af77-4cab92d7c1e7"}}
{"__type":"$$EventMessageConfirm","confirm":"694dda79-2453-49a8-a890-75f909883ad7","ts":"2025-09-22T02:51:28.526-04:00","source":{"id":"0","name":"eventBus"}}
{"__type":"$$EventMessageNode","id":"26e673db-553c-4d60-93d5-639dce64d2fb","ts":"2025-09-22T02:51:28.527-04:00","eventName":"n8n.node.started","message":"n8n.node.started","payload":{"workflowId":"KuUapQxZb2543JZU","workflowName":"My workflow","executionId":"212","nodeType":"n8n-nodes-base.httpRequest","nodeName":"HTTP Request2","nodeId":"b83aaaa0-afda-420f-aaab-73fc2906fc8a"}}
{"__type":"$$EventMessageConfirm","confirm":"26e673db-553c-4d60-93d5-639dce64d2fb","ts":"2025-09-22T02:51:28.527-04:00","source":{"id":"0","name":"eventBus"}}
{"__type":"$$EventMessageNode","id":"7edf6a03-bab5-4e39-a822-c00ef938d2f8","ts":"2025-09-22T02:51:28.582-04:00","eventName":"n8n.node.finished","message":"n8n.node.finished","payload":{"workflowId":"KuUapQxZb2543JZU","workflowName":"My workflow","executionId":"212","nodeType":"n8n-nodes-base.httpRequest","nodeName":"HTTP Request2","nodeId":"b83aaaa0-afda-420f-aaab-73fc2906fc8a"}}
{"__type":"$$EventMessageConfirm","confirm":"7edf6a03-bab5-4e39-a822-c00ef938d2f8","ts":"2025-09-22T02:51:28.582-04:00","source":{"id":"0","name":"eventBus"}}
{"__type":"$$EventMessageNode","id":"4f55c158-92de-4819-a55d-83814c867233","ts":"2025-09-22T02:51:28.582-04:00","eventName":"n8n.node.started","message":"n8n.node.started","payload":{"workflowId":"KuUapQxZb2543JZU","workflowName":"My workflow","executionId":"212","nodeType":"n8n-nodes-base.httpRequest","nodeName":"HTTP Request1","nodeId":"fef4a9ff-859e-4dd4-887e-dd8a86d8908b"}}
{"__type":"$$EventMessageConfirm","confirm":"4f55c158-92de-4819-a55d-83814c867233","ts":"2025-09-22T02:51:28.582-04:00","source":{"id":"0","name":"eventBus"}}
{"__type":"$$EventMessageNode","id":"bc9f0b9d-3a55-4c7e-b293-5ccd2c46da04","ts":"2025-09-22T02:51:29.249-04:00","eventName":"n8n.node.finished","message":"n8n.node.finished","payload":{"workflowId":"KuUapQxZb2543JZU","workflowName":"My workflow","executionId":"212","nodeType":"n8n-nodes-base.httpRequest","nodeName":"HTTP Request1","nodeId":"fef4a9ff-859e-4dd4-887e-dd8a86d8908b"}}
{"__type":"$$EventMessageConfirm","confirm":"bc9f0b9d-3a55-4c7e-b293-5ccd2c46da04","ts":"2025-09-22T02:51:29.249-04:00","source":{"id":"0","name":"eventBus"}}
{"__type":"$$EventMessageNode","id":"7589bb04-3dda-431f-9891-01fac1e51904","ts":"2025-09-22T02:51:29.250-04:00","eventName":"n8n.node.started","message":"n8n.node.started","payload":{"workflowId":"KuUapQxZb2543JZU","workflowName":"My workflow","executionId":"212","nodeType":"n8n-nodes-base.code","nodeName":"Code","nodeId":"d9b97012-4df9-47e0-87c4-cd7bf836afdd"}}
{"__type":"$$EventMessageConfirm","confirm":"7589bb04-3dda-431f-9891-01fac1e51904","ts":"2025-09-22T02:51:29.250-04:00","source":{"id":"0","name":"eventBus"}}
{"__type":"$$EventMessageNode","id":"2cb51f0e-46dd-4a74-aedc-f54347143074","ts":"2025-09-22T02:51:29.289-04:00","eventName":"n8n.node.finished","message":"n8n.node.finished","payload":{"workflowId":"KuUapQxZb2543JZU","workflowName":"My workflow","executionId":"212","nodeType":"n8n-nodes-base.code","nodeName":"Code","nodeId":"d9b97012-4df9-47e0-87c4-cd7bf836afdd"}}
{"__type":"$$EventMessageConfirm","confirm":"2cb51f0e-46dd-4a74-aedc-f54347143074","ts":"2025-09-22T02:51:29.289-04:00","source":{"id":"0","name":"eventBus"}}
{"__type":"$$EventMessageNode","id":"578a503d-7de8-4bb0-a657-2c5b51dbf6b5","ts":"2025-09-22T02:51:29.291-04:00","eventName":"n8n.node.started","message":"n8n.node.started","payload":{"workflowId":"KuUapQxZb2543JZU","workflowName":"My workflow","executionId":"212","nodeType":"n8n-nodes-base.merge","nodeName":"Merge","nodeId":"eaec499b-21f8-4374-b68a-61d750389d0e"}}
{"__type":"$$EventMessageConfirm","confirm":"578a503d-7de8-4bb0-a657-2c5b51dbf6b5","ts":"2025-09-22T02:51:29.291-04:00","source":{"id":"0","name":"eventBus"}}
{"__type":"$$EventMessageNode","id":"42502110-7bed-4f54-b931-33b863230cf9","ts":"2025-09-22T02:51:29.323-04:00","eventName":"n8n.node.finished","message":"n8n.node.finished","payload":{"workflowId":"KuUapQxZb2543JZU","workflowName":"My workflow","executionId":"212","nodeType":"n8n-nodes-base.merge","nodeName":"Merge","nodeId":"eaec499b-21f8-4374-b68a-61d750389d0e"}}
{"__type":"$$EventMessageConfirm","confirm":"42502110-7bed-4f54-b931-33b863230cf9","ts":"2025-09-22T02:51:29.324-04:00","source":{"id":"0","name":"eventBus"}}
{"__type":"$$EventMessageNode","id":"44cc63b4-3b9a-4b15-bc3d-f6db72d42c86","ts":"2025-09-22T02:51:29.325-04:00","eventName":"n8n.node.started","message":"n8n.node.started","payload":{"workflowId":"KuUapQxZb2543JZU","workflowName":"My workflow","executionId":"212","nodeType":"n8n-nodes-base.code","nodeName":"Code1","nodeId":"2b6cb971-61bf-4a14-96c2-5f02b401ea49"}}
{"__type":"$$EventMessageConfirm","confirm":"44cc63b4-3b9a-4b15-bc3d-f6db72d42c86","ts":"2025-09-22T02:51:29.325-04:00","source":{"id":"0","name":"eventBus"}}
{"__type":"$$EventMessageNode","id":"fae0f1d5-bc7e-4391-9a26-802e3ac9f9e8","ts":"2025-09-22T02:51:29.335-04:00","eventName":"n8n.node.finished","message":"n8n.node.finished","payload":{"workflowId":"KuUapQxZb2543JZU","workflowName":"My workflow","executionId":"212","nodeType":"n8n-nodes-base.code","nodeName":"Code1","nodeId":"2b6cb971-61bf-4a14-96c2-5f02b401ea49"}}
{"__type":"$$EventMessageConfirm","confirm":"fae0f1d5-bc7e-4391-9a26-802e3ac9f9e8","ts":"2025-09-22T02:51:29.336-04:00","source":{"id":"0","name":"eventBus"}}
{"__type":"$$EventMessageNode","id":"9803119e-9216-48ec-80a1-fd4dbea9aa7a","ts":"2025-09-22T02:51:29.337-04:00","eventName":"n8n.node.started","message":"n8n.node.started","payload":{"workflowId":"KuUapQxZb2543JZU","workflowName":"My workflow","executionId":"212","nodeType":"n8n-nodes-base.httpRequest","nodeName":"HTTP Request","nodeId":"a5a3e3d0-259d-4753-9348-a71efbd5971f"}}
{"__type":"$$EventMessageConfirm","confirm":"9803119e-9216-48ec-80a1-fd4dbea9aa7a","ts":"2025-09-22T02:51:29.337-04:00","source":{"id":"0","name":"eventBus"}}
{"__type":"$$EventMessageNode","id":"55ae78de-114e-4ab9-8026-aada929da9ab","ts":"2025-09-22T02:51:29.468-04:00","eventName":"n8n.node.finished","message":"n8n.node.finished","payload":{"workflowId":"KuUapQxZb2543JZU","workflowName":"My workflow","executionId":"212","nodeType":"n8n-nodes-base.httpRequest","nodeName":"HTTP Request","nodeId":"a5a3e3d0-259d-4753-9348-a71efbd5971f"}}
{"__type":"$$EventMessageConfirm","confirm":"55ae78de-114e-4ab9-8026-aada929da9ab","ts":"2025-09-22T02:51:29.469-04:00","source":{"id":"0","name":"eventBus"}}
{"__type":"$$EventMessageNode","id":"0f752d7d-47d1-4638-b397-5810ca40e75b","ts":"2025-09-22T02:51:29.470-04:00","eventName":"n8n.node.started","message":"n8n.node.started","payload":{"workflowId":"KuUapQxZb2543JZU","workflowName":"My workflow","executionId":"212","nodeType":"n8n-nodes-base.code","nodeName":"Code2","nodeId":"a02a286d-b839-4776-8bf0-160645d845a4"}}
{"__type":"$$EventMessageConfirm","confirm":"0f752d7d-47d1-4638-b397-5810ca40e75b","ts":"2025-09-22T02:51:29.470-04:00","source":{"id":"0","name":"eventBus"}}
{"__type":"$$EventMessageNode","id":"b5133d4d-24d0-420f-8351-72782813c0c7","ts":"2025-09-22T02:51:29.487-04:00","eventName":"n8n.node.finished","message":"n8n.node.finished","payload":{"workflowId":"KuUapQxZb2543JZU","workflowName":"My workflow","executionId":"212","nodeType":"n8n-nodes-base.code","nodeName":"Code2","nodeId":"a02a286d-b839-4776-8bf0-160645d845a4"}}
{"__type":"$$EventMessageConfirm","confirm":"b5133d4d-24d0-420f-8351-72782813c0c7","ts":"2025-09-22T02:51:29.487-04:00","source":{"id":"0","name":"eventBus"}}
{"__type":"$$EventMessageNode","id":"a3a81da1-540a-4430-a505-2693bd0fae07","ts":"2025-09-22T02:51:29.489-04:00","eventName":"n8n.node.started","message":"n8n.node.started","payload":{"workflowId":"KuUapQxZb2543JZU","workflowName":"My workflow","executionId":"212","nodeType":"n8n-nodes-base.merge","nodeName":"Merge1","nodeId":"c909b640-e716-43a8-9e7d-2b049fc13c6d"}}
{"__type":"$$EventMessageConfirm","confirm":"a3a81da1-540a-4430-a505-2693bd0fae07","ts":"2025-09-22T02:51:29.490-04:00","source":{"id":"0","name":"eventBus"}}
{"__type":"$$EventMessageNode","id":"398bf679-6bad-4a0b-80ae-7df7611aded8","ts":"2025-09-22T02:51:29.491-04:00","eventName":"n8n.node.finished","message":"n8n.node.finished","payload":{"workflowId":"KuUapQxZb2543JZU","workflowName":"My workflow","executionId":"212","nodeType":"n8n-nodes-base.merge","nodeName":"Merge1","nodeId":"c909b640-e716-43a8-9e7d-2b049fc13c6d"}}
{"__type":"$$EventMessageConfirm","confirm":"398bf679-6bad-4a0b-80ae-7df7611aded8","ts":"2025-09-22T02:51:29.491-04:00","source":{"id":"0","name":"eventBus"}}
{"__type":"$$EventMessageNode","id":"bfb08f74-5af9-49f6-80fa-5e308ee2569c","ts":"2025-09-22T02:51:29.492-04:00","eventName":"n8n.node.started","message":"n8n.node.started","payload":{"workflowId":"KuUapQxZb2543JZU","workflowName":"My workflow","executionId":"212","nodeType":"n8n-nodes-base.code","nodeName":"Code3","nodeId":"ea52701e-12c7-4be3-ad0f-c6bd7226ee36"}}
{"__type":"$$EventMessageConfirm","confirm":"bfb08f74-5af9-49f6-80fa-5e308ee2569c","ts":"2025-09-22T02:51:29.492-04:00","source":{"id":"0","name":"eventBus"}}
{"__type":"$$EventMessageNode","id":"518004ba-9af5-4ece-981b-ec6e16e35212","ts":"2025-09-22T02:51:29.513-04:00","eventName":"n8n.node.finished","message":"n8n.node.finished","payload":{"workflowId":"KuUapQxZb2543JZU","workflowName":"My workflow","executionId":"212","nodeType":"n8n-nodes-base.code","nodeName":"Code3","nodeId":"ea52701e-12c7-4be3-ad0f-c6bd7226ee36"}}
{"__type":"$$EventMessageConfirm","confirm":"518004ba-9af5-4ece-981b-ec6e16e35212","ts":"2025-09-22T02:51:29.513-04:00","source":{"id":"0","name":"eventBus"}}
{"__type":"$$EventMessageNode","id":"86c21f19-7f95-420a-b217-7ec8f4e5ba1a","ts":"2025-09-22T02:51:29.516-04:00","eventName":"n8n.node.started","message":"n8n.node.started","payload":{"workflowId":"KuUapQxZb2543JZU","workflowName":"My workflow","executionId":"212","nodeType":"n8n-nodes-base.httpRequest","nodeName":"HTTP Request3","nodeId":"51d49410-14d0-4261-9581-ac6691c916b9"}}
{"__type":"$$EventMessageConfirm","confirm":"86c21f19-7f95-420a-b217-7ec8f4e5ba1a","ts":"2025-09-22T02:51:29.517-04:00","source":{"id":"0","name":"eventBus"}}
{"__type":"$$EventMessageNode","id":"81faa7b8-991a-4c94-a8d3-a3599abb572c","ts":"2025-09-22T02:51:32.316-04:00","eventName":"n8n.node.finished","message":"n8n.node.finished","payload":{"workflowId":"KuUapQxZb2543JZU","workflowName":"My workflow","executionId":"212","nodeType":"n8n-nodes-base.httpRequest","nodeName":"HTTP Request3","nodeId":"51d49410-14d0-4261-9581-ac6691c916b9"}}
{"__type":"$$EventMessageConfirm","confirm":"81faa7b8-991a-4c94-a8d3-a3599abb572c","ts":"2025-09-22T02:51:32.316-04:00","source":{"id":"0","name":"eventBus"}}
{"__type":"$$EventMessageNode","id":"6597911a-58bb-4d1f-9a5a-3952e7539b52","ts":"2025-09-22T02:51:32.317-04:00","eventName":"n8n.node.started","message":"n8n.node.started","payload":{"workflowId":"KuUapQxZb2543JZU","workflowName":"My workflow","executionId":"212","nodeType":"n8n-nodes-base.merge","nodeName":"Merge2","nodeId":"8d289f0c-6f39-426b-865e-8a8cd8f19702"}}
{"__type":"$$EventMessageConfirm","confirm":"6597911a-58bb-4d1f-9a5a-3952e7539b52","ts":"2025-09-22T02:51:32.317-04:00","source":{"id":"0","name":"eventBus"}}
{"__type":"$$EventMessageNode","id":"f853df14-fe90-4842-93fc-877292ec8009","ts":"2025-09-22T02:51:32.323-04:00","eventName":"n8n.node.finished","message":"n8n.node.finished","payload":{"workflowId":"KuUapQxZb2543JZU","workflowName":"My workflow","executionId":"212","nodeType":"n8n-nodes-base.merge","nodeName":"Merge2","nodeId":"8d289f0c-6f39-426b-865e-8a8cd8f19702"}}
{"__type":"$$EventMessageConfirm","confirm":"f853df14-fe90-4842-93fc-877292ec8009","ts":"2025-09-22T02:51:32.324-04:00","source":{"id":"0","name":"eventBus"}}
{"__type":"$$EventMessageNode","id":"9c3f2d0d-ee07-497b-b441-a1b69645d1c2","ts":"2025-09-22T02:51:32.327-04:00","eventName":"n8n.node.started","message":"n8n.node.started","payload":{"workflowId":"KuUapQxZb2543JZU","workflowName":"My workflow","executionId":"212","nodeType":"n8n-nodes-base.code","nodeName":"Code5","nodeId":"6c229d64-f62f-4f44-bcd3-56e460c398d9"}}
{"__type":"$$EventMessageConfirm","confirm":"9c3f2d0d-ee07-497b-b441-a1b69645d1c2","ts":"2025-09-22T02:51:32.328-04:00","source":{"id":"0","name":"eventBus"}}
{"__type":"$$EventMessageNode","id":"aaf22b33-4c87-44fa-92c7-df2c93221ead","ts":"2025-09-22T02:51:32.347-04:00","eventName":"n8n.node.finished","message":"n8n.node.finished","payload":{"workflowId":"KuUapQxZb2543JZU","workflowName":"My workflow","executionId":"212","nodeType":"n8n-nodes-base.code","nodeName":"Code5","nodeId":"6c229d64-f62f-4f44-bcd3-56e460c398d9"}}
{"__type":"$$EventMessageConfirm","confirm":"aaf22b33-4c87-44fa-92c7-df2c93221ead","ts":"2025-09-22T02:51:32.347-04:00","source":{"id":"0","name":"eventBus"}}
{"__type":"$$EventMessageNode","id":"4ec4c090-6efd-49aa-9adf-c3532a5a701c","ts":"2025-09-22T02:51:32.348-04:00","eventName":"n8n.node.started","message":"n8n.node.started","payload":{"workflowId":"KuUapQxZb2543JZU","workflowName":"My workflow","executionId":"212","nodeType":"n8n-nodes-base.httpRequest","nodeName":"HTTP Request4","nodeId":"01af9683-c45f-47e2-9188-2a2b98be457b"}}
{"__type":"$$EventMessageConfirm","confirm":"4ec4c090-6efd-49aa-9adf-c3532a5a701c","ts":"2025-09-22T02:51:32.349-04:00","source":{"id":"0","name":"eventBus"}}
{"__type":"$$EventMessageNode","id":"f32493d5-a2c7-4f86-89b4-2101c6526578","ts":"2025-09-22T02:51:32.480-04:00","eventName":"n8n.node.finished","message":"n8n.node.finished","payload":{"workflowId":"KuUapQxZb2543JZU","workflowName":"My workflow","executionId":"212","nodeType":"n8n-nodes-base.httpRequest","nodeName":"HTTP Request4","nodeId":"01af9683-c45f-47e2-9188-2a2b98be457b"}}
{"__type":"$$EventMessageConfirm","confirm":"f32493d5-a2c7-4f86-89b4-2101c6526578","ts":"2025-09-22T02:51:32.480-04:00","source":{"id":"0","name":"eventBus"}}
{"__type":"$$EventMessageWorkflow","id":"3e2d86be-4754-4a54-9e05-e3ce0c2b6518","ts":"2025-09-22T02:51:32.489-04:00","eventName":"n8n.workflow.success","message":"n8n.workflow.success","payload":{"userId":"4dcfbad3-4bf8-4f05-9a1d-60cb622c3452","executionId":"212","success":true,"isManual":true,"workflowId":"KuUapQxZb2543JZU","workflowName":"My workflow"}}
{"__type":"$$EventMessageConfirm","confirm":"3e2d86be-4754-4a54-9e05-e3ce0c2b6518","ts":"2025-09-22T02:51:32.489-04:00","source":{"id":"0","name":"eventBus"}}
