{"__type":"$$EventMessageWorkflow","id":"e4605458-7e29-4db9-9b75-c47f75f3e9c6","ts":"2025-09-21T10:41:27.880+00:00","eventName":"n8n.workflow.started","message":"n8n.workflow.started","payload":{"executionId":"200","workflowId":"KuUapQxZb2543JZU","isManual":false,"workflowName":"My workflow"}}
{"__type":"$$EventMessageConfirm","confirm":"e4605458-7e29-4db9-9b75-c47f75f3e9c6","ts":"2025-09-21T10:41:27.888+00:00","source":{"id":"0","name":"eventBus"}}
{"__type":"$$EventMessageNode","id":"2a971fa6-221d-4029-ac92-aa490e487a3d","ts":"2025-09-21T10:41:27.895+00:00","eventName":"n8n.node.started","message":"n8n.node.started","payload":{"workflowId":"KuUapQxZb2543JZU","workflowName":"My workflow","executionId":"200","nodeType":"n8n-nodes-base.manualTrigger","nodeName":"When clicking ‘Execute workflow’","nodeId":"ae584c2a-37bc-4213-87bc-f83ecfca2d00"}}
{"__type":"$$EventMessageConfirm","confirm":"2a971fa6-221d-4029-ac92-aa490e487a3d","ts":"2025-09-21T10:41:27.895+00:00","source":{"id":"0","name":"eventBus"}}
{"__type":"$$EventMessageNode","id":"3920ebeb-973d-4af4-ac67-552fc8113bc1","ts":"2025-09-21T10:41:27.901+00:00","eventName":"n8n.node.finished","message":"n8n.node.finished","payload":{"workflowId":"KuUapQxZb2543JZU","workflowName":"My workflow","executionId":"200","nodeType":"n8n-nodes-base.manualTrigger","nodeName":"When clicking ‘Execute workflow’","nodeId":"ae584c2a-37bc-4213-87bc-f83ecfca2d00"}}
{"__type":"$$EventMessageConfirm","confirm":"3920ebeb-973d-4af4-ac67-552fc8113bc1","ts":"2025-09-21T10:41:27.901+00:00","source":{"id":"0","name":"eventBus"}}
{"__type":"$$EventMessageNode","id":"2e3edd46-572a-4e3d-a1ec-2f59928b4234","ts":"2025-09-21T10:41:27.902+00:00","eventName":"n8n.node.started","message":"n8n.node.started","payload":{"workflowId":"KuUapQxZb2543JZU","workflowName":"My workflow","executionId":"200","nodeType":"n8n-nodes-base.httpRequest","nodeName":"HTTP Request2","nodeId":"b83aaaa0-afda-420f-aaab-73fc2906fc8a"}}
{"__type":"$$EventMessageConfirm","confirm":"2e3edd46-572a-4e3d-a1ec-2f59928b4234","ts":"2025-09-21T10:41:27.902+00:00","source":{"id":"0","name":"eventBus"}}
{"__type":"$$EventMessageNode","id":"f53a6336-be50-49f8-8252-71577888c754","ts":"2025-09-21T06:41:28.129-04:00","eventName":"n8n.node.finished","message":"n8n.node.finished","payload":{"workflowId":"KuUapQxZb2543JZU","workflowName":"My workflow","executionId":"200","nodeType":"n8n-nodes-base.httpRequest","nodeName":"HTTP Request2","nodeId":"b83aaaa0-afda-420f-aaab-73fc2906fc8a"}}
{"__type":"$$EventMessageConfirm","confirm":"f53a6336-be50-49f8-8252-71577888c754","ts":"2025-09-21T06:41:28.129-04:00","source":{"id":"0","name":"eventBus"}}
{"__type":"$$EventMessageNode","id":"5a3d89a1-39a3-4cbe-9b3a-826df038b8b2","ts":"2025-09-21T06:41:28.130-04:00","eventName":"n8n.node.started","message":"n8n.node.started","payload":{"workflowId":"KuUapQxZb2543JZU","workflowName":"My workflow","executionId":"200","nodeType":"n8n-nodes-base.httpRequest","nodeName":"HTTP Request1","nodeId":"fef4a9ff-859e-4dd4-887e-dd8a86d8908b"}}
{"__type":"$$EventMessageConfirm","confirm":"5a3d89a1-39a3-4cbe-9b3a-826df038b8b2","ts":"2025-09-21T06:41:28.130-04:00","source":{"id":"0","name":"eventBus"}}
{"__type":"$$EventMessageNode","id":"e5699765-a79e-4665-a204-398298ef1848","ts":"2025-09-21T06:41:28.538-04:00","eventName":"n8n.node.finished","message":"n8n.node.finished","payload":{"workflowId":"KuUapQxZb2543JZU","workflowName":"My workflow","executionId":"200","nodeType":"n8n-nodes-base.httpRequest","nodeName":"HTTP Request1","nodeId":"fef4a9ff-859e-4dd4-887e-dd8a86d8908b"}}
{"__type":"$$EventMessageConfirm","confirm":"e5699765-a79e-4665-a204-398298ef1848","ts":"2025-09-21T06:41:28.538-04:00","source":{"id":"0","name":"eventBus"}}
{"__type":"$$EventMessageNode","id":"bff4d607-a299-4cab-8b77-50a4bcc3d5fd","ts":"2025-09-21T06:41:28.539-04:00","eventName":"n8n.node.started","message":"n8n.node.started","payload":{"workflowId":"KuUapQxZb2543JZU","workflowName":"My workflow","executionId":"200","nodeType":"n8n-nodes-base.code","nodeName":"Code","nodeId":"d9b97012-4df9-47e0-87c4-cd7bf836afdd"}}
{"__type":"$$EventMessageConfirm","confirm":"bff4d607-a299-4cab-8b77-50a4bcc3d5fd","ts":"2025-09-21T06:41:28.539-04:00","source":{"id":"0","name":"eventBus"}}
{"__type":"$$EventMessageNode","id":"687750f9-f961-44c7-9a05-e5d30c8d97a6","ts":"2025-09-21T06:41:28.570-04:00","eventName":"n8n.node.finished","message":"n8n.node.finished","payload":{"workflowId":"KuUapQxZb2543JZU","workflowName":"My workflow","executionId":"200","nodeType":"n8n-nodes-base.code","nodeName":"Code","nodeId":"d9b97012-4df9-47e0-87c4-cd7bf836afdd"}}
{"__type":"$$EventMessageConfirm","confirm":"687750f9-f961-44c7-9a05-e5d30c8d97a6","ts":"2025-09-21T06:41:28.570-04:00","source":{"id":"0","name":"eventBus"}}
{"__type":"$$EventMessageNode","id":"8e4823d9-106c-406d-89cd-bc797db05ce5","ts":"2025-09-21T06:41:28.571-04:00","eventName":"n8n.node.started","message":"n8n.node.started","payload":{"workflowId":"KuUapQxZb2543JZU","workflowName":"My workflow","executionId":"200","nodeType":"n8n-nodes-base.merge","nodeName":"Merge","nodeId":"eaec499b-21f8-4374-b68a-61d750389d0e"}}
{"__type":"$$EventMessageConfirm","confirm":"8e4823d9-106c-406d-89cd-bc797db05ce5","ts":"2025-09-21T06:41:28.571-04:00","source":{"id":"0","name":"eventBus"}}
{"__type":"$$EventMessageNode","id":"a73f432c-699a-4573-83a0-73ef0f27cd52","ts":"2025-09-21T06:41:28.594-04:00","eventName":"n8n.node.finished","message":"n8n.node.finished","payload":{"workflowId":"KuUapQxZb2543JZU","workflowName":"My workflow","executionId":"200","nodeType":"n8n-nodes-base.merge","nodeName":"Merge","nodeId":"eaec499b-21f8-4374-b68a-61d750389d0e"}}
{"__type":"$$EventMessageConfirm","confirm":"a73f432c-699a-4573-83a0-73ef0f27cd52","ts":"2025-09-21T06:41:28.594-04:00","source":{"id":"0","name":"eventBus"}}
{"__type":"$$EventMessageNode","id":"eb4c31f1-d1e8-4265-b652-cd8d56c50796","ts":"2025-09-21T06:41:28.595-04:00","eventName":"n8n.node.started","message":"n8n.node.started","payload":{"workflowId":"KuUapQxZb2543JZU","workflowName":"My workflow","executionId":"200","nodeType":"n8n-nodes-base.code","nodeName":"Code1","nodeId":"2b6cb971-61bf-4a14-96c2-5f02b401ea49"}}
{"__type":"$$EventMessageConfirm","confirm":"eb4c31f1-d1e8-4265-b652-cd8d56c50796","ts":"2025-09-21T06:41:28.596-04:00","source":{"id":"0","name":"eventBus"}}
{"__type":"$$EventMessageNode","id":"f3b35725-ffcd-4f2e-808f-ea392a679bab","ts":"2025-09-21T06:41:28.604-04:00","eventName":"n8n.node.finished","message":"n8n.node.finished","payload":{"workflowId":"KuUapQxZb2543JZU","workflowName":"My workflow","executionId":"200","nodeType":"n8n-nodes-base.code","nodeName":"Code1","nodeId":"2b6cb971-61bf-4a14-96c2-5f02b401ea49"}}
{"__type":"$$EventMessageConfirm","confirm":"f3b35725-ffcd-4f2e-808f-ea392a679bab","ts":"2025-09-21T06:41:28.605-04:00","source":{"id":"0","name":"eventBus"}}
{"__type":"$$EventMessageNode","id":"11a5ca4d-62a2-4070-8f2b-d7a2afa2545a","ts":"2025-09-21T06:41:28.606-04:00","eventName":"n8n.node.started","message":"n8n.node.started","payload":{"workflowId":"KuUapQxZb2543JZU","workflowName":"My workflow","executionId":"200","nodeType":"n8n-nodes-base.httpRequest","nodeName":"HTTP Request","nodeId":"a5a3e3d0-259d-4753-9348-a71efbd5971f"}}
{"__type":"$$EventMessageConfirm","confirm":"11a5ca4d-62a2-4070-8f2b-d7a2afa2545a","ts":"2025-09-21T06:41:28.606-04:00","source":{"id":"0","name":"eventBus"}}
{"__type":"$$EventMessageNode","id":"2c4a5458-5453-430e-8cdb-7b3694bc0a7d","ts":"2025-09-21T06:41:28.671-04:00","eventName":"n8n.node.finished","message":"n8n.node.finished","payload":{"workflowId":"KuUapQxZb2543JZU","workflowName":"My workflow","executionId":"200","nodeType":"n8n-nodes-base.httpRequest","nodeName":"HTTP Request","nodeId":"a5a3e3d0-259d-4753-9348-a71efbd5971f"}}
{"__type":"$$EventMessageConfirm","confirm":"2c4a5458-5453-430e-8cdb-7b3694bc0a7d","ts":"2025-09-21T06:41:28.671-04:00","source":{"id":"0","name":"eventBus"}}
{"__type":"$$EventMessageNode","id":"f81b7cd9-2927-4d71-bd85-e1e89ec55390","ts":"2025-09-21T06:41:28.672-04:00","eventName":"n8n.node.started","message":"n8n.node.started","payload":{"workflowId":"KuUapQxZb2543JZU","workflowName":"My workflow","executionId":"200","nodeType":"n8n-nodes-base.code","nodeName":"Code2","nodeId":"a02a286d-b839-4776-8bf0-160645d845a4"}}
{"__type":"$$EventMessageConfirm","confirm":"f81b7cd9-2927-4d71-bd85-e1e89ec55390","ts":"2025-09-21T06:41:28.672-04:00","source":{"id":"0","name":"eventBus"}}
{"__type":"$$EventMessageNode","id":"130aeb58-192e-4c25-b564-8f959d4efeec","ts":"2025-09-21T06:41:28.683-04:00","eventName":"n8n.node.finished","message":"n8n.node.finished","payload":{"workflowId":"KuUapQxZb2543JZU","workflowName":"My workflow","executionId":"200","nodeType":"n8n-nodes-base.code","nodeName":"Code2","nodeId":"a02a286d-b839-4776-8bf0-160645d845a4"}}
{"__type":"$$EventMessageConfirm","confirm":"130aeb58-192e-4c25-b564-8f959d4efeec","ts":"2025-09-21T06:41:28.683-04:00","source":{"id":"0","name":"eventBus"}}
{"__type":"$$EventMessageNode","id":"56d3f6de-2c5d-4164-aba7-180cf8fbe1cf","ts":"2025-09-21T06:41:28.687-04:00","eventName":"n8n.node.started","message":"n8n.node.started","payload":{"workflowId":"KuUapQxZb2543JZU","workflowName":"My workflow","executionId":"200","nodeType":"n8n-nodes-base.merge","nodeName":"Merge1","nodeId":"c909b640-e716-43a8-9e7d-2b049fc13c6d"}}
{"__type":"$$EventMessageConfirm","confirm":"56d3f6de-2c5d-4164-aba7-180cf8fbe1cf","ts":"2025-09-21T06:41:28.687-04:00","source":{"id":"0","name":"eventBus"}}
{"__type":"$$EventMessageNode","id":"30146bcc-5cd1-4246-875b-9ea89e99a582","ts":"2025-09-21T06:41:28.689-04:00","eventName":"n8n.node.finished","message":"n8n.node.finished","payload":{"workflowId":"KuUapQxZb2543JZU","workflowName":"My workflow","executionId":"200","nodeType":"n8n-nodes-base.merge","nodeName":"Merge1","nodeId":"c909b640-e716-43a8-9e7d-2b049fc13c6d"}}
{"__type":"$$EventMessageConfirm","confirm":"30146bcc-5cd1-4246-875b-9ea89e99a582","ts":"2025-09-21T06:41:28.689-04:00","source":{"id":"0","name":"eventBus"}}
{"__type":"$$EventMessageNode","id":"c8ce36af-a2b0-4057-9143-1efb4b7b426a","ts":"2025-09-21T06:41:28.690-04:00","eventName":"n8n.node.started","message":"n8n.node.started","payload":{"workflowId":"KuUapQxZb2543JZU","workflowName":"My workflow","executionId":"200","nodeType":"n8n-nodes-base.code","nodeName":"Code3","nodeId":"ea52701e-12c7-4be3-ad0f-c6bd7226ee36"}}
{"__type":"$$EventMessageConfirm","confirm":"c8ce36af-a2b0-4057-9143-1efb4b7b426a","ts":"2025-09-21T06:41:28.691-04:00","source":{"id":"0","name":"eventBus"}}
{"__type":"$$EventMessageNode","id":"4a03bc6b-174e-4f17-8960-c7e53d8f91e9","ts":"2025-09-21T06:41:28.709-04:00","eventName":"n8n.node.finished","message":"n8n.node.finished","payload":{"workflowId":"KuUapQxZb2543JZU","workflowName":"My workflow","executionId":"200","nodeType":"n8n-nodes-base.code","nodeName":"Code3","nodeId":"ea52701e-12c7-4be3-ad0f-c6bd7226ee36"}}
{"__type":"$$EventMessageConfirm","confirm":"4a03bc6b-174e-4f17-8960-c7e53d8f91e9","ts":"2025-09-21T06:41:28.709-04:00","source":{"id":"0","name":"eventBus"}}
{"__type":"$$EventMessageNode","id":"ef3c527b-aa0e-42d5-b26d-eef8a2e5c09a","ts":"2025-09-21T06:41:28.711-04:00","eventName":"n8n.node.started","message":"n8n.node.started","payload":{"workflowId":"KuUapQxZb2543JZU","workflowName":"My workflow","executionId":"200","nodeType":"n8n-nodes-base.httpRequest","nodeName":"HTTP Request3","nodeId":"51d49410-14d0-4261-9581-ac6691c916b9"}}
{"__type":"$$EventMessageConfirm","confirm":"ef3c527b-aa0e-42d5-b26d-eef8a2e5c09a","ts":"2025-09-21T06:41:28.711-04:00","source":{"id":"0","name":"eventBus"}}
{"__type":"$$EventMessageNode","id":"055b7956-e956-46cb-9f14-d76261e39b76","ts":"2025-09-21T06:41:34.781-04:00","eventName":"n8n.node.finished","message":"n8n.node.finished","payload":{"workflowId":"KuUapQxZb2543JZU","workflowName":"My workflow","executionId":"200","nodeType":"n8n-nodes-base.httpRequest","nodeName":"HTTP Request3","nodeId":"51d49410-14d0-4261-9581-ac6691c916b9"}}
{"__type":"$$EventMessageConfirm","confirm":"055b7956-e956-46cb-9f14-d76261e39b76","ts":"2025-09-21T06:41:34.782-04:00","source":{"id":"0","name":"eventBus"}}
{"__type":"$$EventMessageNode","id":"294c2b8a-975d-424e-be53-16413186a64e","ts":"2025-09-21T06:41:34.788-04:00","eventName":"n8n.node.started","message":"n8n.node.started","payload":{"workflowId":"KuUapQxZb2543JZU","workflowName":"My workflow","executionId":"200","nodeType":"n8n-nodes-base.merge","nodeName":"Merge2","nodeId":"8d289f0c-6f39-426b-865e-8a8cd8f19702"}}
{"__type":"$$EventMessageConfirm","confirm":"294c2b8a-975d-424e-be53-16413186a64e","ts":"2025-09-21T06:41:34.788-04:00","source":{"id":"0","name":"eventBus"}}
{"__type":"$$EventMessageNode","id":"ba939e4b-f2d8-4243-b01a-e5df75431845","ts":"2025-09-21T06:41:34.790-04:00","eventName":"n8n.node.finished","message":"n8n.node.finished","payload":{"workflowId":"KuUapQxZb2543JZU","workflowName":"My workflow","executionId":"200","nodeType":"n8n-nodes-base.merge","nodeName":"Merge2","nodeId":"8d289f0c-6f39-426b-865e-8a8cd8f19702"}}
{"__type":"$$EventMessageConfirm","confirm":"ba939e4b-f2d8-4243-b01a-e5df75431845","ts":"2025-09-21T06:41:34.791-04:00","source":{"id":"0","name":"eventBus"}}
{"__type":"$$EventMessageNode","id":"2494cf85-d581-4a0c-81b7-577386bf38eb","ts":"2025-09-21T06:41:34.791-04:00","eventName":"n8n.node.started","message":"n8n.node.started","payload":{"workflowId":"KuUapQxZb2543JZU","workflowName":"My workflow","executionId":"200","nodeType":"n8n-nodes-base.code","nodeName":"Code5","nodeId":"6c229d64-f62f-4f44-bcd3-56e460c398d9"}}
{"__type":"$$EventMessageConfirm","confirm":"2494cf85-d581-4a0c-81b7-577386bf38eb","ts":"2025-09-21T06:41:34.792-04:00","source":{"id":"0","name":"eventBus"}}
{"__type":"$$EventMessageNode","id":"0b621578-965d-4e95-af65-64550f762f27","ts":"2025-09-21T06:41:34.812-04:00","eventName":"n8n.node.finished","message":"n8n.node.finished","payload":{"workflowId":"KuUapQxZb2543JZU","workflowName":"My workflow","executionId":"200","nodeType":"n8n-nodes-base.code","nodeName":"Code5","nodeId":"6c229d64-f62f-4f44-bcd3-56e460c398d9"}}
{"__type":"$$EventMessageConfirm","confirm":"0b621578-965d-4e95-af65-64550f762f27","ts":"2025-09-21T06:41:34.812-04:00","source":{"id":"0","name":"eventBus"}}
{"__type":"$$EventMessageNode","id":"fe75b777-f826-4385-b0c3-813ff34ac5a0","ts":"2025-09-21T06:41:34.814-04:00","eventName":"n8n.node.started","message":"n8n.node.started","payload":{"workflowId":"KuUapQxZb2543JZU","workflowName":"My workflow","executionId":"200","nodeType":"n8n-nodes-base.httpRequest","nodeName":"HTTP Request4","nodeId":"01af9683-c45f-47e2-9188-2a2b98be457b"}}
{"__type":"$$EventMessageConfirm","confirm":"fe75b777-f826-4385-b0c3-813ff34ac5a0","ts":"2025-09-21T06:41:34.814-04:00","source":{"id":"0","name":"eventBus"}}
{"__type":"$$EventMessageNode","id":"58e36a90-75cf-47ec-a412-9f1e454f4ab6","ts":"2025-09-21T06:41:34.931-04:00","eventName":"n8n.node.finished","message":"n8n.node.finished","payload":{"workflowId":"KuUapQxZb2543JZU","workflowName":"My workflow","executionId":"200","nodeType":"n8n-nodes-base.httpRequest","nodeName":"HTTP Request4","nodeId":"01af9683-c45f-47e2-9188-2a2b98be457b"}}
{"__type":"$$EventMessageConfirm","confirm":"58e36a90-75cf-47ec-a412-9f1e454f4ab6","ts":"2025-09-21T06:41:34.932-04:00","source":{"id":"0","name":"eventBus"}}
{"__type":"$$EventMessageWorkflow","id":"846fee69-8b19-47b9-a485-6d341da19e4a","ts":"2025-09-21T06:41:34.947-04:00","eventName":"n8n.workflow.success","message":"n8n.workflow.success","payload":{"userId":"4dcfbad3-4bf8-4f05-9a1d-60cb622c3452","executionId":"200","success":true,"isManual":true,"workflowId":"KuUapQxZb2543JZU","workflowName":"My workflow"}}
{"__type":"$$EventMessageConfirm","confirm":"846fee69-8b19-47b9-a485-6d341da19e4a","ts":"2025-09-21T06:41:34.948-04:00","source":{"id":"0","name":"eventBus"}}
