{"__type":"$$EventMessageWorkflow","id":"d571ca11-34aa-40c1-a2dc-a6e337ae58bc","ts":"2025-09-16T20:19:50.700+00:00","eventName":"n8n.workflow.started","message":"n8n.workflow.started","payload":{"executionId":"84","workflowId":"KuUapQxZb2543JZU","isManual":false,"workflowName":"My workflow"}}
{"__type":"$$EventMessageConfirm","confirm":"d571ca11-34aa-40c1-a2dc-a6e337ae58bc","ts":"2025-09-16T20:19:50.701+00:00","source":{"id":"0","name":"eventBus"}}
{"__type":"$$EventMessageNode","id":"80e454af-e09b-4bf8-b4ca-cfa071ad68d5","ts":"2025-09-16T20:19:50.702+00:00","eventName":"n8n.node.started","message":"n8n.node.started","payload":{"workflowId":"KuUapQxZb2543JZU","workflowName":"My workflow","executionId":"84","nodeType":"n8n-nodes-base.manualTrigger","nodeName":"When clicking ‘Execute workflow’","nodeId":"ae584c2a-37bc-4213-87bc-f83ecfca2d00"}}
{"__type":"$$EventMessageConfirm","confirm":"80e454af-e09b-4bf8-b4ca-cfa071ad68d5","ts":"2025-09-16T20:19:50.702+00:00","source":{"id":"0","name":"eventBus"}}
{"__type":"$$EventMessageNode","id":"6c631dc5-bb33-467b-b4e2-fc6d7fb8dcd1","ts":"2025-09-16T20:19:50.708+00:00","eventName":"n8n.node.finished","message":"n8n.node.finished","payload":{"workflowId":"KuUapQxZb2543JZU","workflowName":"My workflow","executionId":"84","nodeType":"n8n-nodes-base.manualTrigger","nodeName":"When clicking ‘Execute workflow’","nodeId":"ae584c2a-37bc-4213-87bc-f83ecfca2d00"}}
{"__type":"$$EventMessageConfirm","confirm":"6c631dc5-bb33-467b-b4e2-fc6d7fb8dcd1","ts":"2025-09-16T20:19:50.709+00:00","source":{"id":"0","name":"eventBus"}}
{"__type":"$$EventMessageNode","id":"55411344-b3da-4f44-b2f8-367afd47626f","ts":"2025-09-16T20:19:50.709+00:00","eventName":"n8n.node.started","message":"n8n.node.started","payload":{"workflowId":"KuUapQxZb2543JZU","workflowName":"My workflow","executionId":"84","nodeType":"n8n-nodes-base.httpRequest","nodeName":"HTTP Request2","nodeId":"b83aaaa0-afda-420f-aaab-73fc2906fc8a"}}
{"__type":"$$EventMessageConfirm","confirm":"55411344-b3da-4f44-b2f8-367afd47626f","ts":"2025-09-16T20:19:50.709+00:00","source":{"id":"0","name":"eventBus"}}
{"__type":"$$EventMessageNode","id":"8e03ddd7-6022-420a-abe7-0faff5265e7c","ts":"2025-09-16T16:19:50.753-04:00","eventName":"n8n.node.finished","message":"n8n.node.finished","payload":{"workflowId":"KuUapQxZb2543JZU","workflowName":"My workflow","executionId":"84","nodeType":"n8n-nodes-base.httpRequest","nodeName":"HTTP Request2","nodeId":"b83aaaa0-afda-420f-aaab-73fc2906fc8a"}}
{"__type":"$$EventMessageConfirm","confirm":"8e03ddd7-6022-420a-abe7-0faff5265e7c","ts":"2025-09-16T16:19:50.753-04:00","source":{"id":"0","name":"eventBus"}}
{"__type":"$$EventMessageNode","id":"48410aaa-72be-4c7e-a04a-aca130da9f73","ts":"2025-09-16T16:19:50.754-04:00","eventName":"n8n.node.started","message":"n8n.node.started","payload":{"workflowId":"KuUapQxZb2543JZU","workflowName":"My workflow","executionId":"84","nodeType":"n8n-nodes-base.httpRequest","nodeName":"HTTP Request1","nodeId":"fef4a9ff-859e-4dd4-887e-dd8a86d8908b"}}
{"__type":"$$EventMessageConfirm","confirm":"48410aaa-72be-4c7e-a04a-aca130da9f73","ts":"2025-09-16T16:19:50.754-04:00","source":{"id":"0","name":"eventBus"}}
{"__type":"$$EventMessageNode","id":"67257589-2852-4ae8-97cf-d368920cab98","ts":"2025-09-16T16:19:51.078-04:00","eventName":"n8n.node.finished","message":"n8n.node.finished","payload":{"workflowId":"KuUapQxZb2543JZU","workflowName":"My workflow","executionId":"84","nodeType":"n8n-nodes-base.httpRequest","nodeName":"HTTP Request1","nodeId":"fef4a9ff-859e-4dd4-887e-dd8a86d8908b"}}
{"__type":"$$EventMessageConfirm","confirm":"67257589-2852-4ae8-97cf-d368920cab98","ts":"2025-09-16T16:19:51.078-04:00","source":{"id":"0","name":"eventBus"}}
{"__type":"$$EventMessageNode","id":"8ff8bb9a-1ca6-4728-bec4-f33e9848dd49","ts":"2025-09-16T16:19:51.079-04:00","eventName":"n8n.node.started","message":"n8n.node.started","payload":{"workflowId":"KuUapQxZb2543JZU","workflowName":"My workflow","executionId":"84","nodeType":"n8n-nodes-base.code","nodeName":"Code","nodeId":"d9b97012-4df9-47e0-87c4-cd7bf836afdd"}}
{"__type":"$$EventMessageConfirm","confirm":"8ff8bb9a-1ca6-4728-bec4-f33e9848dd49","ts":"2025-09-16T16:19:51.079-04:00","source":{"id":"0","name":"eventBus"}}
{"__type":"$$EventMessageNode","id":"1099cd11-2998-4ede-9475-56cf4ddca894","ts":"2025-09-16T16:19:51.103-04:00","eventName":"n8n.node.finished","message":"n8n.node.finished","payload":{"workflowId":"KuUapQxZb2543JZU","workflowName":"My workflow","executionId":"84","nodeType":"n8n-nodes-base.code","nodeName":"Code","nodeId":"d9b97012-4df9-47e0-87c4-cd7bf836afdd"}}
{"__type":"$$EventMessageConfirm","confirm":"1099cd11-2998-4ede-9475-56cf4ddca894","ts":"2025-09-16T16:19:51.103-04:00","source":{"id":"0","name":"eventBus"}}
{"__type":"$$EventMessageNode","id":"1045f83b-4fd4-4a44-9d22-ca21cbedd036","ts":"2025-09-16T16:19:51.104-04:00","eventName":"n8n.node.started","message":"n8n.node.started","payload":{"workflowId":"KuUapQxZb2543JZU","workflowName":"My workflow","executionId":"84","nodeType":"n8n-nodes-base.merge","nodeName":"Merge","nodeId":"eaec499b-21f8-4374-b68a-61d750389d0e"}}
{"__type":"$$EventMessageConfirm","confirm":"1045f83b-4fd4-4a44-9d22-ca21cbedd036","ts":"2025-09-16T16:19:51.104-04:00","source":{"id":"0","name":"eventBus"}}
{"__type":"$$EventMessageNode","id":"cb6f21a0-f98d-4141-ab89-f52140c995a7","ts":"2025-09-16T16:19:51.129-04:00","eventName":"n8n.node.finished","message":"n8n.node.finished","payload":{"workflowId":"KuUapQxZb2543JZU","workflowName":"My workflow","executionId":"84","nodeType":"n8n-nodes-base.merge","nodeName":"Merge","nodeId":"eaec499b-21f8-4374-b68a-61d750389d0e"}}
{"__type":"$$EventMessageConfirm","confirm":"cb6f21a0-f98d-4141-ab89-f52140c995a7","ts":"2025-09-16T16:19:51.129-04:00","source":{"id":"0","name":"eventBus"}}
{"__type":"$$EventMessageNode","id":"dfc702f0-fea4-4e71-ac96-5015c2759b02","ts":"2025-09-16T16:19:51.130-04:00","eventName":"n8n.node.started","message":"n8n.node.started","payload":{"workflowId":"KuUapQxZb2543JZU","workflowName":"My workflow","executionId":"84","nodeType":"n8n-nodes-base.code","nodeName":"Code1","nodeId":"2b6cb971-61bf-4a14-96c2-5f02b401ea49"}}
{"__type":"$$EventMessageConfirm","confirm":"dfc702f0-fea4-4e71-ac96-5015c2759b02","ts":"2025-09-16T16:19:51.130-04:00","source":{"id":"0","name":"eventBus"}}
{"__type":"$$EventMessageNode","id":"bc8e2846-b4c0-4a60-8d71-666782af615c","ts":"2025-09-16T16:19:51.142-04:00","eventName":"n8n.node.finished","message":"n8n.node.finished","payload":{"workflowId":"KuUapQxZb2543JZU","workflowName":"My workflow","executionId":"84","nodeType":"n8n-nodes-base.code","nodeName":"Code1","nodeId":"2b6cb971-61bf-4a14-96c2-5f02b401ea49"}}
{"__type":"$$EventMessageConfirm","confirm":"bc8e2846-b4c0-4a60-8d71-666782af615c","ts":"2025-09-16T16:19:51.143-04:00","source":{"id":"0","name":"eventBus"}}
{"__type":"$$EventMessageNode","id":"de312563-52d6-49ec-ab20-de4e6ff860a5","ts":"2025-09-16T16:19:51.143-04:00","eventName":"n8n.node.started","message":"n8n.node.started","payload":{"workflowId":"KuUapQxZb2543JZU","workflowName":"My workflow","executionId":"84","nodeType":"n8n-nodes-base.httpRequest","nodeName":"HTTP Request","nodeId":"a5a3e3d0-259d-4753-9348-a71efbd5971f"}}
{"__type":"$$EventMessageConfirm","confirm":"de312563-52d6-49ec-ab20-de4e6ff860a5","ts":"2025-09-16T16:19:51.143-04:00","source":{"id":"0","name":"eventBus"}}
{"__type":"$$EventMessageNode","id":"b574ceef-9ed5-4313-917a-67a18703f475","ts":"2025-09-16T16:19:51.197-04:00","eventName":"n8n.node.finished","message":"n8n.node.finished","payload":{"workflowId":"KuUapQxZb2543JZU","workflowName":"My workflow","executionId":"84","nodeType":"n8n-nodes-base.httpRequest","nodeName":"HTTP Request","nodeId":"a5a3e3d0-259d-4753-9348-a71efbd5971f"}}
{"__type":"$$EventMessageConfirm","confirm":"b574ceef-9ed5-4313-917a-67a18703f475","ts":"2025-09-16T16:19:51.197-04:00","source":{"id":"0","name":"eventBus"}}
{"__type":"$$EventMessageNode","id":"2f2cb9df-2bad-4a45-93b0-39017fb00eba","ts":"2025-09-16T16:19:51.198-04:00","eventName":"n8n.node.started","message":"n8n.node.started","payload":{"workflowId":"KuUapQxZb2543JZU","workflowName":"My workflow","executionId":"84","nodeType":"n8n-nodes-base.code","nodeName":"Code2","nodeId":"a02a286d-b839-4776-8bf0-160645d845a4"}}
{"__type":"$$EventMessageConfirm","confirm":"2f2cb9df-2bad-4a45-93b0-39017fb00eba","ts":"2025-09-16T16:19:51.198-04:00","source":{"id":"0","name":"eventBus"}}
{"__type":"$$EventMessageNode","id":"eb58972b-26c5-4265-b72a-5cce1d392dd0","ts":"2025-09-16T16:19:51.205-04:00","eventName":"n8n.node.finished","message":"n8n.node.finished","payload":{"workflowId":"KuUapQxZb2543JZU","workflowName":"My workflow","executionId":"84","nodeType":"n8n-nodes-base.code","nodeName":"Code2","nodeId":"a02a286d-b839-4776-8bf0-160645d845a4"}}
{"__type":"$$EventMessageConfirm","confirm":"eb58972b-26c5-4265-b72a-5cce1d392dd0","ts":"2025-09-16T16:19:51.205-04:00","source":{"id":"0","name":"eventBus"}}
{"__type":"$$EventMessageNode","id":"59fa3e8f-710f-42f0-849d-86c4eed4e6ea","ts":"2025-09-16T16:19:51.207-04:00","eventName":"n8n.node.started","message":"n8n.node.started","payload":{"workflowId":"KuUapQxZb2543JZU","workflowName":"My workflow","executionId":"84","nodeType":"n8n-nodes-base.merge","nodeName":"Merge1","nodeId":"c909b640-e716-43a8-9e7d-2b049fc13c6d"}}
{"__type":"$$EventMessageConfirm","confirm":"59fa3e8f-710f-42f0-849d-86c4eed4e6ea","ts":"2025-09-16T16:19:51.207-04:00","source":{"id":"0","name":"eventBus"}}
{"__type":"$$EventMessageNode","id":"08f46459-54de-40d6-b3c2-ed62afb117ea","ts":"2025-09-16T16:19:51.208-04:00","eventName":"n8n.node.finished","message":"n8n.node.finished","payload":{"workflowId":"KuUapQxZb2543JZU","workflowName":"My workflow","executionId":"84","nodeType":"n8n-nodes-base.merge","nodeName":"Merge1","nodeId":"c909b640-e716-43a8-9e7d-2b049fc13c6d"}}
{"__type":"$$EventMessageConfirm","confirm":"08f46459-54de-40d6-b3c2-ed62afb117ea","ts":"2025-09-16T16:19:51.208-04:00","source":{"id":"0","name":"eventBus"}}
{"__type":"$$EventMessageNode","id":"dc7a248b-d406-4b1d-a0a8-1bc2686893d6","ts":"2025-09-16T16:19:51.209-04:00","eventName":"n8n.node.started","message":"n8n.node.started","payload":{"workflowId":"KuUapQxZb2543JZU","workflowName":"My workflow","executionId":"84","nodeType":"n8n-nodes-base.code","nodeName":"Code3","nodeId":"ea52701e-12c7-4be3-ad0f-c6bd7226ee36"}}
{"__type":"$$EventMessageConfirm","confirm":"dc7a248b-d406-4b1d-a0a8-1bc2686893d6","ts":"2025-09-16T16:19:51.209-04:00","source":{"id":"0","name":"eventBus"}}
{"__type":"$$EventMessageNode","id":"a7eb525f-944a-4b67-9751-fb4146d8b4ca","ts":"2025-09-16T16:19:51.219-04:00","eventName":"n8n.node.finished","message":"n8n.node.finished","payload":{"workflowId":"KuUapQxZb2543JZU","workflowName":"My workflow","executionId":"84","nodeType":"n8n-nodes-base.code","nodeName":"Code3","nodeId":"ea52701e-12c7-4be3-ad0f-c6bd7226ee36"}}
{"__type":"$$EventMessageConfirm","confirm":"a7eb525f-944a-4b67-9751-fb4146d8b4ca","ts":"2025-09-16T16:19:51.219-04:00","source":{"id":"0","name":"eventBus"}}
{"__type":"$$EventMessageNode","id":"36ac66d1-3b4b-44e8-84cf-4472d6433e34","ts":"2025-09-16T16:19:51.221-04:00","eventName":"n8n.node.started","message":"n8n.node.started","payload":{"workflowId":"KuUapQxZb2543JZU","workflowName":"My workflow","executionId":"84","nodeType":"n8n-nodes-base.httpRequest","nodeName":"HTTP Request3","nodeId":"51d49410-14d0-4261-9581-ac6691c916b9"}}
{"__type":"$$EventMessageConfirm","confirm":"36ac66d1-3b4b-44e8-84cf-4472d6433e34","ts":"2025-09-16T16:19:51.221-04:00","source":{"id":"0","name":"eventBus"}}
{"__type":"$$EventMessageNode","id":"a110b55b-c9d9-4a55-84af-c9ea7194534d","ts":"2025-09-16T16:19:53.155-04:00","eventName":"n8n.node.finished","message":"n8n.node.finished","payload":{"workflowId":"KuUapQxZb2543JZU","workflowName":"My workflow","executionId":"84","nodeType":"n8n-nodes-base.httpRequest","nodeName":"HTTP Request3","nodeId":"51d49410-14d0-4261-9581-ac6691c916b9"}}
{"__type":"$$EventMessageConfirm","confirm":"a110b55b-c9d9-4a55-84af-c9ea7194534d","ts":"2025-09-16T16:19:53.155-04:00","source":{"id":"0","name":"eventBus"}}
{"__type":"$$EventMessageWorkflow","id":"2f0c5ab6-4ddc-407c-bfc2-6ed8a6d3aa4d","ts":"2025-09-16T16:19:53.161-04:00","eventName":"n8n.workflow.success","message":"n8n.workflow.success","payload":{"userId":"4dcfbad3-4bf8-4f05-9a1d-60cb622c3452","executionId":"84","success":true,"isManual":true,"workflowId":"KuUapQxZb2543JZU","workflowName":"My workflow"}}
{"__type":"$$EventMessageConfirm","confirm":"2f0c5ab6-4ddc-407c-bfc2-6ed8a6d3aa4d","ts":"2025-09-16T16:19:53.161-04:00","source":{"id":"0","name":"eventBus"}}
{"__type":"$$EventMessageWorkflow","id":"b4164d14-17ca-4d11-92f2-e10e1a596d0d","ts":"2025-09-16T16:26:53.567-04:00","eventName":"n8n.workflow.started","message":"n8n.workflow.started","payload":{"executionId":"85","workflowId":"KuUapQxZb2543JZU","isManual":false,"workflowName":"My workflow"}}
{"__type":"$$EventMessageConfirm","confirm":"b4164d14-17ca-4d11-92f2-e10e1a596d0d","ts":"2025-09-16T16:26:53.568-04:00","source":{"id":"0","name":"eventBus"}}
{"__type":"$$EventMessageNode","id":"cb689a01-caaa-44c2-b667-12c99c35d0b3","ts":"2025-09-16T16:26:53.568-04:00","eventName":"n8n.node.started","message":"n8n.node.started","payload":{"workflowId":"KuUapQxZb2543JZU","workflowName":"My workflow","executionId":"85","nodeType":"n8n-nodes-base.manualTrigger","nodeName":"When clicking ‘Execute workflow’","nodeId":"ae584c2a-37bc-4213-87bc-f83ecfca2d00"}}
{"__type":"$$EventMessageConfirm","confirm":"cb689a01-caaa-44c2-b667-12c99c35d0b3","ts":"2025-09-16T16:26:53.568-04:00","source":{"id":"0","name":"eventBus"}}
{"__type":"$$EventMessageNode","id":"c5227e1a-8cd5-44d9-8f3b-d667720031d2","ts":"2025-09-16T16:26:53.570-04:00","eventName":"n8n.node.finished","message":"n8n.node.finished","payload":{"workflowId":"KuUapQxZb2543JZU","workflowName":"My workflow","executionId":"85","nodeType":"n8n-nodes-base.manualTrigger","nodeName":"When clicking ‘Execute workflow’","nodeId":"ae584c2a-37bc-4213-87bc-f83ecfca2d00"}}
{"__type":"$$EventMessageConfirm","confirm":"c5227e1a-8cd5-44d9-8f3b-d667720031d2","ts":"2025-09-16T16:26:53.570-04:00","source":{"id":"0","name":"eventBus"}}
{"__type":"$$EventMessageNode","id":"ff4c7f58-e931-4c03-a8a0-89ed9e01305e","ts":"2025-09-16T16:26:53.570-04:00","eventName":"n8n.node.started","message":"n8n.node.started","payload":{"workflowId":"KuUapQxZb2543JZU","workflowName":"My workflow","executionId":"85","nodeType":"n8n-nodes-base.httpRequest","nodeName":"HTTP Request2","nodeId":"b83aaaa0-afda-420f-aaab-73fc2906fc8a"}}
{"__type":"$$EventMessageConfirm","confirm":"ff4c7f58-e931-4c03-a8a0-89ed9e01305e","ts":"2025-09-16T16:26:53.570-04:00","source":{"id":"0","name":"eventBus"}}
{"__type":"$$EventMessageNode","id":"25adea45-9191-4472-a2f9-5fc746105dcf","ts":"2025-09-16T16:26:53.589-04:00","eventName":"n8n.node.finished","message":"n8n.node.finished","payload":{"workflowId":"KuUapQxZb2543JZU","workflowName":"My workflow","executionId":"85","nodeType":"n8n-nodes-base.httpRequest","nodeName":"HTTP Request2","nodeId":"b83aaaa0-afda-420f-aaab-73fc2906fc8a"}}
{"__type":"$$EventMessageConfirm","confirm":"25adea45-9191-4472-a2f9-5fc746105dcf","ts":"2025-09-16T16:26:53.589-04:00","source":{"id":"0","name":"eventBus"}}
{"__type":"$$EventMessageNode","id":"0297565e-08e9-43c4-8586-e679920a5cd2","ts":"2025-09-16T16:26:53.589-04:00","eventName":"n8n.node.started","message":"n8n.node.started","payload":{"workflowId":"KuUapQxZb2543JZU","workflowName":"My workflow","executionId":"85","nodeType":"n8n-nodes-base.httpRequest","nodeName":"HTTP Request1","nodeId":"fef4a9ff-859e-4dd4-887e-dd8a86d8908b"}}
{"__type":"$$EventMessageConfirm","confirm":"0297565e-08e9-43c4-8586-e679920a5cd2","ts":"2025-09-16T16:26:53.589-04:00","source":{"id":"0","name":"eventBus"}}
{"__type":"$$EventMessageNode","id":"8fdb1d73-4a67-4b16-9e2e-11859150499e","ts":"2025-09-16T16:26:53.827-04:00","eventName":"n8n.node.finished","message":"n8n.node.finished","payload":{"workflowId":"KuUapQxZb2543JZU","workflowName":"My workflow","executionId":"85","nodeType":"n8n-nodes-base.httpRequest","nodeName":"HTTP Request1","nodeId":"fef4a9ff-859e-4dd4-887e-dd8a86d8908b"}}
{"__type":"$$EventMessageConfirm","confirm":"8fdb1d73-4a67-4b16-9e2e-11859150499e","ts":"2025-09-16T16:26:53.827-04:00","source":{"id":"0","name":"eventBus"}}
{"__type":"$$EventMessageNode","id":"a482494e-3d7e-4964-90bf-2fbe160bb985","ts":"2025-09-16T16:26:53.828-04:00","eventName":"n8n.node.started","message":"n8n.node.started","payload":{"workflowId":"KuUapQxZb2543JZU","workflowName":"My workflow","executionId":"85","nodeType":"n8n-nodes-base.code","nodeName":"Code","nodeId":"d9b97012-4df9-47e0-87c4-cd7bf836afdd"}}
{"__type":"$$EventMessageConfirm","confirm":"a482494e-3d7e-4964-90bf-2fbe160bb985","ts":"2025-09-16T16:26:53.828-04:00","source":{"id":"0","name":"eventBus"}}
{"__type":"$$EventMessageNode","id":"9da3d096-4aba-4478-a1f6-7be6242e3da7","ts":"2025-09-16T16:26:53.834-04:00","eventName":"n8n.node.finished","message":"n8n.node.finished","payload":{"workflowId":"KuUapQxZb2543JZU","workflowName":"My workflow","executionId":"85","nodeType":"n8n-nodes-base.code","nodeName":"Code","nodeId":"d9b97012-4df9-47e0-87c4-cd7bf836afdd"}}
{"__type":"$$EventMessageConfirm","confirm":"9da3d096-4aba-4478-a1f6-7be6242e3da7","ts":"2025-09-16T16:26:53.834-04:00","source":{"id":"0","name":"eventBus"}}
{"__type":"$$EventMessageNode","id":"a9d8228c-f447-4984-ae80-3cfe46eb4f1e","ts":"2025-09-16T16:26:53.834-04:00","eventName":"n8n.node.started","message":"n8n.node.started","payload":{"workflowId":"KuUapQxZb2543JZU","workflowName":"My workflow","executionId":"85","nodeType":"n8n-nodes-base.merge","nodeName":"Merge","nodeId":"eaec499b-21f8-4374-b68a-61d750389d0e"}}
{"__type":"$$EventMessageConfirm","confirm":"a9d8228c-f447-4984-ae80-3cfe46eb4f1e","ts":"2025-09-16T16:26:53.834-04:00","source":{"id":"0","name":"eventBus"}}
{"__type":"$$EventMessageNode","id":"7095d69d-8ae7-4397-8f31-812cd8edfaf8","ts":"2025-09-16T16:26:53.835-04:00","eventName":"n8n.node.finished","message":"n8n.node.finished","payload":{"workflowId":"KuUapQxZb2543JZU","workflowName":"My workflow","executionId":"85","nodeType":"n8n-nodes-base.merge","nodeName":"Merge","nodeId":"eaec499b-21f8-4374-b68a-61d750389d0e"}}
{"__type":"$$EventMessageConfirm","confirm":"7095d69d-8ae7-4397-8f31-812cd8edfaf8","ts":"2025-09-16T16:26:53.835-04:00","source":{"id":"0","name":"eventBus"}}
{"__type":"$$EventMessageNode","id":"5f40bb4f-22ac-4c9e-9377-139644a9362b","ts":"2025-09-16T16:26:53.836-04:00","eventName":"n8n.node.started","message":"n8n.node.started","payload":{"workflowId":"KuUapQxZb2543JZU","workflowName":"My workflow","executionId":"85","nodeType":"n8n-nodes-base.code","nodeName":"Code1","nodeId":"2b6cb971-61bf-4a14-96c2-5f02b401ea49"}}
{"__type":"$$EventMessageConfirm","confirm":"5f40bb4f-22ac-4c9e-9377-139644a9362b","ts":"2025-09-16T16:26:53.836-04:00","source":{"id":"0","name":"eventBus"}}
{"__type":"$$EventMessageNode","id":"4332350a-bbff-48e4-a0c3-f70956d4c79a","ts":"2025-09-16T16:26:53.845-04:00","eventName":"n8n.node.finished","message":"n8n.node.finished","payload":{"workflowId":"KuUapQxZb2543JZU","workflowName":"My workflow","executionId":"85","nodeType":"n8n-nodes-base.code","nodeName":"Code1","nodeId":"2b6cb971-61bf-4a14-96c2-5f02b401ea49"}}
{"__type":"$$EventMessageConfirm","confirm":"4332350a-bbff-48e4-a0c3-f70956d4c79a","ts":"2025-09-16T16:26:53.845-04:00","source":{"id":"0","name":"eventBus"}}
{"__type":"$$EventMessageNode","id":"d8745d00-60da-442b-80d0-857c6a34118c","ts":"2025-09-16T16:26:53.846-04:00","eventName":"n8n.node.started","message":"n8n.node.started","payload":{"workflowId":"KuUapQxZb2543JZU","workflowName":"My workflow","executionId":"85","nodeType":"n8n-nodes-base.httpRequest","nodeName":"HTTP Request","nodeId":"a5a3e3d0-259d-4753-9348-a71efbd5971f"}}
{"__type":"$$EventMessageConfirm","confirm":"d8745d00-60da-442b-80d0-857c6a34118c","ts":"2025-09-16T16:26:53.846-04:00","source":{"id":"0","name":"eventBus"}}
{"__type":"$$EventMessageNode","id":"e223432d-6d18-402f-aa61-93c3b63db8f1","ts":"2025-09-16T16:26:53.878-04:00","eventName":"n8n.node.finished","message":"n8n.node.finished","payload":{"workflowId":"KuUapQxZb2543JZU","workflowName":"My workflow","executionId":"85","nodeType":"n8n-nodes-base.httpRequest","nodeName":"HTTP Request","nodeId":"a5a3e3d0-259d-4753-9348-a71efbd5971f"}}
{"__type":"$$EventMessageConfirm","confirm":"e223432d-6d18-402f-aa61-93c3b63db8f1","ts":"2025-09-16T16:26:53.878-04:00","source":{"id":"0","name":"eventBus"}}
{"__type":"$$EventMessageNode","id":"1f1d9154-1155-4852-93cc-e09e9011ea6b","ts":"2025-09-16T16:26:53.879-04:00","eventName":"n8n.node.started","message":"n8n.node.started","payload":{"workflowId":"KuUapQxZb2543JZU","workflowName":"My workflow","executionId":"85","nodeType":"n8n-nodes-base.code","nodeName":"Code2","nodeId":"a02a286d-b839-4776-8bf0-160645d845a4"}}
{"__type":"$$EventMessageConfirm","confirm":"1f1d9154-1155-4852-93cc-e09e9011ea6b","ts":"2025-09-16T16:26:53.879-04:00","source":{"id":"0","name":"eventBus"}}
{"__type":"$$EventMessageNode","id":"c6ff8f1f-6eb9-468d-a8a1-d573103f1096","ts":"2025-09-16T16:26:53.883-04:00","eventName":"n8n.node.finished","message":"n8n.node.finished","payload":{"workflowId":"KuUapQxZb2543JZU","workflowName":"My workflow","executionId":"85","nodeType":"n8n-nodes-base.code","nodeName":"Code2","nodeId":"a02a286d-b839-4776-8bf0-160645d845a4"}}
{"__type":"$$EventMessageConfirm","confirm":"c6ff8f1f-6eb9-468d-a8a1-d573103f1096","ts":"2025-09-16T16:26:53.884-04:00","source":{"id":"0","name":"eventBus"}}
{"__type":"$$EventMessageNode","id":"2b4be187-13fc-443b-b230-ccb0be805ac3","ts":"2025-09-16T16:26:53.888-04:00","eventName":"n8n.node.started","message":"n8n.node.started","payload":{"workflowId":"KuUapQxZb2543JZU","workflowName":"My workflow","executionId":"85","nodeType":"n8n-nodes-base.merge","nodeName":"Merge1","nodeId":"c909b640-e716-43a8-9e7d-2b049fc13c6d"}}
{"__type":"$$EventMessageConfirm","confirm":"2b4be187-13fc-443b-b230-ccb0be805ac3","ts":"2025-09-16T16:26:53.888-04:00","source":{"id":"0","name":"eventBus"}}
{"__type":"$$EventMessageNode","id":"b77f3336-0369-472d-a000-d7dffcdea97c","ts":"2025-09-16T16:26:53.890-04:00","eventName":"n8n.node.finished","message":"n8n.node.finished","payload":{"workflowId":"KuUapQxZb2543JZU","workflowName":"My workflow","executionId":"85","nodeType":"n8n-nodes-base.merge","nodeName":"Merge1","nodeId":"c909b640-e716-43a8-9e7d-2b049fc13c6d"}}
{"__type":"$$EventMessageConfirm","confirm":"b77f3336-0369-472d-a000-d7dffcdea97c","ts":"2025-09-16T16:26:53.890-04:00","source":{"id":"0","name":"eventBus"}}
{"__type":"$$EventMessageNode","id":"78a82e3d-f7bb-418b-a8fa-945fc493ca19","ts":"2025-09-16T16:26:53.891-04:00","eventName":"n8n.node.started","message":"n8n.node.started","payload":{"workflowId":"KuUapQxZb2543JZU","workflowName":"My workflow","executionId":"85","nodeType":"n8n-nodes-base.code","nodeName":"Code3","nodeId":"ea52701e-12c7-4be3-ad0f-c6bd7226ee36"}}
{"__type":"$$EventMessageConfirm","confirm":"78a82e3d-f7bb-418b-a8fa-945fc493ca19","ts":"2025-09-16T16:26:53.892-04:00","source":{"id":"0","name":"eventBus"}}
{"__type":"$$EventMessageNode","id":"eec57b28-0787-4187-8876-7bf8cdf55593","ts":"2025-09-16T16:26:53.902-04:00","eventName":"n8n.node.finished","message":"n8n.node.finished","payload":{"workflowId":"KuUapQxZb2543JZU","workflowName":"My workflow","executionId":"85","nodeType":"n8n-nodes-base.code","nodeName":"Code3","nodeId":"ea52701e-12c7-4be3-ad0f-c6bd7226ee36"}}
{"__type":"$$EventMessageConfirm","confirm":"eec57b28-0787-4187-8876-7bf8cdf55593","ts":"2025-09-16T16:26:53.902-04:00","source":{"id":"0","name":"eventBus"}}
{"__type":"$$EventMessageNode","id":"ec7f6d94-8f6b-469e-b699-8755b6f9a3f5","ts":"2025-09-16T16:26:53.903-04:00","eventName":"n8n.node.started","message":"n8n.node.started","payload":{"workflowId":"KuUapQxZb2543JZU","workflowName":"My workflow","executionId":"85","nodeType":"n8n-nodes-base.httpRequest","nodeName":"HTTP Request3","nodeId":"51d49410-14d0-4261-9581-ac6691c916b9"}}
{"__type":"$$EventMessageConfirm","confirm":"ec7f6d94-8f6b-469e-b699-8755b6f9a3f5","ts":"2025-09-16T16:26:53.903-04:00","source":{"id":"0","name":"eventBus"}}
{"__type":"$$EventMessageNode","id":"d17b1342-8048-4c71-9cd3-ebeae68a09c9","ts":"2025-09-16T16:26:55.039-04:00","eventName":"n8n.node.finished","message":"n8n.node.finished","payload":{"workflowId":"KuUapQxZb2543JZU","workflowName":"My workflow","executionId":"85","nodeType":"n8n-nodes-base.httpRequest","nodeName":"HTTP Request3","nodeId":"51d49410-14d0-4261-9581-ac6691c916b9"}}
{"__type":"$$EventMessageConfirm","confirm":"d17b1342-8048-4c71-9cd3-ebeae68a09c9","ts":"2025-09-16T16:26:55.039-04:00","source":{"id":"0","name":"eventBus"}}
{"__type":"$$EventMessageWorkflow","id":"ddddd6ae-6e8e-424d-baf2-5f36233c81dd","ts":"2025-09-16T16:26:55.042-04:00","eventName":"n8n.workflow.success","message":"n8n.workflow.success","payload":{"userId":"4dcfbad3-4bf8-4f05-9a1d-60cb622c3452","executionId":"85","success":true,"isManual":true,"workflowId":"KuUapQxZb2543JZU","workflowName":"My workflow"}}
{"__type":"$$EventMessageConfirm","confirm":"ddddd6ae-6e8e-424d-baf2-5f36233c81dd","ts":"2025-09-16T16:26:55.042-04:00","source":{"id":"0","name":"eventBus"}}
{"__type":"$$EventMessageWorkflow","id":"dd7175f1-b6f5-46bc-a7e0-045453350635","ts":"2025-09-16T16:33:30.572-04:00","eventName":"n8n.workflow.started","message":"n8n.workflow.started","payload":{"executionId":"86","workflowId":"KuUapQxZb2543JZU","isManual":false,"workflowName":"My workflow"}}
{"__type":"$$EventMessageConfirm","confirm":"dd7175f1-b6f5-46bc-a7e0-045453350635","ts":"2025-09-16T16:33:30.572-04:00","source":{"id":"0","name":"eventBus"}}
{"__type":"$$EventMessageNode","id":"bf87c48e-25ae-4474-a11c-e86342736601","ts":"2025-09-16T16:33:30.573-04:00","eventName":"n8n.node.started","message":"n8n.node.started","payload":{"workflowId":"KuUapQxZb2543JZU","workflowName":"My workflow","executionId":"86","nodeType":"n8n-nodes-base.manualTrigger","nodeName":"When clicking ‘Execute workflow’","nodeId":"ae584c2a-37bc-4213-87bc-f83ecfca2d00"}}
{"__type":"$$EventMessageConfirm","confirm":"bf87c48e-25ae-4474-a11c-e86342736601","ts":"2025-09-16T16:33:30.573-04:00","source":{"id":"0","name":"eventBus"}}
{"__type":"$$EventMessageNode","id":"25277057-9fd4-4828-b68c-92ca96ee60b7","ts":"2025-09-16T16:33:30.574-04:00","eventName":"n8n.node.finished","message":"n8n.node.finished","payload":{"workflowId":"KuUapQxZb2543JZU","workflowName":"My workflow","executionId":"86","nodeType":"n8n-nodes-base.manualTrigger","nodeName":"When clicking ‘Execute workflow’","nodeId":"ae584c2a-37bc-4213-87bc-f83ecfca2d00"}}
{"__type":"$$EventMessageConfirm","confirm":"25277057-9fd4-4828-b68c-92ca96ee60b7","ts":"2025-09-16T16:33:30.574-04:00","source":{"id":"0","name":"eventBus"}}
{"__type":"$$EventMessageNode","id":"e6a12132-5cf5-48bf-a315-ec32be524b21","ts":"2025-09-16T16:33:30.575-04:00","eventName":"n8n.node.started","message":"n8n.node.started","payload":{"workflowId":"KuUapQxZb2543JZU","workflowName":"My workflow","executionId":"86","nodeType":"n8n-nodes-base.httpRequest","nodeName":"HTTP Request2","nodeId":"b83aaaa0-afda-420f-aaab-73fc2906fc8a"}}
{"__type":"$$EventMessageConfirm","confirm":"e6a12132-5cf5-48bf-a315-ec32be524b21","ts":"2025-09-16T16:33:30.575-04:00","source":{"id":"0","name":"eventBus"}}
{"__type":"$$EventMessageNode","id":"9a076809-fc0f-470f-bc98-b1de5a33a4a7","ts":"2025-09-16T16:33:30.625-04:00","eventName":"n8n.node.finished","message":"n8n.node.finished","payload":{"workflowId":"KuUapQxZb2543JZU","workflowName":"My workflow","executionId":"86","nodeType":"n8n-nodes-base.httpRequest","nodeName":"HTTP Request2","nodeId":"b83aaaa0-afda-420f-aaab-73fc2906fc8a"}}
{"__type":"$$EventMessageConfirm","confirm":"9a076809-fc0f-470f-bc98-b1de5a33a4a7","ts":"2025-09-16T16:33:30.625-04:00","source":{"id":"0","name":"eventBus"}}
{"__type":"$$EventMessageNode","id":"253daee8-2af8-4aec-8781-8cb9a22c3601","ts":"2025-09-16T16:33:30.625-04:00","eventName":"n8n.node.started","message":"n8n.node.started","payload":{"workflowId":"KuUapQxZb2543JZU","workflowName":"My workflow","executionId":"86","nodeType":"n8n-nodes-base.httpRequest","nodeName":"HTTP Request1","nodeId":"fef4a9ff-859e-4dd4-887e-dd8a86d8908b"}}
{"__type":"$$EventMessageConfirm","confirm":"253daee8-2af8-4aec-8781-8cb9a22c3601","ts":"2025-09-16T16:33:30.625-04:00","source":{"id":"0","name":"eventBus"}}
{"__type":"$$EventMessageNode","id":"bdd971d7-acb8-4a2b-bd86-4a0880d97c2d","ts":"2025-09-16T16:33:30.957-04:00","eventName":"n8n.node.finished","message":"n8n.node.finished","payload":{"workflowId":"KuUapQxZb2543JZU","workflowName":"My workflow","executionId":"86","nodeType":"n8n-nodes-base.httpRequest","nodeName":"HTTP Request1","nodeId":"fef4a9ff-859e-4dd4-887e-dd8a86d8908b"}}
{"__type":"$$EventMessageConfirm","confirm":"bdd971d7-acb8-4a2b-bd86-4a0880d97c2d","ts":"2025-09-16T16:33:30.957-04:00","source":{"id":"0","name":"eventBus"}}
{"__type":"$$EventMessageNode","id":"a15325cf-91b7-4d24-b694-34458dda6b31","ts":"2025-09-16T16:33:30.958-04:00","eventName":"n8n.node.started","message":"n8n.node.started","payload":{"workflowId":"KuUapQxZb2543JZU","workflowName":"My workflow","executionId":"86","nodeType":"n8n-nodes-base.code","nodeName":"Code","nodeId":"d9b97012-4df9-47e0-87c4-cd7bf836afdd"}}
{"__type":"$$EventMessageConfirm","confirm":"a15325cf-91b7-4d24-b694-34458dda6b31","ts":"2025-09-16T16:33:30.958-04:00","source":{"id":"0","name":"eventBus"}}
{"__type":"$$EventMessageNode","id":"b9b16bdf-ab8b-4c3e-bcc0-afeca01b7601","ts":"2025-09-16T16:33:30.966-04:00","eventName":"n8n.node.finished","message":"n8n.node.finished","payload":{"workflowId":"KuUapQxZb2543JZU","workflowName":"My workflow","executionId":"86","nodeType":"n8n-nodes-base.code","nodeName":"Code","nodeId":"d9b97012-4df9-47e0-87c4-cd7bf836afdd"}}
{"__type":"$$EventMessageConfirm","confirm":"b9b16bdf-ab8b-4c3e-bcc0-afeca01b7601","ts":"2025-09-16T16:33:30.966-04:00","source":{"id":"0","name":"eventBus"}}
{"__type":"$$EventMessageNode","id":"13f78af1-3e7d-455c-819e-e20abb21a479","ts":"2025-09-16T16:33:30.966-04:00","eventName":"n8n.node.started","message":"n8n.node.started","payload":{"workflowId":"KuUapQxZb2543JZU","workflowName":"My workflow","executionId":"86","nodeType":"n8n-nodes-base.merge","nodeName":"Merge","nodeId":"eaec499b-21f8-4374-b68a-61d750389d0e"}}
{"__type":"$$EventMessageConfirm","confirm":"13f78af1-3e7d-455c-819e-e20abb21a479","ts":"2025-09-16T16:33:30.966-04:00","source":{"id":"0","name":"eventBus"}}
{"__type":"$$EventMessageNode","id":"d17841ad-9a7a-41c5-b249-34b7572f58fd","ts":"2025-09-16T16:33:30.967-04:00","eventName":"n8n.node.finished","message":"n8n.node.finished","payload":{"workflowId":"KuUapQxZb2543JZU","workflowName":"My workflow","executionId":"86","nodeType":"n8n-nodes-base.merge","nodeName":"Merge","nodeId":"eaec499b-21f8-4374-b68a-61d750389d0e"}}
{"__type":"$$EventMessageConfirm","confirm":"d17841ad-9a7a-41c5-b249-34b7572f58fd","ts":"2025-09-16T16:33:30.967-04:00","source":{"id":"0","name":"eventBus"}}
{"__type":"$$EventMessageNode","id":"0a78c4b6-6da8-43f7-8c27-5e3aa595f897","ts":"2025-09-16T16:33:30.968-04:00","eventName":"n8n.node.started","message":"n8n.node.started","payload":{"workflowId":"KuUapQxZb2543JZU","workflowName":"My workflow","executionId":"86","nodeType":"n8n-nodes-base.code","nodeName":"Code1","nodeId":"2b6cb971-61bf-4a14-96c2-5f02b401ea49"}}
{"__type":"$$EventMessageConfirm","confirm":"0a78c4b6-6da8-43f7-8c27-5e3aa595f897","ts":"2025-09-16T16:33:30.968-04:00","source":{"id":"0","name":"eventBus"}}
{"__type":"$$EventMessageNode","id":"67343d69-63b9-4a9c-82b8-aab372b350cd","ts":"2025-09-16T16:33:30.979-04:00","eventName":"n8n.node.finished","message":"n8n.node.finished","payload":{"workflowId":"KuUapQxZb2543JZU","workflowName":"My workflow","executionId":"86","nodeType":"n8n-nodes-base.code","nodeName":"Code1","nodeId":"2b6cb971-61bf-4a14-96c2-5f02b401ea49"}}
{"__type":"$$EventMessageConfirm","confirm":"67343d69-63b9-4a9c-82b8-aab372b350cd","ts":"2025-09-16T16:33:30.979-04:00","source":{"id":"0","name":"eventBus"}}
{"__type":"$$EventMessageNode","id":"1bd86755-a134-4618-a407-bd2c14ddbddb","ts":"2025-09-16T16:33:30.980-04:00","eventName":"n8n.node.started","message":"n8n.node.started","payload":{"workflowId":"KuUapQxZb2543JZU","workflowName":"My workflow","executionId":"86","nodeType":"n8n-nodes-base.httpRequest","nodeName":"HTTP Request","nodeId":"a5a3e3d0-259d-4753-9348-a71efbd5971f"}}
{"__type":"$$EventMessageConfirm","confirm":"1bd86755-a134-4618-a407-bd2c14ddbddb","ts":"2025-09-16T16:33:30.980-04:00","source":{"id":"0","name":"eventBus"}}
{"__type":"$$EventMessageNode","id":"1fa5c5fa-b24b-4af7-b5fa-595633603800","ts":"2025-09-16T16:33:31.006-04:00","eventName":"n8n.node.finished","message":"n8n.node.finished","payload":{"workflowId":"KuUapQxZb2543JZU","workflowName":"My workflow","executionId":"86","nodeType":"n8n-nodes-base.httpRequest","nodeName":"HTTP Request","nodeId":"a5a3e3d0-259d-4753-9348-a71efbd5971f"}}
{"__type":"$$EventMessageConfirm","confirm":"1fa5c5fa-b24b-4af7-b5fa-595633603800","ts":"2025-09-16T16:33:31.007-04:00","source":{"id":"0","name":"eventBus"}}
{"__type":"$$EventMessageNode","id":"9555bd62-7ff7-47e4-9e09-832335c7d428","ts":"2025-09-16T16:33:31.007-04:00","eventName":"n8n.node.started","message":"n8n.node.started","payload":{"workflowId":"KuUapQxZb2543JZU","workflowName":"My workflow","executionId":"86","nodeType":"n8n-nodes-base.code","nodeName":"Code2","nodeId":"a02a286d-b839-4776-8bf0-160645d845a4"}}
{"__type":"$$EventMessageConfirm","confirm":"9555bd62-7ff7-47e4-9e09-832335c7d428","ts":"2025-09-16T16:33:31.007-04:00","source":{"id":"0","name":"eventBus"}}
{"__type":"$$EventMessageNode","id":"1b5faf4d-eff9-4238-b8a0-d236651f1184","ts":"2025-09-16T16:33:31.012-04:00","eventName":"n8n.node.finished","message":"n8n.node.finished","payload":{"workflowId":"KuUapQxZb2543JZU","workflowName":"My workflow","executionId":"86","nodeType":"n8n-nodes-base.code","nodeName":"Code2","nodeId":"a02a286d-b839-4776-8bf0-160645d845a4"}}
{"__type":"$$EventMessageConfirm","confirm":"1b5faf4d-eff9-4238-b8a0-d236651f1184","ts":"2025-09-16T16:33:31.013-04:00","source":{"id":"0","name":"eventBus"}}
{"__type":"$$EventMessageNode","id":"6e4bcc85-25a5-4cf9-b9f4-10c7b0ef9f99","ts":"2025-09-16T16:33:31.014-04:00","eventName":"n8n.node.started","message":"n8n.node.started","payload":{"workflowId":"KuUapQxZb2543JZU","workflowName":"My workflow","executionId":"86","nodeType":"n8n-nodes-base.merge","nodeName":"Merge1","nodeId":"c909b640-e716-43a8-9e7d-2b049fc13c6d"}}
{"__type":"$$EventMessageConfirm","confirm":"6e4bcc85-25a5-4cf9-b9f4-10c7b0ef9f99","ts":"2025-09-16T16:33:31.014-04:00","source":{"id":"0","name":"eventBus"}}
{"__type":"$$EventMessageNode","id":"9f97f928-daf1-4b66-9a6e-f60fd4393aa9","ts":"2025-09-16T16:33:31.015-04:00","eventName":"n8n.node.finished","message":"n8n.node.finished","payload":{"workflowId":"KuUapQxZb2543JZU","workflowName":"My workflow","executionId":"86","nodeType":"n8n-nodes-base.merge","nodeName":"Merge1","nodeId":"c909b640-e716-43a8-9e7d-2b049fc13c6d"}}
{"__type":"$$EventMessageConfirm","confirm":"9f97f928-daf1-4b66-9a6e-f60fd4393aa9","ts":"2025-09-16T16:33:31.015-04:00","source":{"id":"0","name":"eventBus"}}
{"__type":"$$EventMessageNode","id":"42ba7c24-8f83-4689-95f6-38c5e98ae898","ts":"2025-09-16T16:33:31.015-04:00","eventName":"n8n.node.started","message":"n8n.node.started","payload":{"workflowId":"KuUapQxZb2543JZU","workflowName":"My workflow","executionId":"86","nodeType":"n8n-nodes-base.code","nodeName":"Code3","nodeId":"ea52701e-12c7-4be3-ad0f-c6bd7226ee36"}}
{"__type":"$$EventMessageConfirm","confirm":"42ba7c24-8f83-4689-95f6-38c5e98ae898","ts":"2025-09-16T16:33:31.015-04:00","source":{"id":"0","name":"eventBus"}}
{"__type":"$$EventMessageNode","id":"020fd2b5-de1f-4cee-a4aa-2b124f53b59c","ts":"2025-09-16T16:33:31.024-04:00","eventName":"n8n.node.finished","message":"n8n.node.finished","payload":{"workflowId":"KuUapQxZb2543JZU","workflowName":"My workflow","executionId":"86","nodeType":"n8n-nodes-base.code","nodeName":"Code3","nodeId":"ea52701e-12c7-4be3-ad0f-c6bd7226ee36"}}
{"__type":"$$EventMessageConfirm","confirm":"020fd2b5-de1f-4cee-a4aa-2b124f53b59c","ts":"2025-09-16T16:33:31.024-04:00","source":{"id":"0","name":"eventBus"}}
{"__type":"$$EventMessageNode","id":"1f1b0adf-9ef1-44e0-8c8c-5bd68d9ea221","ts":"2025-09-16T16:33:31.027-04:00","eventName":"n8n.node.started","message":"n8n.node.started","payload":{"workflowId":"KuUapQxZb2543JZU","workflowName":"My workflow","executionId":"86","nodeType":"n8n-nodes-base.httpRequest","nodeName":"HTTP Request3","nodeId":"51d49410-14d0-4261-9581-ac6691c916b9"}}
{"__type":"$$EventMessageConfirm","confirm":"1f1b0adf-9ef1-44e0-8c8c-5bd68d9ea221","ts":"2025-09-16T16:33:31.027-04:00","source":{"id":"0","name":"eventBus"}}
{"__type":"$$EventMessageNode","id":"2aca9ba9-ee54-4603-af4f-b462d41656c9","ts":"2025-09-16T16:33:32.174-04:00","eventName":"n8n.node.finished","message":"n8n.node.finished","payload":{"workflowId":"KuUapQxZb2543JZU","workflowName":"My workflow","executionId":"86","nodeType":"n8n-nodes-base.httpRequest","nodeName":"HTTP Request3","nodeId":"51d49410-14d0-4261-9581-ac6691c916b9"}}
{"__type":"$$EventMessageConfirm","confirm":"2aca9ba9-ee54-4603-af4f-b462d41656c9","ts":"2025-09-16T16:33:32.174-04:00","source":{"id":"0","name":"eventBus"}}
{"__type":"$$EventMessageWorkflow","id":"d875e964-d934-4c0c-ab10-e7ce749938c9","ts":"2025-09-16T16:33:32.177-04:00","eventName":"n8n.workflow.success","message":"n8n.workflow.success","payload":{"userId":"4dcfbad3-4bf8-4f05-9a1d-60cb622c3452","executionId":"86","success":true,"isManual":true,"workflowId":"KuUapQxZb2543JZU","workflowName":"My workflow"}}
{"__type":"$$EventMessageConfirm","confirm":"d875e964-d934-4c0c-ab10-e7ce749938c9","ts":"2025-09-16T16:33:32.177-04:00","source":{"id":"0","name":"eventBus"}}
{"__type":"$$EventMessageWorkflow","id":"cb481f9d-10f4-49b1-be1e-5674ae41a97a","ts":"2025-09-16T16:41:12.992-04:00","eventName":"n8n.workflow.started","message":"n8n.workflow.started","payload":{"executionId":"87","workflowId":"KuUapQxZb2543JZU","isManual":false,"workflowName":"My workflow"}}
{"__type":"$$EventMessageConfirm","confirm":"cb481f9d-10f4-49b1-be1e-5674ae41a97a","ts":"2025-09-16T16:41:12.992-04:00","source":{"id":"0","name":"eventBus"}}
{"__type":"$$EventMessageNode","id":"6a13782f-d61c-4272-84f3-b1f5127c4fb3","ts":"2025-09-16T16:41:12.993-04:00","eventName":"n8n.node.started","message":"n8n.node.started","payload":{"workflowId":"KuUapQxZb2543JZU","workflowName":"My workflow","executionId":"87","nodeType":"n8n-nodes-base.manualTrigger","nodeName":"When clicking ‘Execute workflow’","nodeId":"ae584c2a-37bc-4213-87bc-f83ecfca2d00"}}
{"__type":"$$EventMessageConfirm","confirm":"6a13782f-d61c-4272-84f3-b1f5127c4fb3","ts":"2025-09-16T16:41:12.994-04:00","source":{"id":"0","name":"eventBus"}}
{"__type":"$$EventMessageNode","id":"3b7adbb8-30b7-4b2d-9820-d1ddae84f84e","ts":"2025-09-16T16:41:12.995-04:00","eventName":"n8n.node.finished","message":"n8n.node.finished","payload":{"workflowId":"KuUapQxZb2543JZU","workflowName":"My workflow","executionId":"87","nodeType":"n8n-nodes-base.manualTrigger","nodeName":"When clicking ‘Execute workflow’","nodeId":"ae584c2a-37bc-4213-87bc-f83ecfca2d00"}}
{"__type":"$$EventMessageConfirm","confirm":"3b7adbb8-30b7-4b2d-9820-d1ddae84f84e","ts":"2025-09-16T16:41:12.996-04:00","source":{"id":"0","name":"eventBus"}}
{"__type":"$$EventMessageNode","id":"092d3b1a-6970-4744-8808-dc93477cac5f","ts":"2025-09-16T16:41:12.996-04:00","eventName":"n8n.node.started","message":"n8n.node.started","payload":{"workflowId":"KuUapQxZb2543JZU","workflowName":"My workflow","executionId":"87","nodeType":"n8n-nodes-base.httpRequest","nodeName":"HTTP Request2","nodeId":"b83aaaa0-afda-420f-aaab-73fc2906fc8a"}}
{"__type":"$$EventMessageConfirm","confirm":"092d3b1a-6970-4744-8808-dc93477cac5f","ts":"2025-09-16T16:41:12.996-04:00","source":{"id":"0","name":"eventBus"}}
{"__type":"$$EventMessageNode","id":"9fb4260a-7bcf-4128-8929-0a522bed0a59","ts":"2025-09-16T16:41:13.122-04:00","eventName":"n8n.node.finished","message":"n8n.node.finished","payload":{"workflowId":"KuUapQxZb2543JZU","workflowName":"My workflow","executionId":"87","nodeType":"n8n-nodes-base.httpRequest","nodeName":"HTTP Request2","nodeId":"b83aaaa0-afda-420f-aaab-73fc2906fc8a"}}
{"__type":"$$EventMessageConfirm","confirm":"9fb4260a-7bcf-4128-8929-0a522bed0a59","ts":"2025-09-16T16:41:13.122-04:00","source":{"id":"0","name":"eventBus"}}
{"__type":"$$EventMessageWorkflow","id":"53c789e9-b620-41e5-836b-70c5daa91481","ts":"2025-09-16T16:41:13.128-04:00","eventName":"n8n.workflow.failed","message":"n8n.workflow.failed","payload":{"userId":"4dcfbad3-4bf8-4f05-9a1d-60cb622c3452","executionId":"87","success":false,"isManual":true,"workflowId":"KuUapQxZb2543JZU","workflowName":"My workflow","lastNodeExecuted":"HTTP Request2","errorNodeType":"n8n-nodes-base.httpRequest","errorMessage":"The connection to the server was closed unexpectedly, perhaps it is offline. You can retry the request immediately or wait and retry later."}}
{"__type":"$$EventMessageConfirm","confirm":"53c789e9-b620-41e5-836b-70c5daa91481","ts":"2025-09-16T16:41:13.128-04:00","source":{"id":"0","name":"eventBus"}}
{"__type":"$$EventMessageWorkflow","id":"482f7d04-e03a-429d-a67a-29384e3533ff","ts":"2025-09-16T16:41:14.742-04:00","eventName":"n8n.workflow.started","message":"n8n.workflow.started","payload":{"executionId":"88","workflowId":"KuUapQxZb2543JZU","isManual":false,"workflowName":"My workflow"}}
{"__type":"$$EventMessageConfirm","confirm":"482f7d04-e03a-429d-a67a-29384e3533ff","ts":"2025-09-16T16:41:14.742-04:00","source":{"id":"0","name":"eventBus"}}
{"__type":"$$EventMessageNode","id":"289b65a0-7c2a-4f8e-a974-7bd77180b220","ts":"2025-09-16T16:41:14.742-04:00","eventName":"n8n.node.started","message":"n8n.node.started","payload":{"workflowId":"KuUapQxZb2543JZU","workflowName":"My workflow","executionId":"88","nodeType":"n8n-nodes-base.manualTrigger","nodeName":"When clicking ‘Execute workflow’","nodeId":"ae584c2a-37bc-4213-87bc-f83ecfca2d00"}}
{"__type":"$$EventMessageConfirm","confirm":"289b65a0-7c2a-4f8e-a974-7bd77180b220","ts":"2025-09-16T16:41:14.742-04:00","source":{"id":"0","name":"eventBus"}}
{"__type":"$$EventMessageNode","id":"a0e0601f-46aa-4915-8c56-816007a580e2","ts":"2025-09-16T16:41:14.743-04:00","eventName":"n8n.node.finished","message":"n8n.node.finished","payload":{"workflowId":"KuUapQxZb2543JZU","workflowName":"My workflow","executionId":"88","nodeType":"n8n-nodes-base.manualTrigger","nodeName":"When clicking ‘Execute workflow’","nodeId":"ae584c2a-37bc-4213-87bc-f83ecfca2d00"}}
{"__type":"$$EventMessageConfirm","confirm":"a0e0601f-46aa-4915-8c56-816007a580e2","ts":"2025-09-16T16:41:14.744-04:00","source":{"id":"0","name":"eventBus"}}
{"__type":"$$EventMessageNode","id":"568e400a-3ebd-4fe7-ae73-04e66c715d6c","ts":"2025-09-16T16:41:14.744-04:00","eventName":"n8n.node.started","message":"n8n.node.started","payload":{"workflowId":"KuUapQxZb2543JZU","workflowName":"My workflow","executionId":"88","nodeType":"n8n-nodes-base.httpRequest","nodeName":"HTTP Request2","nodeId":"b83aaaa0-afda-420f-aaab-73fc2906fc8a"}}
{"__type":"$$EventMessageConfirm","confirm":"568e400a-3ebd-4fe7-ae73-04e66c715d6c","ts":"2025-09-16T16:41:14.744-04:00","source":{"id":"0","name":"eventBus"}}
{"__type":"$$EventMessageNode","id":"1cb992af-a86e-4d88-9c16-d1d77f40fa61","ts":"2025-09-16T16:41:14.760-04:00","eventName":"n8n.node.finished","message":"n8n.node.finished","payload":{"workflowId":"KuUapQxZb2543JZU","workflowName":"My workflow","executionId":"88","nodeType":"n8n-nodes-base.httpRequest","nodeName":"HTTP Request2","nodeId":"b83aaaa0-afda-420f-aaab-73fc2906fc8a"}}
{"__type":"$$EventMessageConfirm","confirm":"1cb992af-a86e-4d88-9c16-d1d77f40fa61","ts":"2025-09-16T16:41:14.760-04:00","source":{"id":"0","name":"eventBus"}}
{"__type":"$$EventMessageNode","id":"56ccd80d-6b94-432e-aa0d-d831b31eb2e1","ts":"2025-09-16T16:41:14.760-04:00","eventName":"n8n.node.started","message":"n8n.node.started","payload":{"workflowId":"KuUapQxZb2543JZU","workflowName":"My workflow","executionId":"88","nodeType":"n8n-nodes-base.httpRequest","nodeName":"HTTP Request1","nodeId":"fef4a9ff-859e-4dd4-887e-dd8a86d8908b"}}
{"__type":"$$EventMessageConfirm","confirm":"56ccd80d-6b94-432e-aa0d-d831b31eb2e1","ts":"2025-09-16T16:41:14.760-04:00","source":{"id":"0","name":"eventBus"}}
{"__type":"$$EventMessageNode","id":"74e5ed87-f8c8-41d5-8323-8122af700c6e","ts":"2025-09-16T16:41:15.001-04:00","eventName":"n8n.node.finished","message":"n8n.node.finished","payload":{"workflowId":"KuUapQxZb2543JZU","workflowName":"My workflow","executionId":"88","nodeType":"n8n-nodes-base.httpRequest","nodeName":"HTTP Request1","nodeId":"fef4a9ff-859e-4dd4-887e-dd8a86d8908b"}}
{"__type":"$$EventMessageConfirm","confirm":"74e5ed87-f8c8-41d5-8323-8122af700c6e","ts":"2025-09-16T16:41:15.001-04:00","source":{"id":"0","name":"eventBus"}}
{"__type":"$$EventMessageNode","id":"fe138551-5995-4318-9892-84e3d7c8d678","ts":"2025-09-16T16:41:15.002-04:00","eventName":"n8n.node.started","message":"n8n.node.started","payload":{"workflowId":"KuUapQxZb2543JZU","workflowName":"My workflow","executionId":"88","nodeType":"n8n-nodes-base.code","nodeName":"Code","nodeId":"d9b97012-4df9-47e0-87c4-cd7bf836afdd"}}
{"__type":"$$EventMessageConfirm","confirm":"fe138551-5995-4318-9892-84e3d7c8d678","ts":"2025-09-16T16:41:15.002-04:00","source":{"id":"0","name":"eventBus"}}
{"__type":"$$EventMessageNode","id":"358361a6-38ab-4bd1-aa16-b37186b55dce","ts":"2025-09-16T16:41:15.010-04:00","eventName":"n8n.node.finished","message":"n8n.node.finished","payload":{"workflowId":"KuUapQxZb2543JZU","workflowName":"My workflow","executionId":"88","nodeType":"n8n-nodes-base.code","nodeName":"Code","nodeId":"d9b97012-4df9-47e0-87c4-cd7bf836afdd"}}
{"__type":"$$EventMessageConfirm","confirm":"358361a6-38ab-4bd1-aa16-b37186b55dce","ts":"2025-09-16T16:41:15.010-04:00","source":{"id":"0","name":"eventBus"}}
{"__type":"$$EventMessageNode","id":"9789b67b-a7a4-4190-8f91-00523279a354","ts":"2025-09-16T16:41:15.010-04:00","eventName":"n8n.node.started","message":"n8n.node.started","payload":{"workflowId":"KuUapQxZb2543JZU","workflowName":"My workflow","executionId":"88","nodeType":"n8n-nodes-base.merge","nodeName":"Merge","nodeId":"eaec499b-21f8-4374-b68a-61d750389d0e"}}
{"__type":"$$EventMessageConfirm","confirm":"9789b67b-a7a4-4190-8f91-00523279a354","ts":"2025-09-16T16:41:15.011-04:00","source":{"id":"0","name":"eventBus"}}
{"__type":"$$EventMessageNode","id":"d8c3ef28-9ecf-48b1-84a8-f3f78170ed0f","ts":"2025-09-16T16:41:15.011-04:00","eventName":"n8n.node.finished","message":"n8n.node.finished","payload":{"workflowId":"KuUapQxZb2543JZU","workflowName":"My workflow","executionId":"88","nodeType":"n8n-nodes-base.merge","nodeName":"Merge","nodeId":"eaec499b-21f8-4374-b68a-61d750389d0e"}}
{"__type":"$$EventMessageConfirm","confirm":"d8c3ef28-9ecf-48b1-84a8-f3f78170ed0f","ts":"2025-09-16T16:41:15.011-04:00","source":{"id":"0","name":"eventBus"}}
{"__type":"$$EventMessageNode","id":"4d2f29d5-8de0-4ffb-958b-2b2573c1f8b8","ts":"2025-09-16T16:41:15.012-04:00","eventName":"n8n.node.started","message":"n8n.node.started","payload":{"workflowId":"KuUapQxZb2543JZU","workflowName":"My workflow","executionId":"88","nodeType":"n8n-nodes-base.code","nodeName":"Code1","nodeId":"2b6cb971-61bf-4a14-96c2-5f02b401ea49"}}
{"__type":"$$EventMessageConfirm","confirm":"4d2f29d5-8de0-4ffb-958b-2b2573c1f8b8","ts":"2025-09-16T16:41:15.012-04:00","source":{"id":"0","name":"eventBus"}}
{"__type":"$$EventMessageNode","id":"2b77e091-86f4-4751-8d65-6f4712dd2aa7","ts":"2025-09-16T16:41:15.017-04:00","eventName":"n8n.node.finished","message":"n8n.node.finished","payload":{"workflowId":"KuUapQxZb2543JZU","workflowName":"My workflow","executionId":"88","nodeType":"n8n-nodes-base.code","nodeName":"Code1","nodeId":"2b6cb971-61bf-4a14-96c2-5f02b401ea49"}}
{"__type":"$$EventMessageConfirm","confirm":"2b77e091-86f4-4751-8d65-6f4712dd2aa7","ts":"2025-09-16T16:41:15.017-04:00","source":{"id":"0","name":"eventBus"}}
{"__type":"$$EventMessageNode","id":"8c61d556-b094-4cb6-b866-f33ef0f1cf81","ts":"2025-09-16T16:41:15.018-04:00","eventName":"n8n.node.started","message":"n8n.node.started","payload":{"workflowId":"KuUapQxZb2543JZU","workflowName":"My workflow","executionId":"88","nodeType":"n8n-nodes-base.httpRequest","nodeName":"HTTP Request","nodeId":"a5a3e3d0-259d-4753-9348-a71efbd5971f"}}
{"__type":"$$EventMessageConfirm","confirm":"8c61d556-b094-4cb6-b866-f33ef0f1cf81","ts":"2025-09-16T16:41:15.018-04:00","source":{"id":"0","name":"eventBus"}}
{"__type":"$$EventMessageNode","id":"88ac7f97-59fb-4dbb-81c4-9a9610cad051","ts":"2025-09-16T16:41:15.053-04:00","eventName":"n8n.node.finished","message":"n8n.node.finished","payload":{"workflowId":"KuUapQxZb2543JZU","workflowName":"My workflow","executionId":"88","nodeType":"n8n-nodes-base.httpRequest","nodeName":"HTTP Request","nodeId":"a5a3e3d0-259d-4753-9348-a71efbd5971f"}}
{"__type":"$$EventMessageConfirm","confirm":"88ac7f97-59fb-4dbb-81c4-9a9610cad051","ts":"2025-09-16T16:41:15.053-04:00","source":{"id":"0","name":"eventBus"}}
{"__type":"$$EventMessageNode","id":"0c37c9a5-5b1f-4c5a-a468-377103e31fdb","ts":"2025-09-16T16:41:15.054-04:00","eventName":"n8n.node.started","message":"n8n.node.started","payload":{"workflowId":"KuUapQxZb2543JZU","workflowName":"My workflow","executionId":"88","nodeType":"n8n-nodes-base.code","nodeName":"Code2","nodeId":"a02a286d-b839-4776-8bf0-160645d845a4"}}
{"__type":"$$EventMessageConfirm","confirm":"0c37c9a5-5b1f-4c5a-a468-377103e31fdb","ts":"2025-09-16T16:41:15.054-04:00","source":{"id":"0","name":"eventBus"}}
{"__type":"$$EventMessageNode","id":"be5a9996-619d-4ef4-bd56-704fcbc88708","ts":"2025-09-16T16:41:15.059-04:00","eventName":"n8n.node.finished","message":"n8n.node.finished","payload":{"workflowId":"KuUapQxZb2543JZU","workflowName":"My workflow","executionId":"88","nodeType":"n8n-nodes-base.code","nodeName":"Code2","nodeId":"a02a286d-b839-4776-8bf0-160645d845a4"}}
{"__type":"$$EventMessageConfirm","confirm":"be5a9996-619d-4ef4-bd56-704fcbc88708","ts":"2025-09-16T16:41:15.059-04:00","source":{"id":"0","name":"eventBus"}}
{"__type":"$$EventMessageNode","id":"3649c8e0-af76-4b77-bcb7-87f7895f14b5","ts":"2025-09-16T16:41:15.060-04:00","eventName":"n8n.node.started","message":"n8n.node.started","payload":{"workflowId":"KuUapQxZb2543JZU","workflowName":"My workflow","executionId":"88","nodeType":"n8n-nodes-base.merge","nodeName":"Merge1","nodeId":"c909b640-e716-43a8-9e7d-2b049fc13c6d"}}
{"__type":"$$EventMessageConfirm","confirm":"3649c8e0-af76-4b77-bcb7-87f7895f14b5","ts":"2025-09-16T16:41:15.061-04:00","source":{"id":"0","name":"eventBus"}}
{"__type":"$$EventMessageNode","id":"b672d44e-46e2-41ad-8006-e835460eb8e8","ts":"2025-09-16T16:41:15.062-04:00","eventName":"n8n.node.finished","message":"n8n.node.finished","payload":{"workflowId":"KuUapQxZb2543JZU","workflowName":"My workflow","executionId":"88","nodeType":"n8n-nodes-base.merge","nodeName":"Merge1","nodeId":"c909b640-e716-43a8-9e7d-2b049fc13c6d"}}
{"__type":"$$EventMessageConfirm","confirm":"b672d44e-46e2-41ad-8006-e835460eb8e8","ts":"2025-09-16T16:41:15.062-04:00","source":{"id":"0","name":"eventBus"}}
{"__type":"$$EventMessageNode","id":"5173b37d-ec82-440c-8fd5-f83684786de1","ts":"2025-09-16T16:41:15.063-04:00","eventName":"n8n.node.started","message":"n8n.node.started","payload":{"workflowId":"KuUapQxZb2543JZU","workflowName":"My workflow","executionId":"88","nodeType":"n8n-nodes-base.code","nodeName":"Code3","nodeId":"ea52701e-12c7-4be3-ad0f-c6bd7226ee36"}}
{"__type":"$$EventMessageConfirm","confirm":"5173b37d-ec82-440c-8fd5-f83684786de1","ts":"2025-09-16T16:41:15.063-04:00","source":{"id":"0","name":"eventBus"}}
{"__type":"$$EventMessageNode","id":"3f2079a4-1c4d-48da-b302-d2d72c625bf7","ts":"2025-09-16T16:41:15.073-04:00","eventName":"n8n.node.finished","message":"n8n.node.finished","payload":{"workflowId":"KuUapQxZb2543JZU","workflowName":"My workflow","executionId":"88","nodeType":"n8n-nodes-base.code","nodeName":"Code3","nodeId":"ea52701e-12c7-4be3-ad0f-c6bd7226ee36"}}
{"__type":"$$EventMessageConfirm","confirm":"3f2079a4-1c4d-48da-b302-d2d72c625bf7","ts":"2025-09-16T16:41:15.073-04:00","source":{"id":"0","name":"eventBus"}}
{"__type":"$$EventMessageNode","id":"dd4e4720-def7-4819-b5e1-7768b466236f","ts":"2025-09-16T16:41:15.075-04:00","eventName":"n8n.node.started","message":"n8n.node.started","payload":{"workflowId":"KuUapQxZb2543JZU","workflowName":"My workflow","executionId":"88","nodeType":"n8n-nodes-base.httpRequest","nodeName":"HTTP Request3","nodeId":"51d49410-14d0-4261-9581-ac6691c916b9"}}
{"__type":"$$EventMessageConfirm","confirm":"dd4e4720-def7-4819-b5e1-7768b466236f","ts":"2025-09-16T16:41:15.075-04:00","source":{"id":"0","name":"eventBus"}}
{"__type":"$$EventMessageNode","id":"1bf53236-3325-44a5-ae2b-c50eb7e3a521","ts":"2025-09-16T16:41:16.249-04:00","eventName":"n8n.node.finished","message":"n8n.node.finished","payload":{"workflowId":"KuUapQxZb2543JZU","workflowName":"My workflow","executionId":"88","nodeType":"n8n-nodes-base.httpRequest","nodeName":"HTTP Request3","nodeId":"51d49410-14d0-4261-9581-ac6691c916b9"}}
{"__type":"$$EventMessageConfirm","confirm":"1bf53236-3325-44a5-ae2b-c50eb7e3a521","ts":"2025-09-16T16:41:16.249-04:00","source":{"id":"0","name":"eventBus"}}
{"__type":"$$EventMessageWorkflow","id":"be5c7d48-381a-494b-bb92-6bb63c7aee75","ts":"2025-09-16T16:41:16.251-04:00","eventName":"n8n.workflow.success","message":"n8n.workflow.success","payload":{"userId":"4dcfbad3-4bf8-4f05-9a1d-60cb622c3452","executionId":"88","success":true,"isManual":true,"workflowId":"KuUapQxZb2543JZU","workflowName":"My workflow"}}
{"__type":"$$EventMessageConfirm","confirm":"be5c7d48-381a-494b-bb92-6bb63c7aee75","ts":"2025-09-16T16:41:16.251-04:00","source":{"id":"0","name":"eventBus"}}
{"__type":"$$EventMessageWorkflow","id":"3d869f08-42e3-4c90-bbe6-19b48001a836","ts":"2025-09-16T16:48:46.052-04:00","eventName":"n8n.workflow.started","message":"n8n.workflow.started","payload":{"executionId":"89","workflowId":"KuUapQxZb2543JZU","isManual":false,"workflowName":"My workflow"}}
{"__type":"$$EventMessageConfirm","confirm":"3d869f08-42e3-4c90-bbe6-19b48001a836","ts":"2025-09-16T16:48:46.053-04:00","source":{"id":"0","name":"eventBus"}}
{"__type":"$$EventMessageNode","id":"0836a6e1-c3aa-4524-8fd0-318469e58ceb","ts":"2025-09-16T16:48:46.056-04:00","eventName":"n8n.node.started","message":"n8n.node.started","payload":{"workflowId":"KuUapQxZb2543JZU","workflowName":"My workflow","executionId":"89","nodeType":"n8n-nodes-base.code","nodeName":"Code4","nodeId":"4960cbb1-5fed-4ff1-8c54-80b5b0c7e640"}}
{"__type":"$$EventMessageConfirm","confirm":"0836a6e1-c3aa-4524-8fd0-318469e58ceb","ts":"2025-09-16T16:48:46.056-04:00","source":{"id":"0","name":"eventBus"}}
{"__type":"$$EventMessageNode","id":"b37fee74-a867-4129-84db-e3d4aa01d568","ts":"2025-09-16T16:48:46.081-04:00","eventName":"n8n.node.finished","message":"n8n.node.finished","payload":{"workflowId":"KuUapQxZb2543JZU","workflowName":"My workflow","executionId":"89","nodeType":"n8n-nodes-base.code","nodeName":"Code4","nodeId":"4960cbb1-5fed-4ff1-8c54-80b5b0c7e640"}}
{"__type":"$$EventMessageConfirm","confirm":"b37fee74-a867-4129-84db-e3d4aa01d568","ts":"2025-09-16T16:48:46.081-04:00","source":{"id":"0","name":"eventBus"}}
{"__type":"$$EventMessageWorkflow","id":"e8f9f36f-4516-41ca-9b67-0e5a9431f302","ts":"2025-09-16T16:48:46.083-04:00","eventName":"n8n.workflow.failed","message":"n8n.workflow.failed","payload":{"userId":"4dcfbad3-4bf8-4f05-9a1d-60cb622c3452","executionId":"89","success":false,"isManual":true,"workflowId":"KuUapQxZb2543JZU","workflowName":"My workflow","lastNodeExecuted":"Code4","errorNodeType":"n8n-nodes-base.code","errorMessage":"A 'json' property isn't an object [item 0]"}}
{"__type":"$$EventMessageConfirm","confirm":"e8f9f36f-4516-41ca-9b67-0e5a9431f302","ts":"2025-09-16T16:48:46.084-04:00","source":{"id":"0","name":"eventBus"}}
{"__type":"$$EventMessageWorkflow","id":"362b3700-7600-4304-8b71-f65198191611","ts":"2025-09-16T16:49:36.136-04:00","eventName":"n8n.workflow.started","message":"n8n.workflow.started","payload":{"executionId":"90","workflowId":"KuUapQxZb2543JZU","isManual":false,"workflowName":"My workflow"}}
{"__type":"$$EventMessageConfirm","confirm":"362b3700-7600-4304-8b71-f65198191611","ts":"2025-09-16T16:49:36.137-04:00","source":{"id":"0","name":"eventBus"}}
{"__type":"$$EventMessageNode","id":"93c4e2ec-e3b9-4469-bc90-7c2034cf30b7","ts":"2025-09-16T16:49:36.139-04:00","eventName":"n8n.node.started","message":"n8n.node.started","payload":{"workflowId":"KuUapQxZb2543JZU","workflowName":"My workflow","executionId":"90","nodeType":"n8n-nodes-base.code","nodeName":"Code4","nodeId":"4960cbb1-5fed-4ff1-8c54-80b5b0c7e640"}}
{"__type":"$$EventMessageConfirm","confirm":"93c4e2ec-e3b9-4469-bc90-7c2034cf30b7","ts":"2025-09-16T16:49:36.139-04:00","source":{"id":"0","name":"eventBus"}}
{"__type":"$$EventMessageNode","id":"4986f85f-b38d-4427-b99c-2683034df057","ts":"2025-09-16T16:49:36.155-04:00","eventName":"n8n.node.finished","message":"n8n.node.finished","payload":{"workflowId":"KuUapQxZb2543JZU","workflowName":"My workflow","executionId":"90","nodeType":"n8n-nodes-base.code","nodeName":"Code4","nodeId":"4960cbb1-5fed-4ff1-8c54-80b5b0c7e640"}}
{"__type":"$$EventMessageConfirm","confirm":"4986f85f-b38d-4427-b99c-2683034df057","ts":"2025-09-16T16:49:36.156-04:00","source":{"id":"0","name":"eventBus"}}
{"__type":"$$EventMessageWorkflow","id":"7e7b8c46-d804-408b-95d8-69ebe11b2354","ts":"2025-09-16T16:49:36.158-04:00","eventName":"n8n.workflow.failed","message":"n8n.workflow.failed","payload":{"userId":"4dcfbad3-4bf8-4f05-9a1d-60cb622c3452","executionId":"90","success":false,"isManual":true,"workflowId":"KuUapQxZb2543JZU","workflowName":"My workflow","lastNodeExecuted":"Code4","errorNodeType":"n8n-nodes-base.code","errorMessage":"A 'json' property isn't an object [item 0]"}}
{"__type":"$$EventMessageConfirm","confirm":"7e7b8c46-d804-408b-95d8-69ebe11b2354","ts":"2025-09-16T16:49:36.158-04:00","source":{"id":"0","name":"eventBus"}}
{"__type":"$$EventMessageWorkflow","id":"d6ee463b-14ae-4b93-944c-63fd7c68ae69","ts":"2025-09-16T16:50:49.339-04:00","eventName":"n8n.workflow.started","message":"n8n.workflow.started","payload":{"executionId":"91","workflowId":"KuUapQxZb2543JZU","isManual":false,"workflowName":"My workflow"}}
{"__type":"$$EventMessageConfirm","confirm":"d6ee463b-14ae-4b93-944c-63fd7c68ae69","ts":"2025-09-16T16:50:49.340-04:00","source":{"id":"0","name":"eventBus"}}
{"__type":"$$EventMessageNode","id":"ec34902c-f16f-49a2-95d0-606a3a2efe87","ts":"2025-09-16T16:50:49.345-04:00","eventName":"n8n.node.started","message":"n8n.node.started","payload":{"workflowId":"KuUapQxZb2543JZU","workflowName":"My workflow","executionId":"91","nodeType":"n8n-nodes-base.code","nodeName":"Code4","nodeId":"4960cbb1-5fed-4ff1-8c54-80b5b0c7e640"}}
{"__type":"$$EventMessageConfirm","confirm":"ec34902c-f16f-49a2-95d0-606a3a2efe87","ts":"2025-09-16T16:50:49.345-04:00","source":{"id":"0","name":"eventBus"}}
{"__type":"$$EventMessageNode","id":"1cff021a-a74c-4473-ad16-f34b28a4c40d","ts":"2025-09-16T16:50:49.358-04:00","eventName":"n8n.node.finished","message":"n8n.node.finished","payload":{"workflowId":"KuUapQxZb2543JZU","workflowName":"My workflow","executionId":"91","nodeType":"n8n-nodes-base.code","nodeName":"Code4","nodeId":"4960cbb1-5fed-4ff1-8c54-80b5b0c7e640"}}
{"__type":"$$EventMessageConfirm","confirm":"1cff021a-a74c-4473-ad16-f34b28a4c40d","ts":"2025-09-16T16:50:49.359-04:00","source":{"id":"0","name":"eventBus"}}
{"__type":"$$EventMessageWorkflow","id":"f7c436f2-9b67-43b3-b83d-5447a4244dc4","ts":"2025-09-16T16:50:49.361-04:00","eventName":"n8n.workflow.failed","message":"n8n.workflow.failed","payload":{"userId":"4dcfbad3-4bf8-4f05-9a1d-60cb622c3452","executionId":"91","success":false,"isManual":true,"workflowId":"KuUapQxZb2543JZU","workflowName":"My workflow","lastNodeExecuted":"Code4","errorNodeType":"n8n-nodes-base.code","errorMessage":"A 'json' property isn't an object [item 0]"}}
{"__type":"$$EventMessageConfirm","confirm":"f7c436f2-9b67-43b3-b83d-5447a4244dc4","ts":"2025-09-16T16:50:49.362-04:00","source":{"id":"0","name":"eventBus"}}
{"__type":"$$EventMessageWorkflow","id":"b2447673-ef68-48e0-bbf1-06fbd9d049b6","ts":"2025-09-16T16:51:40.706-04:00","eventName":"n8n.workflow.started","message":"n8n.workflow.started","payload":{"executionId":"92","workflowId":"KuUapQxZb2543JZU","isManual":false,"workflowName":"My workflow"}}
{"__type":"$$EventMessageConfirm","confirm":"b2447673-ef68-48e0-bbf1-06fbd9d049b6","ts":"2025-09-16T16:51:40.706-04:00","source":{"id":"0","name":"eventBus"}}
{"__type":"$$EventMessageNode","id":"6d246c9a-1baf-4c95-9199-e60611ef3261","ts":"2025-09-16T16:51:40.712-04:00","eventName":"n8n.node.started","message":"n8n.node.started","payload":{"workflowId":"KuUapQxZb2543JZU","workflowName":"My workflow","executionId":"92","nodeType":"n8n-nodes-base.code","nodeName":"Code4","nodeId":"4960cbb1-5fed-4ff1-8c54-80b5b0c7e640"}}
{"__type":"$$EventMessageConfirm","confirm":"6d246c9a-1baf-4c95-9199-e60611ef3261","ts":"2025-09-16T16:51:40.712-04:00","source":{"id":"0","name":"eventBus"}}
{"__type":"$$EventMessageNode","id":"c78eabd4-f33f-48be-a657-e0ee698df87f","ts":"2025-09-16T16:51:40.735-04:00","eventName":"n8n.node.finished","message":"n8n.node.finished","payload":{"workflowId":"KuUapQxZb2543JZU","workflowName":"My workflow","executionId":"92","nodeType":"n8n-nodes-base.code","nodeName":"Code4","nodeId":"4960cbb1-5fed-4ff1-8c54-80b5b0c7e640"}}
{"__type":"$$EventMessageConfirm","confirm":"c78eabd4-f33f-48be-a657-e0ee698df87f","ts":"2025-09-16T16:51:40.735-04:00","source":{"id":"0","name":"eventBus"}}
{"__type":"$$EventMessageWorkflow","id":"abf3e7c3-3fd1-415b-a681-aabac6747c7b","ts":"2025-09-16T16:51:40.743-04:00","eventName":"n8n.workflow.failed","message":"n8n.workflow.failed","payload":{"userId":"4dcfbad3-4bf8-4f05-9a1d-60cb622c3452","executionId":"92","success":false,"isManual":true,"workflowId":"KuUapQxZb2543JZU","workflowName":"My workflow","lastNodeExecuted":"Code4","errorNodeType":"n8n-nodes-base.code","errorMessage":"A 'json' property isn't an object [item 0]"}}
{"__type":"$$EventMessageConfirm","confirm":"abf3e7c3-3fd1-415b-a681-aabac6747c7b","ts":"2025-09-16T16:51:40.743-04:00","source":{"id":"0","name":"eventBus"}}
{"__type":"$$EventMessageWorkflow","id":"5a43080b-0582-4ffa-bce6-6e29674089ab","ts":"2025-09-16T16:53:48.940-04:00","eventName":"n8n.workflow.started","message":"n8n.workflow.started","payload":{"executionId":"93","workflowId":"KuUapQxZb2543JZU","isManual":false,"workflowName":"My workflow"}}
{"__type":"$$EventMessageConfirm","confirm":"5a43080b-0582-4ffa-bce6-6e29674089ab","ts":"2025-09-16T16:53:48.941-04:00","source":{"id":"0","name":"eventBus"}}
{"__type":"$$EventMessageNode","id":"14e9aa71-b02c-4e92-9eb5-bae6c117c8e0","ts":"2025-09-16T16:53:48.952-04:00","eventName":"n8n.node.started","message":"n8n.node.started","payload":{"workflowId":"KuUapQxZb2543JZU","workflowName":"My workflow","executionId":"93","nodeType":"n8n-nodes-base.code","nodeName":"Code4","nodeId":"4960cbb1-5fed-4ff1-8c54-80b5b0c7e640"}}
{"__type":"$$EventMessageConfirm","confirm":"14e9aa71-b02c-4e92-9eb5-bae6c117c8e0","ts":"2025-09-16T16:53:48.952-04:00","source":{"id":"0","name":"eventBus"}}
{"__type":"$$EventMessageNode","id":"0a0b24e1-e233-4ab7-a074-8688f3e3bb67","ts":"2025-09-16T16:53:48.977-04:00","eventName":"n8n.node.finished","message":"n8n.node.finished","payload":{"workflowId":"KuUapQxZb2543JZU","workflowName":"My workflow","executionId":"93","nodeType":"n8n-nodes-base.code","nodeName":"Code4","nodeId":"4960cbb1-5fed-4ff1-8c54-80b5b0c7e640"}}
{"__type":"$$EventMessageConfirm","confirm":"0a0b24e1-e233-4ab7-a074-8688f3e3bb67","ts":"2025-09-16T16:53:48.977-04:00","source":{"id":"0","name":"eventBus"}}
{"__type":"$$EventMessageWorkflow","id":"721e0e99-ca49-4092-bc3e-e592afc5764b","ts":"2025-09-16T16:53:48.980-04:00","eventName":"n8n.workflow.failed","message":"n8n.workflow.failed","payload":{"userId":"4dcfbad3-4bf8-4f05-9a1d-60cb622c3452","executionId":"93","success":false,"isManual":true,"workflowId":"KuUapQxZb2543JZU","workflowName":"My workflow","lastNodeExecuted":"Code4","errorNodeType":"n8n-nodes-base.code","errorMessage":"A 'json' property isn't an object [item 0]"}}
{"__type":"$$EventMessageConfirm","confirm":"721e0e99-ca49-4092-bc3e-e592afc5764b","ts":"2025-09-16T16:53:48.980-04:00","source":{"id":"0","name":"eventBus"}}
{"__type":"$$EventMessageAudit","id":"62567c73-48dd-432a-a0c9-d2b92bfb157b","ts":"2025-09-16T16:54:21.794-04:00","eventName":"n8n.audit.workflow.updated","message":"n8n.audit.workflow.updated","payload":{"userId":"4dcfbad3-4bf8-4f05-9a1d-60cb622c3452","_email":"programmermoustafa@gmail.com","_firstName":"Moustafa","_lastName":"Haydar","globalRole":"global:owner","workflowId":"KuUapQxZb2543JZU","workflowName":"My workflow"}}
{"__type":"$$EventMessageConfirm","confirm":"62567c73-48dd-432a-a0c9-d2b92bfb157b","ts":"2025-09-16T16:54:21.795-04:00","source":{"id":"0","name":"eventBus"}}
{"__type":"$$EventMessageAudit","id":"50351ad3-c2c4-4207-a3ac-e14bbd995e49","ts":"2025-09-16T16:54:32.174-04:00","eventName":"n8n.audit.workflow.updated","message":"n8n.audit.workflow.updated","payload":{"userId":"4dcfbad3-4bf8-4f05-9a1d-60cb622c3452","_email":"programmermoustafa@gmail.com","_firstName":"Moustafa","_lastName":"Haydar","globalRole":"global:owner","workflowId":"KuUapQxZb2543JZU","workflowName":"My workflow"}}
{"__type":"$$EventMessageConfirm","confirm":"50351ad3-c2c4-4207-a3ac-e14bbd995e49","ts":"2025-09-16T16:54:32.174-04:00","source":{"id":"0","name":"eventBus"}}
{"__type":"$$EventMessageAudit","id":"47d9866d-98b9-45d7-9326-3d3238c91359","ts":"2025-09-16T16:54:39.964-04:00","eventName":"n8n.audit.workflow.updated","message":"n8n.audit.workflow.updated","payload":{"userId":"4dcfbad3-4bf8-4f05-9a1d-60cb622c3452","_email":"programmermoustafa@gmail.com","_firstName":"Moustafa","_lastName":"Haydar","globalRole":"global:owner","workflowId":"KuUapQxZb2543JZU","workflowName":"My workflow"}}
{"__type":"$$EventMessageConfirm","confirm":"47d9866d-98b9-45d7-9326-3d3238c91359","ts":"2025-09-16T16:54:39.964-04:00","source":{"id":"0","name":"eventBus"}}
{"__type":"$$EventMessageWorkflow","id":"7aae88f6-1215-423b-8f4c-288bc4e28eb2","ts":"2025-09-16T16:55:00.261-04:00","eventName":"n8n.workflow.started","message":"n8n.workflow.started","payload":{"executionId":"94","workflowId":"KuUapQxZb2543JZU","isManual":false,"workflowName":"My workflow"}}
{"__type":"$$EventMessageConfirm","confirm":"7aae88f6-1215-423b-8f4c-288bc4e28eb2","ts":"2025-09-16T16:55:00.261-04:00","source":{"id":"0","name":"eventBus"}}
{"__type":"$$EventMessageNode","id":"0f65bffb-ce8c-4baf-bba5-e82390ab2820","ts":"2025-09-16T16:55:00.264-04:00","eventName":"n8n.node.started","message":"n8n.node.started","payload":{"workflowId":"KuUapQxZb2543JZU","workflowName":"My workflow","executionId":"94","nodeType":"n8n-nodes-base.code","nodeName":"Code4","nodeId":"4960cbb1-5fed-4ff1-8c54-80b5b0c7e640"}}
{"__type":"$$EventMessageConfirm","confirm":"0f65bffb-ce8c-4baf-bba5-e82390ab2820","ts":"2025-09-16T16:55:00.264-04:00","source":{"id":"0","name":"eventBus"}}
{"__type":"$$EventMessageNode","id":"74d01d15-ff11-40a0-b553-7688e65d4307","ts":"2025-09-16T16:55:00.287-04:00","eventName":"n8n.node.finished","message":"n8n.node.finished","payload":{"workflowId":"KuUapQxZb2543JZU","workflowName":"My workflow","executionId":"94","nodeType":"n8n-nodes-base.code","nodeName":"Code4","nodeId":"4960cbb1-5fed-4ff1-8c54-80b5b0c7e640"}}
{"__type":"$$EventMessageConfirm","confirm":"74d01d15-ff11-40a0-b553-7688e65d4307","ts":"2025-09-16T16:55:00.287-04:00","source":{"id":"0","name":"eventBus"}}
{"__type":"$$EventMessageWorkflow","id":"e3141323-68ce-4dd8-8f39-aa3a0189337b","ts":"2025-09-16T16:55:00.289-04:00","eventName":"n8n.workflow.failed","message":"n8n.workflow.failed","payload":{"userId":"4dcfbad3-4bf8-4f05-9a1d-60cb622c3452","executionId":"94","success":false,"isManual":true,"workflowId":"KuUapQxZb2543JZU","workflowName":"My workflow","lastNodeExecuted":"Code4","errorNodeType":"n8n-nodes-base.code","errorMessage":"Unexpected token '{' [line 3]"}}
{"__type":"$$EventMessageConfirm","confirm":"e3141323-68ce-4dd8-8f39-aa3a0189337b","ts":"2025-09-16T16:55:00.294-04:00","source":{"id":"0","name":"eventBus"}}
{"__type":"$$EventMessageAudit","id":"c3d20a5b-c579-4f48-aab5-9232ed4e37b6","ts":"2025-09-16T16:55:31.344-04:00","eventName":"n8n.audit.workflow.updated","message":"n8n.audit.workflow.updated","payload":{"userId":"4dcfbad3-4bf8-4f05-9a1d-60cb622c3452","_email":"programmermoustafa@gmail.com","_firstName":"Moustafa","_lastName":"Haydar","globalRole":"global:owner","workflowId":"KuUapQxZb2543JZU","workflowName":"My workflow"}}
{"__type":"$$EventMessageConfirm","confirm":"c3d20a5b-c579-4f48-aab5-9232ed4e37b6","ts":"2025-09-16T16:55:31.344-04:00","source":{"id":"0","name":"eventBus"}}
{"__type":"$$EventMessageWorkflow","id":"513ae9fe-6256-457a-bc86-d5d81f0d4f5f","ts":"2025-09-16T16:55:32.187-04:00","eventName":"n8n.workflow.started","message":"n8n.workflow.started","payload":{"executionId":"95","workflowId":"KuUapQxZb2543JZU","isManual":false,"workflowName":"My workflow"}}
{"__type":"$$EventMessageConfirm","confirm":"513ae9fe-6256-457a-bc86-d5d81f0d4f5f","ts":"2025-09-16T16:55:32.187-04:00","source":{"id":"0","name":"eventBus"}}
{"__type":"$$EventMessageNode","id":"37e25ae8-b7a3-4d7e-a494-871425a118aa","ts":"2025-09-16T16:55:32.191-04:00","eventName":"n8n.node.started","message":"n8n.node.started","payload":{"workflowId":"KuUapQxZb2543JZU","workflowName":"My workflow","executionId":"95","nodeType":"n8n-nodes-base.code","nodeName":"Code4","nodeId":"4960cbb1-5fed-4ff1-8c54-80b5b0c7e640"}}
{"__type":"$$EventMessageConfirm","confirm":"37e25ae8-b7a3-4d7e-a494-871425a118aa","ts":"2025-09-16T16:55:32.192-04:00","source":{"id":"0","name":"eventBus"}}
{"__type":"$$EventMessageNode","id":"052b2e44-f80b-461a-9f04-f06e9d96b1b9","ts":"2025-09-16T16:55:32.201-04:00","eventName":"n8n.node.finished","message":"n8n.node.finished","payload":{"workflowId":"KuUapQxZb2543JZU","workflowName":"My workflow","executionId":"95","nodeType":"n8n-nodes-base.code","nodeName":"Code4","nodeId":"4960cbb1-5fed-4ff1-8c54-80b5b0c7e640"}}
{"__type":"$$EventMessageConfirm","confirm":"052b2e44-f80b-461a-9f04-f06e9d96b1b9","ts":"2025-09-16T16:55:32.201-04:00","source":{"id":"0","name":"eventBus"}}
{"__type":"$$EventMessageWorkflow","id":"7722bd96-b7fb-4796-bfc3-de0fd691d139","ts":"2025-09-16T16:55:32.209-04:00","eventName":"n8n.workflow.failed","message":"n8n.workflow.failed","payload":{"userId":"4dcfbad3-4bf8-4f05-9a1d-60cb622c3452","executionId":"95","success":false,"isManual":true,"workflowId":"KuUapQxZb2543JZU","workflowName":"My workflow","lastNodeExecuted":"Code4","errorNodeType":"n8n-nodes-base.code","errorMessage":"Unexpected token '{' [line 3]"}}
{"__type":"$$EventMessageConfirm","confirm":"7722bd96-b7fb-4796-bfc3-de0fd691d139","ts":"2025-09-16T16:55:32.210-04:00","source":{"id":"0","name":"eventBus"}}
{"__type":"$$EventMessageWorkflow","id":"4c12873c-baf4-4207-afa1-b13f1467bf7f","ts":"2025-09-16T16:56:34.450-04:00","eventName":"n8n.workflow.started","message":"n8n.workflow.started","payload":{"executionId":"96","workflowId":"KuUapQxZb2543JZU","isManual":false,"workflowName":"My workflow"}}
{"__type":"$$EventMessageConfirm","confirm":"4c12873c-baf4-4207-afa1-b13f1467bf7f","ts":"2025-09-16T16:56:34.451-04:00","source":{"id":"0","name":"eventBus"}}
{"__type":"$$EventMessageNode","id":"c8d835e2-83de-4252-90e4-18b70422f9ef","ts":"2025-09-16T16:56:34.453-04:00","eventName":"n8n.node.started","message":"n8n.node.started","payload":{"workflowId":"KuUapQxZb2543JZU","workflowName":"My workflow","executionId":"96","nodeType":"n8n-nodes-base.code","nodeName":"Code4","nodeId":"4960cbb1-5fed-4ff1-8c54-80b5b0c7e640"}}
{"__type":"$$EventMessageConfirm","confirm":"c8d835e2-83de-4252-90e4-18b70422f9ef","ts":"2025-09-16T16:56:34.453-04:00","source":{"id":"0","name":"eventBus"}}
{"__type":"$$EventMessageNode","id":"4e93a596-4f1d-413b-8c51-96bb20a58596","ts":"2025-09-16T16:56:34.462-04:00","eventName":"n8n.node.finished","message":"n8n.node.finished","payload":{"workflowId":"KuUapQxZb2543JZU","workflowName":"My workflow","executionId":"96","nodeType":"n8n-nodes-base.code","nodeName":"Code4","nodeId":"4960cbb1-5fed-4ff1-8c54-80b5b0c7e640"}}
{"__type":"$$EventMessageConfirm","confirm":"4e93a596-4f1d-413b-8c51-96bb20a58596","ts":"2025-09-16T16:56:34.464-04:00","source":{"id":"0","name":"eventBus"}}
{"__type":"$$EventMessageWorkflow","id":"e8efe8aa-c3de-4b82-beca-fce9a9db5114","ts":"2025-09-16T16:56:34.472-04:00","eventName":"n8n.workflow.failed","message":"n8n.workflow.failed","payload":{"userId":"4dcfbad3-4bf8-4f05-9a1d-60cb622c3452","executionId":"96","success":false,"isManual":true,"workflowId":"KuUapQxZb2543JZU","workflowName":"My workflow","lastNodeExecuted":"Code4","errorNodeType":"n8n-nodes-base.code","errorMessage":"Unexpected token ';' [line 3]"}}
{"__type":"$$EventMessageConfirm","confirm":"e8efe8aa-c3de-4b82-beca-fce9a9db5114","ts":"2025-09-16T16:56:34.472-04:00","source":{"id":"0","name":"eventBus"}}
{"__type":"$$EventMessageWorkflow","id":"04a05778-ce94-4921-94c7-c5a36293bfe4","ts":"2025-09-16T16:56:44.128-04:00","eventName":"n8n.workflow.started","message":"n8n.workflow.started","payload":{"executionId":"97","workflowId":"KuUapQxZb2543JZU","isManual":false,"workflowName":"My workflow"}}
{"__type":"$$EventMessageConfirm","confirm":"04a05778-ce94-4921-94c7-c5a36293bfe4","ts":"2025-09-16T16:56:44.128-04:00","source":{"id":"0","name":"eventBus"}}
{"__type":"$$EventMessageNode","id":"af3c9d3f-1ea6-4d50-af81-97460e638d92","ts":"2025-09-16T16:56:44.135-04:00","eventName":"n8n.node.started","message":"n8n.node.started","payload":{"workflowId":"KuUapQxZb2543JZU","workflowName":"My workflow","executionId":"97","nodeType":"n8n-nodes-base.code","nodeName":"Code4","nodeId":"4960cbb1-5fed-4ff1-8c54-80b5b0c7e640"}}
{"__type":"$$EventMessageConfirm","confirm":"af3c9d3f-1ea6-4d50-af81-97460e638d92","ts":"2025-09-16T16:56:44.141-04:00","source":{"id":"0","name":"eventBus"}}
{"__type":"$$EventMessageNode","id":"b2a4e44f-ab8e-4717-bdd9-f031acb7f742","ts":"2025-09-16T16:56:44.167-04:00","eventName":"n8n.node.finished","message":"n8n.node.finished","payload":{"workflowId":"KuUapQxZb2543JZU","workflowName":"My workflow","executionId":"97","nodeType":"n8n-nodes-base.code","nodeName":"Code4","nodeId":"4960cbb1-5fed-4ff1-8c54-80b5b0c7e640"}}
{"__type":"$$EventMessageConfirm","confirm":"b2a4e44f-ab8e-4717-bdd9-f031acb7f742","ts":"2025-09-16T16:56:44.167-04:00","source":{"id":"0","name":"eventBus"}}
{"__type":"$$EventMessageWorkflow","id":"3a9421a3-9ad6-43e6-8994-f778cfd0bf00","ts":"2025-09-16T16:56:44.175-04:00","eventName":"n8n.workflow.failed","message":"n8n.workflow.failed","payload":{"userId":"4dcfbad3-4bf8-4f05-9a1d-60cb622c3452","executionId":"97","success":false,"isManual":true,"workflowId":"KuUapQxZb2543JZU","workflowName":"My workflow","lastNodeExecuted":"Code4","errorNodeType":"n8n-nodes-base.code","errorMessage":"Unexpected token ';' [line 4]"}}
{"__type":"$$EventMessageConfirm","confirm":"3a9421a3-9ad6-43e6-8994-f778cfd0bf00","ts":"2025-09-16T16:56:44.175-04:00","source":{"id":"0","name":"eventBus"}}
{"__type":"$$EventMessageAudit","id":"d09f684e-5e1c-4666-93ca-2ff9b78fb888","ts":"2025-09-16T16:57:03.559-04:00","eventName":"n8n.audit.workflow.updated","message":"n8n.audit.workflow.updated","payload":{"userId":"4dcfbad3-4bf8-4f05-9a1d-60cb622c3452","_email":"programmermoustafa@gmail.com","_firstName":"Moustafa","_lastName":"Haydar","globalRole":"global:owner","workflowId":"KuUapQxZb2543JZU","workflowName":"My workflow"}}
{"__type":"$$EventMessageConfirm","confirm":"d09f684e-5e1c-4666-93ca-2ff9b78fb888","ts":"2025-09-16T16:57:03.559-04:00","source":{"id":"0","name":"eventBus"}}
{"__type":"$$EventMessageWorkflow","id":"40d455be-5c58-47a8-8688-d6f5a2d8ac68","ts":"2025-09-16T16:57:04.076-04:00","eventName":"n8n.workflow.started","message":"n8n.workflow.started","payload":{"executionId":"98","workflowId":"KuUapQxZb2543JZU","isManual":false,"workflowName":"My workflow"}}
{"__type":"$$EventMessageConfirm","confirm":"40d455be-5c58-47a8-8688-d6f5a2d8ac68","ts":"2025-09-16T16:57:04.076-04:00","source":{"id":"0","name":"eventBus"}}
{"__type":"$$EventMessageNode","id":"4185831b-bba7-478d-a981-7e018a7b0a6b","ts":"2025-09-16T16:57:04.080-04:00","eventName":"n8n.node.started","message":"n8n.node.started","payload":{"workflowId":"KuUapQxZb2543JZU","workflowName":"My workflow","executionId":"98","nodeType":"n8n-nodes-base.code","nodeName":"Code4","nodeId":"4960cbb1-5fed-4ff1-8c54-80b5b0c7e640"}}
{"__type":"$$EventMessageConfirm","confirm":"4185831b-bba7-478d-a981-7e018a7b0a6b","ts":"2025-09-16T16:57:04.080-04:00","source":{"id":"0","name":"eventBus"}}
{"__type":"$$EventMessageNode","id":"fdc7c19d-7f70-4cef-a405-4a79367382ce","ts":"2025-09-16T16:57:04.090-04:00","eventName":"n8n.node.finished","message":"n8n.node.finished","payload":{"workflowId":"KuUapQxZb2543JZU","workflowName":"My workflow","executionId":"98","nodeType":"n8n-nodes-base.code","nodeName":"Code4","nodeId":"4960cbb1-5fed-4ff1-8c54-80b5b0c7e640"}}
{"__type":"$$EventMessageConfirm","confirm":"fdc7c19d-7f70-4cef-a405-4a79367382ce","ts":"2025-09-16T16:57:04.090-04:00","source":{"id":"0","name":"eventBus"}}
{"__type":"$$EventMessageWorkflow","id":"41547fee-3bfd-4554-b306-5cdcbe29153f","ts":"2025-09-16T16:57:04.092-04:00","eventName":"n8n.workflow.failed","message":"n8n.workflow.failed","payload":{"userId":"4dcfbad3-4bf8-4f05-9a1d-60cb622c3452","executionId":"98","success":false,"isManual":true,"workflowId":"KuUapQxZb2543JZU","workflowName":"My workflow","lastNodeExecuted":"Code4","errorNodeType":"n8n-nodes-base.code","errorMessage":"Unexpected token ';' [line 4]"}}
{"__type":"$$EventMessageConfirm","confirm":"41547fee-3bfd-4554-b306-5cdcbe29153f","ts":"2025-09-16T16:57:04.092-04:00","source":{"id":"0","name":"eventBus"}}
{"__type":"$$EventMessageWorkflow","id":"764de8b2-f991-44fb-8f06-21c29d74d327","ts":"2025-09-16T16:57:05.022-04:00","eventName":"n8n.workflow.started","message":"n8n.workflow.started","payload":{"executionId":"99","workflowId":"KuUapQxZb2543JZU","isManual":false,"workflowName":"My workflow"}}
{"__type":"$$EventMessageConfirm","confirm":"764de8b2-f991-44fb-8f06-21c29d74d327","ts":"2025-09-16T16:57:05.022-04:00","source":{"id":"0","name":"eventBus"}}
{"__type":"$$EventMessageNode","id":"4e9fc5cc-d62d-4bc5-8222-d8a74e23acf0","ts":"2025-09-16T16:57:05.024-04:00","eventName":"n8n.node.started","message":"n8n.node.started","payload":{"workflowId":"KuUapQxZb2543JZU","workflowName":"My workflow","executionId":"99","nodeType":"n8n-nodes-base.code","nodeName":"Code4","nodeId":"4960cbb1-5fed-4ff1-8c54-80b5b0c7e640"}}
{"__type":"$$EventMessageConfirm","confirm":"4e9fc5cc-d62d-4bc5-8222-d8a74e23acf0","ts":"2025-09-16T16:57:05.024-04:00","source":{"id":"0","name":"eventBus"}}
{"__type":"$$EventMessageNode","id":"1c9b8478-923e-4e93-b7a0-0273762aa1af","ts":"2025-09-16T16:57:05.039-04:00","eventName":"n8n.node.finished","message":"n8n.node.finished","payload":{"workflowId":"KuUapQxZb2543JZU","workflowName":"My workflow","executionId":"99","nodeType":"n8n-nodes-base.code","nodeName":"Code4","nodeId":"4960cbb1-5fed-4ff1-8c54-80b5b0c7e640"}}
{"__type":"$$EventMessageConfirm","confirm":"1c9b8478-923e-4e93-b7a0-0273762aa1af","ts":"2025-09-16T16:57:05.040-04:00","source":{"id":"0","name":"eventBus"}}
{"__type":"$$EventMessageWorkflow","id":"3344d674-21ca-4eb0-9885-064ea6ec6a4d","ts":"2025-09-16T16:57:05.042-04:00","eventName":"n8n.workflow.failed","message":"n8n.workflow.failed","payload":{"userId":"4dcfbad3-4bf8-4f05-9a1d-60cb622c3452","executionId":"99","success":false,"isManual":true,"workflowId":"KuUapQxZb2543JZU","workflowName":"My workflow","lastNodeExecuted":"Code4","errorNodeType":"n8n-nodes-base.code","errorMessage":"Unexpected token ';' [line 4]"}}
{"__type":"$$EventMessageConfirm","confirm":"3344d674-21ca-4eb0-9885-064ea6ec6a4d","ts":"2025-09-16T16:57:05.042-04:00","source":{"id":"0","name":"eventBus"}}
{"__type":"$$EventMessageWorkflow","id":"91d2a541-b6c9-487c-bf75-21918b282a96","ts":"2025-09-16T17:11:56.121-04:00","eventName":"n8n.workflow.started","message":"n8n.workflow.started","payload":{"executionId":"100","workflowId":"KuUapQxZb2543JZU","isManual":false,"workflowName":"My workflow"}}
{"__type":"$$EventMessageConfirm","confirm":"91d2a541-b6c9-487c-bf75-21918b282a96","ts":"2025-09-16T17:11:56.121-04:00","source":{"id":"0","name":"eventBus"}}
{"__type":"$$EventMessageNode","id":"fdc1f9fc-0ad9-4ff2-9b47-e512a0c3dd60","ts":"2025-09-16T17:11:56.125-04:00","eventName":"n8n.node.started","message":"n8n.node.started","payload":{"workflowId":"KuUapQxZb2543JZU","workflowName":"My workflow","executionId":"100","nodeType":"n8n-nodes-base.code","nodeName":"Code4","nodeId":"4960cbb1-5fed-4ff1-8c54-80b5b0c7e640"}}
{"__type":"$$EventMessageConfirm","confirm":"fdc1f9fc-0ad9-4ff2-9b47-e512a0c3dd60","ts":"2025-09-16T17:11:56.126-04:00","source":{"id":"0","name":"eventBus"}}
{"__type":"$$EventMessageNode","id":"23f5e6d4-6105-4503-bf01-b24083ac62b3","ts":"2025-09-16T17:11:56.137-04:00","eventName":"n8n.node.finished","message":"n8n.node.finished","payload":{"workflowId":"KuUapQxZb2543JZU","workflowName":"My workflow","executionId":"100","nodeType":"n8n-nodes-base.code","nodeName":"Code4","nodeId":"4960cbb1-5fed-4ff1-8c54-80b5b0c7e640"}}
{"__type":"$$EventMessageConfirm","confirm":"23f5e6d4-6105-4503-bf01-b24083ac62b3","ts":"2025-09-16T17:11:56.137-04:00","source":{"id":"0","name":"eventBus"}}
{"__type":"$$EventMessageWorkflow","id":"28c63e00-ef9d-402b-a858-2fe7b8843c72","ts":"2025-09-16T17:11:56.141-04:00","eventName":"n8n.workflow.failed","message":"n8n.workflow.failed","payload":{"userId":"4dcfbad3-4bf8-4f05-9a1d-60cb622c3452","executionId":"100","success":false,"isManual":true,"workflowId":"KuUapQxZb2543JZU","workflowName":"My workflow","lastNodeExecuted":"Code4","errorNodeType":"n8n-nodes-base.code","errorMessage":"A 'json' property isn't an object [item 0]"}}
{"__type":"$$EventMessageConfirm","confirm":"28c63e00-ef9d-402b-a858-2fe7b8843c72","ts":"2025-09-16T17:11:56.141-04:00","source":{"id":"0","name":"eventBus"}}
{"__type":"$$EventMessageWorkflow","id":"e1f63b44-0187-4a23-97e2-b3f4da596633","ts":"2025-09-16T17:12:44.903-04:00","eventName":"n8n.workflow.started","message":"n8n.workflow.started","payload":{"executionId":"101","workflowId":"KuUapQxZb2543JZU","isManual":false,"workflowName":"My workflow"}}
{"__type":"$$EventMessageConfirm","confirm":"e1f63b44-0187-4a23-97e2-b3f4da596633","ts":"2025-09-16T17:12:44.904-04:00","source":{"id":"0","name":"eventBus"}}
{"__type":"$$EventMessageNode","id":"cac46070-54dc-4560-94ac-65786a0c86a9","ts":"2025-09-16T17:12:44.907-04:00","eventName":"n8n.node.started","message":"n8n.node.started","payload":{"workflowId":"KuUapQxZb2543JZU","workflowName":"My workflow","executionId":"101","nodeType":"n8n-nodes-base.code","nodeName":"Code4","nodeId":"4960cbb1-5fed-4ff1-8c54-80b5b0c7e640"}}
{"__type":"$$EventMessageConfirm","confirm":"cac46070-54dc-4560-94ac-65786a0c86a9","ts":"2025-09-16T17:12:44.907-04:00","source":{"id":"0","name":"eventBus"}}
{"__type":"$$EventMessageNode","id":"d8f05f9f-ad02-479a-8c8f-d308089c1db5","ts":"2025-09-16T17:12:44.920-04:00","eventName":"n8n.node.finished","message":"n8n.node.finished","payload":{"workflowId":"KuUapQxZb2543JZU","workflowName":"My workflow","executionId":"101","nodeType":"n8n-nodes-base.code","nodeName":"Code4","nodeId":"4960cbb1-5fed-4ff1-8c54-80b5b0c7e640"}}
{"__type":"$$EventMessageConfirm","confirm":"d8f05f9f-ad02-479a-8c8f-d308089c1db5","ts":"2025-09-16T17:12:44.920-04:00","source":{"id":"0","name":"eventBus"}}
{"__type":"$$EventMessageWorkflow","id":"bec422c5-9df5-4023-95fd-e6b333ab5828","ts":"2025-09-16T17:12:44.922-04:00","eventName":"n8n.workflow.failed","message":"n8n.workflow.failed","payload":{"userId":"4dcfbad3-4bf8-4f05-9a1d-60cb622c3452","executionId":"101","success":false,"isManual":true,"workflowId":"KuUapQxZb2543JZU","workflowName":"My workflow","lastNodeExecuted":"Code4","errorNodeType":"n8n-nodes-base.code","errorMessage":"A 'json' property isn't an object [item 0]"}}
{"__type":"$$EventMessageConfirm","confirm":"bec422c5-9df5-4023-95fd-e6b333ab5828","ts":"2025-09-16T17:12:44.922-04:00","source":{"id":"0","name":"eventBus"}}
{"__type":"$$EventMessageWorkflow","id":"5c40adf5-1faa-474e-a3a1-8f10301d8c9b","ts":"2025-09-16T17:13:33.153-04:00","eventName":"n8n.workflow.started","message":"n8n.workflow.started","payload":{"executionId":"102","workflowId":"KuUapQxZb2543JZU","isManual":false,"workflowName":"My workflow"}}
{"__type":"$$EventMessageConfirm","confirm":"5c40adf5-1faa-474e-a3a1-8f10301d8c9b","ts":"2025-09-16T17:13:33.153-04:00","source":{"id":"0","name":"eventBus"}}
{"__type":"$$EventMessageNode","id":"247d5abf-eb8d-41ca-903f-b5c813c30863","ts":"2025-09-16T17:13:33.159-04:00","eventName":"n8n.node.started","message":"n8n.node.started","payload":{"workflowId":"KuUapQxZb2543JZU","workflowName":"My workflow","executionId":"102","nodeType":"n8n-nodes-base.code","nodeName":"Code4","nodeId":"4960cbb1-5fed-4ff1-8c54-80b5b0c7e640"}}
{"__type":"$$EventMessageConfirm","confirm":"247d5abf-eb8d-41ca-903f-b5c813c30863","ts":"2025-09-16T17:13:33.159-04:00","source":{"id":"0","name":"eventBus"}}
{"__type":"$$EventMessageNode","id":"958c7d22-a5b1-4593-852d-50ae74b28c8e","ts":"2025-09-16T17:13:33.173-04:00","eventName":"n8n.node.finished","message":"n8n.node.finished","payload":{"workflowId":"KuUapQxZb2543JZU","workflowName":"My workflow","executionId":"102","nodeType":"n8n-nodes-base.code","nodeName":"Code4","nodeId":"4960cbb1-5fed-4ff1-8c54-80b5b0c7e640"}}
{"__type":"$$EventMessageConfirm","confirm":"958c7d22-a5b1-4593-852d-50ae74b28c8e","ts":"2025-09-16T17:13:33.173-04:00","source":{"id":"0","name":"eventBus"}}
{"__type":"$$EventMessageWorkflow","id":"a168476f-a4dc-42c7-8a01-64f940892f30","ts":"2025-09-16T17:13:33.175-04:00","eventName":"n8n.workflow.failed","message":"n8n.workflow.failed","payload":{"userId":"4dcfbad3-4bf8-4f05-9a1d-60cb622c3452","executionId":"102","success":false,"isManual":true,"workflowId":"KuUapQxZb2543JZU","workflowName":"My workflow","lastNodeExecuted":"Code4","errorNodeType":"n8n-nodes-base.code","errorMessage":"A 'json' property isn't an object [item 0]"}}
{"__type":"$$EventMessageConfirm","confirm":"a168476f-a4dc-42c7-8a01-64f940892f30","ts":"2025-09-16T17:13:33.176-04:00","source":{"id":"0","name":"eventBus"}}
{"__type":"$$EventMessageWorkflow","id":"8591e5a0-20fe-48bc-bbfa-019f7fb784b7","ts":"2025-09-16T17:13:42.595-04:00","eventName":"n8n.workflow.started","message":"n8n.workflow.started","payload":{"executionId":"103","workflowId":"KuUapQxZb2543JZU","isManual":false,"workflowName":"My workflow"}}
{"__type":"$$EventMessageConfirm","confirm":"8591e5a0-20fe-48bc-bbfa-019f7fb784b7","ts":"2025-09-16T17:13:42.595-04:00","source":{"id":"0","name":"eventBus"}}
{"__type":"$$EventMessageNode","id":"a205d1d5-c207-4337-bd0e-c0d12884d17b","ts":"2025-09-16T17:13:42.598-04:00","eventName":"n8n.node.started","message":"n8n.node.started","payload":{"workflowId":"KuUapQxZb2543JZU","workflowName":"My workflow","executionId":"103","nodeType":"n8n-nodes-base.code","nodeName":"Code4","nodeId":"4960cbb1-5fed-4ff1-8c54-80b5b0c7e640"}}
{"__type":"$$EventMessageConfirm","confirm":"a205d1d5-c207-4337-bd0e-c0d12884d17b","ts":"2025-09-16T17:13:42.599-04:00","source":{"id":"0","name":"eventBus"}}
{"__type":"$$EventMessageNode","id":"115fb06c-1fd4-4797-bf90-4ddae7af3c91","ts":"2025-09-16T17:13:42.612-04:00","eventName":"n8n.node.finished","message":"n8n.node.finished","payload":{"workflowId":"KuUapQxZb2543JZU","workflowName":"My workflow","executionId":"103","nodeType":"n8n-nodes-base.code","nodeName":"Code4","nodeId":"4960cbb1-5fed-4ff1-8c54-80b5b0c7e640"}}
{"__type":"$$EventMessageConfirm","confirm":"115fb06c-1fd4-4797-bf90-4ddae7af3c91","ts":"2025-09-16T17:13:42.612-04:00","source":{"id":"0","name":"eventBus"}}
{"__type":"$$EventMessageWorkflow","id":"125ee4f9-59c5-4dea-a0e2-f5b4d764ac0d","ts":"2025-09-16T17:13:42.617-04:00","eventName":"n8n.workflow.success","message":"n8n.workflow.success","payload":{"userId":"4dcfbad3-4bf8-4f05-9a1d-60cb622c3452","executionId":"103","success":true,"isManual":true,"workflowId":"KuUapQxZb2543JZU","workflowName":"My workflow"}}
{"__type":"$$EventMessageConfirm","confirm":"125ee4f9-59c5-4dea-a0e2-f5b4d764ac0d","ts":"2025-09-16T17:13:42.617-04:00","source":{"id":"0","name":"eventBus"}}
{"__type":"$$EventMessageAudit","id":"482fc970-c62d-4042-8c57-ae58118482ed","ts":"2025-09-16T17:14:07.376-04:00","eventName":"n8n.audit.workflow.updated","message":"n8n.audit.workflow.updated","payload":{"userId":"4dcfbad3-4bf8-4f05-9a1d-60cb622c3452","_email":"programmermoustafa@gmail.com","_firstName":"Moustafa","_lastName":"Haydar","globalRole":"global:owner","workflowId":"KuUapQxZb2543JZU","workflowName":"My workflow"}}
{"__type":"$$EventMessageConfirm","confirm":"482fc970-c62d-4042-8c57-ae58118482ed","ts":"2025-09-16T17:14:07.376-04:00","source":{"id":"0","name":"eventBus"}}
{"__type":"$$EventMessageWorkflow","id":"67cfede1-adef-4ee8-81a6-1ea877b793ab","ts":"2025-09-16T17:14:08.053-04:00","eventName":"n8n.workflow.started","message":"n8n.workflow.started","payload":{"executionId":"104","workflowId":"KuUapQxZb2543JZU","isManual":false,"workflowName":"My workflow"}}
{"__type":"$$EventMessageConfirm","confirm":"67cfede1-adef-4ee8-81a6-1ea877b793ab","ts":"2025-09-16T17:14:08.053-04:00","source":{"id":"0","name":"eventBus"}}
{"__type":"$$EventMessageNode","id":"246bdc44-8c39-4750-8604-42600f680af0","ts":"2025-09-16T17:14:08.058-04:00","eventName":"n8n.node.started","message":"n8n.node.started","payload":{"workflowId":"KuUapQxZb2543JZU","workflowName":"My workflow","executionId":"104","nodeType":"n8n-nodes-base.code","nodeName":"Code4","nodeId":"4960cbb1-5fed-4ff1-8c54-80b5b0c7e640"}}
{"__type":"$$EventMessageConfirm","confirm":"246bdc44-8c39-4750-8604-42600f680af0","ts":"2025-09-16T17:14:08.058-04:00","source":{"id":"0","name":"eventBus"}}
{"__type":"$$EventMessageNode","id":"13ae2540-0f55-4ee6-b42a-dbe6842bc6e5","ts":"2025-09-16T17:14:08.075-04:00","eventName":"n8n.node.finished","message":"n8n.node.finished","payload":{"workflowId":"KuUapQxZb2543JZU","workflowName":"My workflow","executionId":"104","nodeType":"n8n-nodes-base.code","nodeName":"Code4","nodeId":"4960cbb1-5fed-4ff1-8c54-80b5b0c7e640"}}
{"__type":"$$EventMessageConfirm","confirm":"13ae2540-0f55-4ee6-b42a-dbe6842bc6e5","ts":"2025-09-16T17:14:08.075-04:00","source":{"id":"0","name":"eventBus"}}
{"__type":"$$EventMessageWorkflow","id":"7c2784ac-ee19-4adc-b60d-dc4940f2642b","ts":"2025-09-16T17:14:08.080-04:00","eventName":"n8n.workflow.success","message":"n8n.workflow.success","payload":{"userId":"4dcfbad3-4bf8-4f05-9a1d-60cb622c3452","executionId":"104","success":true,"isManual":true,"workflowId":"KuUapQxZb2543JZU","workflowName":"My workflow"}}
{"__type":"$$EventMessageConfirm","confirm":"7c2784ac-ee19-4adc-b60d-dc4940f2642b","ts":"2025-09-16T17:14:08.080-04:00","source":{"id":"0","name":"eventBus"}}
{"__type":"$$EventMessageWorkflow","id":"32e21b85-db8b-4839-a880-cae39c5f9a1b","ts":"2025-09-16T17:14:31.041-04:00","eventName":"n8n.workflow.started","message":"n8n.workflow.started","payload":{"executionId":"105","workflowId":"KuUapQxZb2543JZU","isManual":false,"workflowName":"My workflow"}}
{"__type":"$$EventMessageConfirm","confirm":"32e21b85-db8b-4839-a880-cae39c5f9a1b","ts":"2025-09-16T17:14:31.041-04:00","source":{"id":"0","name":"eventBus"}}
{"__type":"$$EventMessageNode","id":"774cf7c8-3e06-42d2-a0fa-c7a5613ac9af","ts":"2025-09-16T17:14:31.048-04:00","eventName":"n8n.node.started","message":"n8n.node.started","payload":{"workflowId":"KuUapQxZb2543JZU","workflowName":"My workflow","executionId":"105","nodeType":"n8n-nodes-base.code","nodeName":"Code4","nodeId":"4960cbb1-5fed-4ff1-8c54-80b5b0c7e640"}}
{"__type":"$$EventMessageConfirm","confirm":"774cf7c8-3e06-42d2-a0fa-c7a5613ac9af","ts":"2025-09-16T17:14:31.048-04:00","source":{"id":"0","name":"eventBus"}}
